#
# A fatal error has been detected by the Java Runtime Environment:
#
#  EXCEPTION_ACCESS_VIOLATION (0xc0000005) at pc=0x00007ffca340b9a2, pid=1223276, tid=1223676
#
# JRE version: OpenJDK Runtime Environment (11.0.2+9) (build 11.0.2+9)
# Java VM: OpenJDK 64-Bit Server VM (11.0.2+9, mixed mode, tiered, compressed oops, g1 gc, windows-amd64)
# Problematic frame:
# C  [librdi_coregen.dll+0x72b9a2]
#
# No core dump will be written. Minidumps are not enabled by default on client versions of Windows
#
# If you would like to submit a bug report, please visit:
#   http://bugreport.java.com/bugreport/crash.jsp
# The crash happened outside the Java Virtual Machine in native code.
# See problematic frame for where to report the bug.
#

---------------  S U M M A R Y ------------

Command Line: -Dsun.java2d.pmoffscreen=false -Dhttps.protocols=TLSv1,TLSv1.1,TLSv1.2 -Dsun.java2d.xrender=false -Dsun.java2d.d3d=false -Dsun.awt.nopixfmt=true -Dsun.java2d.dpiaware=true -Dsun.java2d.uiScale.enabled=false -Xverify:none -Dswing.aatext=true -XX:-UsePerfData -Djdk.map.althashing.threshold=512 -XX:StringTableSize=4072 --add-opens=java.base/java.nio=ALL-UNNAMED --add-opens=java.desktop/sun.swing=ALL-UNNAMED --add-opens=java.desktop/javax.swing=ALL-UNNAMED --add-opens=java.desktop/javax.swing.tree=ALL-UNNAMED --add-opens=java.desktop/javax.swing.plaf.basic=ALL-UNNAMED --add-opens=java.desktop/javax.swing.plaf.synth=ALL-UNNAMED --add-opens=java.desktop/com.sun.awt=ALL-UNNAMED -XX:NewSize=60m -XX:MaxNewSize=60m -Xms128m -Xmx3072m -Xss5m 

Host: Intel(R) Core(TM) i9-9900KF CPU @ 3.60GHz, 16 cores, 31G,  Windows 10 , 64 bit Build 19041 (10.0.19041.662)
Time: Sat Feb  6 21:32:04 2021 中国标准时间 elapsed time: 7349 seconds (0d 2h 2m 29s)

---------------  T H R E A D  ---------------

Current thread (0x00000164c14aa000):  JavaThread "AWT-EventQueue-0" [_thread_in_native, id=1223676, stack(0x0000003646b00000,0x0000003647000000)]

Stack: [0x0000003646b00000,0x0000003647000000],  sp=0x0000003646ffcd50,  free space=5107k
Native frames: (J=compiled Java code, j=interpreted, Vv=VM code, C=native code)
C  [librdi_coregen.dll+0x72b9a2]
C  0x00000164d3b2f32d

Java frames: (J=compiled Java code, j=interpreted, Vv=VM code)
J 15763  ui.data.coregen.packagerEngine.TopFileObject_getName(J)Ljava/lang/String; (0 bytes) @ 0x00000164d3b2f291 [0x00000164d3b2f240+0x0000000000000051]
J 19186 c2 ui.data.coregen.cW.getName()Ljava/lang/String; (8 bytes) @ 0x00000164d403abd8 [0x00000164d403aba0+0x0000000000000038]
j  ui.views.cY.iJQ()Ljava/lang/String;+11
j  ui.views.cc.iJQ()Ljava/lang/String;+33
j  ui.views.cY.cp(Lui/data/bq;)V+29
j  ui.views.cY.iLK()V+41
j  ui.views.cc.iJT()V+82
J 23121 c1 ui.i.hd(Z)V (173 bytes) @ 0x00000164cd65c4f4 [0x00000164cd65ad40+0x00000000000017b4]
J 23197 c1 ui.i.handleTclEvent(Lui/frmwork/a/l;)V (103 bytes) @ 0x00000164cd57bee4 [0x00000164cd57b020+0x0000000000000ec4]
J 19867 c1 ui.frmwork.a.o.c(Lui/frmwork/a/l;)V (61 bytes) @ 0x00000164cde3e874 [0x00000164cde3e0c0+0x00000000000007b4]
J 19628 c1 ui.frmwork.E.i(JZ)V (471 bytes) @ 0x00000164cd9844bc [0x00000164cd980340+0x000000000000417c]
j  ui.frmwork.E.dQ(J)V+3
j  ui.frmwork.E$$Lambda$202.run()V+8
J 16106 c2 java.awt.event.InvocationEvent.dispatch()V java.desktop@11.0.2 (69 bytes) @ 0x00000164d3b7842c [0x00000164d3b78240+0x00000000000001ec]
J 16346 c2 java.awt.EventQueue$4.run()Ljava/lang/Object; java.desktop@11.0.2 (5 bytes) @ 0x00000164d3bc379c [0x00000164d3bc36e0+0x00000000000000bc]
v  ~StubRoutines::call_stub
J 4534  java.security.AccessController.doPrivileged(Ljava/security/PrivilegedAction;Ljava/security/AccessControlContext;)Ljava/lang/Object; java.base@11.0.2 (0 bytes) @ 0x00000164d3208cb6 [0x00000164d3208c40+0x0000000000000076]
J 15715 c2 java.awt.EventQueue.dispatchEvent(Ljava/awt/AWTEvent;)V java.desktop@11.0.2 (80 bytes) @ 0x00000164d3b10564 [0x00000164d3b0ffc0+0x00000000000005a4]
J 21696 c2 ui.frmwork.a.d.dispatchEvent(Ljava/awt/AWTEvent;)V (42 bytes) @ 0x00000164d433a198 [0x00000164d433a080+0x0000000000000118]
J 22010% c2 java.awt.EventDispatchThread.pumpEventsForFilter(ILjava/awt/Conditional;Ljava/awt/EventFilter;)V java.desktop@11.0.2 (47 bytes) @ 0x00000164d3939918 [0x00000164d3939760+0x00000000000001b8]
j  java.awt.EventDispatchThread.pumpEventsForHierarchy(ILjava/awt/Conditional;Ljava/awt/Component;)V+11 java.desktop@11.0.2
j  java.awt.EventDispatchThread.pumpEvents(ILjava/awt/Conditional;)V+4 java.desktop@11.0.2
j  java.awt.EventDispatchThread.pumpEvents(Ljava/awt/Conditional;)V+3 java.desktop@11.0.2
j  java.awt.EventDispatchThread.run()V+9 java.desktop@11.0.2
v  ~StubRoutines::call_stub

siginfo: EXCEPTION_ACCESS_VIOLATION (0xc0000005), reading address 0xffffffffffffffff


Register to memory mapping:

RIP=0x00007ffca340b9a2 librdi_coregen.dll
RAX=0x0056002f003a0047 is an unknown value
RBX=0x00000164c14aa340 points into unknown readable memory: a0 1c 16 ab fc 7f 00 00
RCX=0x00000164c0c68b60 points into unknown readable memory: 47 00 3a 00 2f 00 56 00
RDX=0x0000003646ffce60 is pointing into the stack for thread: 0x00000164c14aa000
RSP=0x0000003646ffcd50 is pointing into the stack for thread: 0x00000164c14aa000
RBP=0x0000003646ffce70 is pointing into the stack for thread: 0x00000164c14aa000
RSI=0x0000000740765918 is an oop: 
[error occurred during error reporting (printing register info), id 0xc0000005, EXCEPTION_ACCESS_VIOLATION (0xc0000005) at pc=0x00007ffcaad916ad]

Registers:
RAX=0x0056002f003a0047, RBX=0x00000164c14aa340, RCX=0x00000164c0c68b60, RDX=0x0000003646ffce60
RSP=0x0000003646ffcd50, RBP=0x0000003646ffce70, RSI=0x0000000740765918, RDI=0x0000000740327c80
R8 =0x00000164c0c68b60, R9 =0x00000000528b44f4, R10=0x00007ffca340b970, R11=0x00000164d403abc0
R12=0x0000000000000000, R13=0x0000003646ffcea8, R14=0x0000003646ffce60, R15=0x00000164c14aa000
RIP=0x00007ffca340b9a2, EFLAGS=0x0000000000010202

Top of Stack: (sp=0x0000003646ffcd50)
0x0000003646ffcd50:   00000007407643a0 00000004e83201c9
0x0000003646ffcd60:   0000000740327c80 0000000740327c80
0x0000003646ffcd70:   00000164c14aa340 fffffffffffffffe
0x0000003646ffcd80:   0000000741900e58 0000000741900e48
0x0000003646ffcd90:   0000000741900e48 00000164a84e0000
0x0000003646ffcda0:   00000000e8064f90 0000000741900e58
0x0000003646ffcdb0:   0000000400000007 000000074085f9e0
0x0000003646ffcdc0:   00000000e8112cde 00000007e810bf3c
0x0000003646ffcdd0:   00000007413a3aa8 000000074085f9a8
0x0000003646ffcde0:   0000000000000003 00000007420ce928
0x0000003646ffcdf0:   00000000e810bf35 00003cdc0dbeceb9
0x0000003646ffce00:   00000164bfd8dfc8 00000164d3b2f32d
0x0000003646ffce10:   0000000740327c80 00000164d3f1e650
0x0000003646ffce20:   0000000741900000 0000000740327c80
0x0000003646ffce30:   0000000740327c80 0000016400000000
0x0000003646ffce40:   000000000000001a 0000000740327c80 

Instructions: (pc=0x00007ffca340b9a2)
0x00007ffca340b982:   48 8b 05 77 c6 ae 01 48 33 c4 48 89 84 24 a8 00
0x00007ffca340b992:   00 00 48 8b d9 48 89 4c 24 20 49 8b 00 49 8b c8
0x00007ffca340b9a2:   ff 50 10 48 8b d0 48 83 78 18 10 72 03 48 8b 10
0x00007ffca340b9b2:   48 8b 03 48 8b cb ff 90 38 05 00 00 eb 02 33 c0 


Stack slot to memory mapping:
stack at sp + 0 slots: 0x00000007407643a0 is an oop: java.lang.String 
{0x00000007407643a0} - klass: 'java/lang/String'
stack at sp + 1 slots: 0x00000004e83201c9 is an unknown value
stack at sp + 2 slots: 0x0000000740327c80 is an oop: java.lang.String 
{0x0000000740327c80} - klass: 'java/lang/String'
stack at sp + 3 slots: 0x0000000740327c80 is an oop: java.lang.String 
{0x0000000740327c80} - klass: 'java/lang/String'
stack at sp + 4 slots: 0x00000164c14aa340 points into unknown readable memory: a0 1c 16 ab fc 7f 00 00
stack at sp + 5 slots: 0xfffffffffffffffe is an unknown value
stack at sp + 6 slots: 0x0000000741900e58 is an oop: [Ljava.lang.Object; 
{0x0000000741900e58} - klass: 'java/lang/Object'[]
 - length: 8
stack at sp + 7 slots: 0x0000000741900e48 is an oop: javax.swing.ArrayTable 
{0x0000000741900e48} - klass: 'javax/swing/ArrayTable'


---------------  P R O C E S S  ---------------

Threads class SMR info:
_java_thread_list=0x00000164c0d5f110, length=37, elements={
0x00000164e46a3000, 0x00000164a9531000, 0x00000164c5499800, 0x00000164e4f7e000,
0x00000164c549b000, 0x00000164c5568000, 0x00000164c556a000, 0x00000164cb3de000,
0x00000164e746c000, 0x00000164e7417800, 0x00000164e7971000, 0x00000164e7bfb800,
0x00000164e7d41000, 0x00000164c1022800, 0x00000164c14aa000, 0x00000164e7e7d800,
0x00000164c250d000, 0x00000164e7cc9800, 0x00000164c1687000, 0x00000164c1689800,
0x00000164c1685800, 0x00000164dab06800, 0x00000164dab0b800, 0x00000164dab07800,
0x00000164dab0c800, 0x00000164dab0f000, 0x00000164dab09000, 0x00000164dab15800,
0x00000164dab13000, 0x00000164dab0f800, 0x00000164c1684800, 0x00000164dab14800,
0x00000164dab08000, 0x00000164dab12000, 0x00000164dab13800, 0x00000164dab0e000,
0x00000164c1688000
}

Java Threads: ( => current thread )
  0x00000164e46a3000 JavaThread "main" [_thread_blocked, id=1220020, stack(0x0000003640700000,0x0000003640800000)]
  0x00000164a9531000 JavaThread "Reference Handler" daemon [_thread_blocked, id=1223408, stack(0x0000003642500000,0x0000003642a00000)]
  0x00000164c5499800 JavaThread "Finalizer" daemon [_thread_blocked, id=1223468, stack(0x0000003642a00000,0x0000003642f00000)]
  0x00000164e4f7e000 JavaThread "Signal Dispatcher" daemon [_thread_blocked, id=1221636, stack(0x0000003642f00000,0x0000003643400000)]
  0x00000164c549b000 JavaThread "Attach Listener" daemon [_thread_blocked, id=1223516, stack(0x0000003643400000,0x0000003643900000)]
  0x00000164c5568000 JavaThread "C2 CompilerThread0" daemon [_thread_blocked, id=1223412, stack(0x0000003643900000,0x0000003643a00000)]
  0x00000164c556a000 JavaThread "C1 CompilerThread0" daemon [_thread_blocked, id=1223524, stack(0x0000003643a00000,0x0000003643b00000)]
  0x00000164cb3de000 JavaThread "Sweeper thread" daemon [_thread_blocked, id=1223560, stack(0x0000003643b00000,0x0000003644000000)]
  0x00000164e746c000 JavaThread "Common-Cleaner" daemon [_thread_blocked, id=1223492, stack(0x0000003644300000,0x0000003644800000)]
  0x00000164e7417800 JavaThread "Service Thread" daemon [_thread_blocked, id=1216536, stack(0x0000003644800000,0x0000003644d00000)]
  0x00000164e7971000 JavaThread "Java2D Disposer" daemon [_thread_blocked, id=1222340, stack(0x0000003644f00000,0x0000003645400000)]
  0x00000164e7bfb800 JavaThread "AWT-Shutdown" [_thread_blocked, id=1222632, stack(0x0000003645400000,0x0000003645900000)]
  0x00000164e7d41000 JavaThread "AWT-Windows" daemon [_thread_in_native, id=1220652, stack(0x0000003645900000,0x0000003645e00000)]
  0x00000164c1022800 JavaThread "TimerQueue" daemon [_thread_blocked, id=1220644, stack(0x0000003645e00000,0x0000003646300000)]
=>0x00000164c14aa000 JavaThread "AWT-EventQueue-0" [_thread_in_native, id=1223676, stack(0x0000003646b00000,0x0000003647000000)]
  0x00000164e7e7d800 JavaThread "Thread-1" [_thread_in_native, id=1217332, stack(0x0000003640800000,0x0000003641c00000)]
  0x00000164c250d000 JavaThread "Process Messages Thread" [_thread_blocked, id=1223672, stack(0x0000003647700000,0x0000003647c00000)]
  0x00000164e7cc9800 JavaThread "Batik CleanerThread" daemon [_thread_blocked, id=1223200, stack(0x0000003647000000,0x0000003647500000)]
  0x00000164c1687000 JavaThread "SyntheticaCleanerThread" daemon [_thread_blocked, id=382868, stack(0x0000003649000000,0x0000003649500000)]
  0x00000164c1689800 JavaThread "Monitor HEventQueue Thread" [_thread_blocked, id=382460, stack(0x0000003649500000,0x0000003649a00000)]
  0x00000164c1685800 JavaThread "SyntheticaAnimation 50" daemon [_thread_blocked, id=1211736, stack(0x0000003649a00000,0x0000003649f00000)]
  0x00000164dab06800 JavaThread "SyntheticaAnimation 25" daemon [_thread_blocked, id=1223532, stack(0x000000364a100000,0x000000364a600000)]
  0x00000164dab0b800 JavaThread "SyntheticaAnimation 70" daemon [_thread_blocked, id=1223364, stack(0x000000364ad00000,0x000000364b200000)]
  0x00000164dab07800 JavaThread "Refresh Filesets Swing Worker Thread" [_thread_blocked, id=1218504, stack(0x000000364b200000,0x000000364b700000)]
  0x00000164dab0c800 JavaThread "hw_ila_monitor" [_thread_blocked, id=1221924, stack(0x000000364b700000,0x000000364bc00000)]
  0x00000164dab0f000 JavaThread "pool-2-thread-1" [_thread_blocked, id=1223036, stack(0x000000364c100000,0x000000364c600000)]
  0x00000164dab09000 JavaThread "pool-3-thread-1" [_thread_blocked, id=1222240, stack(0x000000364c600000,0x000000364cb00000)]
  0x00000164dab15800 JavaThread "pool-4-thread-1" [_thread_blocked, id=1222120, stack(0x000000364cb00000,0x000000364d000000)]
  0x00000164dab13000 JavaThread "Update Runs Swing Worker Thread" [_thread_blocked, id=1223204, stack(0x000000364d500000,0x000000364da00000)]
  0x00000164dab0f800 JavaThread "SyntheticaAnimation 50" daemon [_thread_blocked, id=1222824, stack(0x0000003646300000,0x0000003646800000)]
  0x00000164c1684800 JavaThread "Swing-Shell" daemon [_thread_blocked, id=1223896, stack(0x0000003648a00000,0x0000003648f00000)]
  0x00000164dab14800 JavaThread "Image Animator 0" daemon [_thread_blocked, id=1225216, stack(0x000000364ee00000,0x000000364f300000)]
  0x00000164dab08000 JavaThread "SyntheticaAnimation 50" daemon [_thread_blocked, id=1261684, stack(0x000000364da00000,0x000000364df00000)]
  0x00000164dab12000 JavaThread "FileSystemWatchService" daemon [_thread_in_native, id=1262008, stack(0x000000364bc00000,0x000000364c100000)]
  0x00000164dab13800 JavaThread "c" [_thread_blocked, id=1262012, stack(0x000000364e400000,0x000000364e900000)]
  0x00000164dab0e000 JavaThread "C1 CompilerThread1" daemon [_thread_blocked, id=1261872, stack(0x0000003644e00000,0x0000003644f00000)]
  0x00000164c1688000 JavaThread "Package IP Thread" [_thread_blocked, id=1262560, stack(0x000000364a700000,0x000000364ac00000)]

Other Threads:
  0x00000164c5915000 VMThread "VM Thread" [stack: 0x0000003642400000,0x0000003642500000] [id=1223404]
  0x00000164c595f800 WatcherThread [stack: 0x0000003644d00000,0x0000003644e00000] [id=1223488]
  0x00000164c55a8000 GCTaskThread "GC Thread#0" [stack: 0x0000003641f00000,0x0000003642000000] [id=1219820]
  0x00000164c16bd800 GCTaskThread "GC Thread#1" [stack: 0x0000003647c00000,0x0000003647d00000] [id=1222676]
  0x00000164c0a9b800 GCTaskThread "GC Thread#2" [stack: 0x0000003647d00000,0x0000003647e00000] [id=1218840]
  0x00000164c2acf800 GCTaskThread "GC Thread#3" [stack: 0x0000003647e00000,0x0000003647f00000] [id=1223068]
  0x00000164c142d000 GCTaskThread "GC Thread#4" [stack: 0x0000003647f00000,0x0000003648000000] [id=1223064]
  0x00000164c1617800 GCTaskThread "GC Thread#5" [stack: 0x0000003648000000,0x0000003648100000] [id=1223056]
  0x00000164c2e2b800 GCTaskThread "GC Thread#6" [stack: 0x0000003648100000,0x0000003648200000] [id=1219636]
  0x00000164c2442800 GCTaskThread "GC Thread#7" [stack: 0x0000003648200000,0x0000003648300000] [id=1219000]
  0x00000164c2192800 GCTaskThread "GC Thread#8" [stack: 0x0000003648300000,0x0000003648400000] [id=1219260]
  0x00000164c2193000 GCTaskThread "GC Thread#9" [stack: 0x0000003648400000,0x0000003648500000] [id=1223096]
  0x00000164c219d000 GCTaskThread "GC Thread#10" [stack: 0x0000003648500000,0x0000003648600000] [id=1223116]
  0x00000164c219d800 GCTaskThread "GC Thread#11" [stack: 0x0000003648600000,0x0000003648700000] [id=1222668]
  0x00000164db662000 GCTaskThread "GC Thread#12" [stack: 0x000000364ac00000,0x000000364ad00000] [id=1223540]
  0x00000164c58ec000 ConcurrentGCThread "G1 Main Marker" [stack: 0x0000003642000000,0x0000003642100000] [id=1222128]
  0x00000164c5919000 ConcurrentGCThread "G1 Conc#0" [stack: 0x0000003642100000,0x0000003642200000] [id=1223456]
  0x00000164c0a34800 ConcurrentGCThread "G1 Conc#1" [stack: 0x0000003648800000,0x0000003648900000] [id=1223192]
  0x00000164c0a35000 ConcurrentGCThread "G1 Conc#2" [stack: 0x0000003648900000,0x0000003648a00000] [id=1223076]
  0x00000164c55d3800 ConcurrentGCThread "G1 Refine#0" [stack: 0x0000003642200000,0x0000003642300000] [id=1223460]
  0x00000164c17b6800 ConcurrentGCThread "G1 Refine#1" [stack: 0x0000003648700000,0x0000003648800000] [id=1213448]
  0x00000164dad1a800 ConcurrentGCThread "G1 Refine#2" [stack: 0x000000364a600000,0x000000364a700000] [id=1223512]
  0x00000164c0c39000 ConcurrentGCThread "G1 Refine#3" [stack: 0x0000003640500000,0x0000003640600000] [id=382568]
  0x00000164ef011800 ConcurrentGCThread "G1 Refine#4" [stack: 0x0000003640600000,0x0000003640700000] [id=382928]
  0x00000164f1b19800 ConcurrentGCThread "G1 Refine#5" [stack: 0x0000003644000000,0x0000003644100000] [id=1221124]
  0x00000164c2929800 ConcurrentGCThread "G1 Refine#6" [stack: 0x0000003640400000,0x0000003640500000] [id=1199116]
  0x00000164c2929000 ConcurrentGCThread "G1 Refine#7" [stack: 0x0000003644100000,0x0000003644200000] [id=1223608]
  0x00000164c2923000 ConcurrentGCThread "G1 Refine#8" [stack: 0x0000003644200000,0x0000003644300000] [id=1202776]
  0x00000164c2924800 ConcurrentGCThread "G1 Refine#9" [stack: 0x0000003646800000,0x0000003646900000] [id=1224044]
  0x00000164c55d4000 ConcurrentGCThread "G1 Young RemSet Sampling" [stack: 0x0000003642300000,0x0000003642400000] [id=1223464]

Threads with active compile tasks:

VM state:not at safepoint (normal execution)

VM Mutex/Monitor currently owned by a thread: None

Heap address: 0x0000000740000000, size: 3072 MB, Compressed Oops mode: Zero based, Oop shift amount: 3
Narrow klass base: 0x0000000800000000, Narrow klass shift: 0
Compressed class space size: 1073741824 Address: 0x0000000800000000

Heap:
 garbage-first heap   total 342016K, used 248383K [0x0000000740000000, 0x0000000800000000)
  region size 1024K, 55 young (56320K), 6 survivors (6144K)
 Metaspace       used 99862K, capacity 101138K, committed 105296K, reserved 1138688K
  class space    used 13626K, capacity 14149K, committed 15616K, reserved 1048576K
Heap Regions: E=young(eden), S=young(survivor), O=old, HS=humongous(starts), HC=humongous(continues), CS=collection set, F=free, A=archive, TAMS=top-at-mark-start (previous, next)
|   0|0x0000000740000000, 0x0000000740100000, 0x0000000740100000|100%|HS|  |TAMS 0x0000000740100000, 0x0000000740000000| Complete 
|   1|0x0000000740100000, 0x0000000740200000, 0x0000000740200000|100%|HC|  |TAMS 0x0000000740200000, 0x0000000740100000| Complete 
|   2|0x0000000740200000, 0x0000000740300000, 0x0000000740300000|100%|HS|  |TAMS 0x0000000740300000, 0x0000000740200000| Complete 
|   3|0x0000000740300000, 0x00000007403ffec0, 0x0000000740400000| 99%| O|  |TAMS 0x00000007403ffec0, 0x0000000740300000| Untracked 
|   4|0x0000000740400000, 0x0000000740500000, 0x0000000740500000|100%| O|  |TAMS 0x0000000740500000, 0x0000000740400000| Untracked 
|   5|0x0000000740500000, 0x0000000740600000, 0x0000000740600000|100%| O|  |TAMS 0x0000000740600000, 0x0000000740500000| Untracked 
|   6|0x0000000740600000, 0x00000007406fffd0, 0x0000000740700000| 99%| O|  |TAMS 0x00000007406fffd0, 0x0000000740600000| Untracked 
|   7|0x0000000740700000, 0x00000007407fffd8, 0x0000000740800000| 99%| O|  |TAMS 0x00000007407fffd8, 0x0000000740700000| Untracked 
|   8|0x0000000740800000, 0x00000007408ffff0, 0x0000000740900000| 99%| O|  |TAMS 0x00000007408ffff0, 0x0000000740800000| Untracked 
|   9|0x0000000740900000, 0x00000007409ffff8, 0x0000000740a00000| 99%| O|  |TAMS 0x00000007409ffff8, 0x0000000740900000| Untracked 
|  10|0x0000000740a00000, 0x0000000740afffe8, 0x0000000740b00000| 99%| O|  |TAMS 0x0000000740afffe8, 0x0000000740a00000| Untracked 
|  11|0x0000000740b00000, 0x0000000740bffe70, 0x0000000740c00000| 99%| O|  |TAMS 0x0000000740bffe70, 0x0000000740b00000| Untracked 
|  12|0x0000000740c00000, 0x0000000740cfbca0, 0x0000000740d00000| 98%| O|  |TAMS 0x0000000740cfbca0, 0x0000000740c00000| Untracked 
|  13|0x0000000740d00000, 0x0000000740dfd728, 0x0000000740e00000| 99%| O|  |TAMS 0x0000000740dfd728, 0x0000000740d00000| Untracked 
|  14|0x0000000740e00000, 0x0000000740efeae0, 0x0000000740f00000| 99%| O|  |TAMS 0x0000000740efeae0, 0x0000000740e00000| Untracked 
|  15|0x0000000740f00000, 0x0000000740fffff8, 0x0000000741000000| 99%| O|  |TAMS 0x0000000740fffff8, 0x0000000740f00000| Untracked 
|  16|0x0000000741000000, 0x00000007410fad40, 0x0000000741100000| 97%| O|  |TAMS 0x00000007410fad40, 0x0000000741000000| Untracked 
|  17|0x0000000741100000, 0x0000000741200000, 0x0000000741200000|100%| O|  |TAMS 0x0000000741200000, 0x0000000741100000| Untracked 
|  18|0x0000000741200000, 0x00000007412ffe90, 0x0000000741300000| 99%| O|  |TAMS 0x00000007412ffe90, 0x0000000741200000| Untracked 
|  19|0x0000000741300000, 0x00000007413ffff0, 0x0000000741400000| 99%| O|  |TAMS 0x00000007413ffff0, 0x0000000741300000| Untracked 
|  20|0x0000000741400000, 0x00000007414fc070, 0x0000000741500000| 98%| O|  |TAMS 0x00000007414fc070, 0x0000000741400000| Untracked 
|  21|0x0000000741500000, 0x00000007415fffe8, 0x0000000741600000| 99%| O|  |TAMS 0x00000007415fffe8, 0x0000000741500000| Untracked 
|  22|0x0000000741600000, 0x00000007416feb40, 0x0000000741700000| 99%| O|  |TAMS 0x00000007416feb40, 0x0000000741600000| Untracked 
|  23|0x0000000741700000, 0x0000000741800000, 0x0000000741800000|100%| O|  |TAMS 0x0000000741800000, 0x0000000741700000| Untracked 
|  24|0x0000000741800000, 0x0000000741900000, 0x0000000741900000|100%| O|  |TAMS 0x0000000741900000, 0x0000000741800000| Untracked 
|  25|0x0000000741900000, 0x0000000741a00000, 0x0000000741a00000|100%| O|  |TAMS 0x0000000741a00000, 0x0000000741900000| Untracked 
|  26|0x0000000741a00000, 0x0000000741afffe8, 0x0000000741b00000| 99%| O|  |TAMS 0x0000000741afffe8, 0x0000000741a00000| Untracked 
|  27|0x0000000741b00000, 0x0000000741bfffb0, 0x0000000741c00000| 99%| O|  |TAMS 0x0000000741bfffb0, 0x0000000741b00000| Untracked 
|  28|0x0000000741c00000, 0x0000000741cffff0, 0x0000000741d00000| 99%| O|  |TAMS 0x0000000741cffff0, 0x0000000741c00000| Untracked 
|  29|0x0000000741d00000, 0x0000000741e00000, 0x0000000741e00000|100%| O|  |TAMS 0x0000000741e00000, 0x0000000741d00000| Untracked 
|  30|0x0000000741e00000, 0x0000000741effff0, 0x0000000741f00000| 99%| O|  |TAMS 0x0000000741effff0, 0x0000000741e00000| Untracked 
|  31|0x0000000741f00000, 0x0000000741fffff0, 0x0000000742000000| 99%| O|  |TAMS 0x0000000741fffff0, 0x0000000741f00000| Untracked 
|  32|0x0000000742000000, 0x00000007420ffff0, 0x0000000742100000| 99%| O|  |TAMS 0x00000007420ffff0, 0x0000000742000000| Untracked 
|  33|0x0000000742100000, 0x00000007421ffd38, 0x0000000742200000| 99%| O|  |TAMS 0x00000007421ffd38, 0x0000000742100000| Untracked 
|  34|0x0000000742200000, 0x00000007422ffe68, 0x0000000742300000| 99%| O|  |TAMS 0x00000007422ffe68, 0x0000000742200000| Untracked 
|  35|0x0000000742300000, 0x00000007423fffb8, 0x0000000742400000| 99%| O|  |TAMS 0x00000007423fffb8, 0x0000000742300000| Untracked 
|  36|0x0000000742400000, 0x00000007424ffff0, 0x0000000742500000| 99%| O|  |TAMS 0x00000007424ffff0, 0x0000000742400000| Untracked 
|  37|0x0000000742500000, 0x00000007425fffe0, 0x0000000742600000| 99%| O|  |TAMS 0x00000007425fffe0, 0x0000000742500000| Untracked 
|  38|0x0000000742600000, 0x00000007426ffff8, 0x0000000742700000| 99%| O|  |TAMS 0x00000007426ffff8, 0x0000000742600000| Untracked 
|  39|0x0000000742700000, 0x0000000742800000, 0x0000000742800000|100%| O|  |TAMS 0x0000000742800000, 0x0000000742700000| Untracked 
|  40|0x0000000742800000, 0x0000000742900000, 0x0000000742900000|100%|HS|  |TAMS 0x0000000742900000, 0x0000000742800000| Complete 
|  41|0x0000000742900000, 0x0000000742a00000, 0x0000000742a00000|100%|HC|  |TAMS 0x0000000742a00000, 0x0000000742900000| Complete 
|  42|0x0000000742a00000, 0x0000000742b00000, 0x0000000742b00000|100%|HC|  |TAMS 0x0000000742b00000, 0x0000000742a00000| Complete 
|  43|0x0000000742b00000, 0x0000000742c00000, 0x0000000742c00000|100%|HC|  |TAMS 0x0000000742c00000, 0x0000000742b00000| Complete 
|  44|0x0000000742c00000, 0x0000000742d00000, 0x0000000742d00000|100%|HC|  |TAMS 0x0000000742d00000, 0x0000000742c00000| Complete 
|  45|0x0000000742d00000, 0x0000000742e00000, 0x0000000742e00000|100%|HC|  |TAMS 0x0000000742e00000, 0x0000000742d00000| Complete 
|  46|0x0000000742e00000, 0x0000000742f00000, 0x0000000742f00000|100%|HC|  |TAMS 0x0000000742f00000, 0x0000000742e00000| Complete 
|  47|0x0000000742f00000, 0x0000000743000000, 0x0000000743000000|100%|HC|  |TAMS 0x0000000743000000, 0x0000000742f00000| Complete 
|  48|0x0000000743000000, 0x0000000743100000, 0x0000000743100000|100%|HC|  |TAMS 0x0000000743100000, 0x0000000743000000| Complete 
|  49|0x0000000743100000, 0x0000000743200000, 0x0000000743200000|100%|HC|  |TAMS 0x0000000743200000, 0x0000000743100000| Complete 
|  50|0x0000000743200000, 0x0000000743300000, 0x0000000743300000|100%|HC|  |TAMS 0x0000000743300000, 0x0000000743200000| Complete 
|  51|0x0000000743300000, 0x0000000743400000, 0x0000000743400000|100%|HC|  |TAMS 0x0000000743400000, 0x0000000743300000| Complete 
|  52|0x0000000743400000, 0x0000000743500000, 0x0000000743500000|100%|HC|  |TAMS 0x0000000743500000, 0x0000000743400000| Complete 
|  53|0x0000000743500000, 0x0000000743600000, 0x0000000743600000|100%|HC|  |TAMS 0x0000000743600000, 0x0000000743500000| Complete 
|  54|0x0000000743600000, 0x00000007436fffe8, 0x0000000743700000| 99%| O|  |TAMS 0x00000007436fffe8, 0x0000000743600000| Untracked 
|  55|0x0000000743700000, 0x00000007437ffff8, 0x0000000743800000| 99%| O|  |TAMS 0x00000007437ffff8, 0x0000000743700000| Untracked 
|  56|0x0000000743800000, 0x0000000743900000, 0x0000000743900000|100%| O|  |TAMS 0x0000000743900000, 0x0000000743800000| Untracked 
|  57|0x0000000743900000, 0x00000007439ffff8, 0x0000000743a00000| 99%| O|  |TAMS 0x00000007439ffff8, 0x0000000743900000| Untracked 
|  58|0x0000000743a00000, 0x0000000743affff8, 0x0000000743b00000| 99%| O|  |TAMS 0x0000000743affff8, 0x0000000743a00000| Untracked 
|  59|0x0000000743b00000, 0x0000000743bffff8, 0x0000000743c00000| 99%| O|  |TAMS 0x0000000743bffff8, 0x0000000743b00000| Untracked 
|  60|0x0000000743c00000, 0x0000000743cfffe8, 0x0000000743d00000| 99%| O|  |TAMS 0x0000000743cfffe8, 0x0000000743c00000| Untracked 
|  61|0x0000000743d00000, 0x0000000743dffff8, 0x0000000743e00000| 99%| O|  |TAMS 0x0000000743dffff8, 0x0000000743d00000| Untracked 
|  62|0x0000000743e00000, 0x0000000743efffc0, 0x0000000743f00000| 99%| O|  |TAMS 0x0000000743efffc0, 0x0000000743e00000| Untracked 
|  63|0x0000000743f00000, 0x0000000743ffff00, 0x0000000744000000| 99%| O|  |TAMS 0x0000000743ffff00, 0x0000000743f00000| Untracked 
|  64|0x0000000744000000, 0x00000007440fffd0, 0x0000000744100000| 99%| O|  |TAMS 0x00000007440fffd0, 0x0000000744000000| Untracked 
|  65|0x0000000744100000, 0x00000007441ffff8, 0x0000000744200000| 99%| O|  |TAMS 0x00000007441ffff8, 0x0000000744100000| Untracked 
|  66|0x0000000744200000, 0x00000007442ffff0, 0x0000000744300000| 99%| O|  |TAMS 0x00000007442ffff0, 0x0000000744200000| Untracked 
|  67|0x0000000744300000, 0x00000007443ffff0, 0x0000000744400000| 99%| O|  |TAMS 0x00000007443ffff0, 0x0000000744300000| Untracked 
|  68|0x0000000744400000, 0x00000007444fffe8, 0x0000000744500000| 99%| O|  |TAMS 0x00000007444fffe8, 0x0000000744400000| Untracked 
|  69|0x0000000744500000, 0x0000000744600000, 0x0000000744600000|100%| O|  |TAMS 0x0000000744600000, 0x0000000744500000| Untracked 
|  70|0x0000000744600000, 0x00000007446ffff8, 0x0000000744700000| 99%| O|  |TAMS 0x00000007446ffff8, 0x0000000744600000| Untracked 
|  71|0x0000000744700000, 0x00000007447ffff8, 0x0000000744800000| 99%| O|  |TAMS 0x00000007447ffff8, 0x0000000744700000| Untracked 
|  72|0x0000000744800000, 0x00000007448ffff0, 0x0000000744900000| 99%| O|  |TAMS 0x00000007448ffff0, 0x0000000744800000| Untracked 
|  73|0x0000000744900000, 0x00000007449fff10, 0x0000000744a00000| 99%| O|  |TAMS 0x00000007449fff10, 0x0000000744900000| Untracked 
|  74|0x0000000744a00000, 0x0000000744b00000, 0x0000000744b00000|100%| O|  |TAMS 0x0000000744b00000, 0x0000000744a00000| Untracked 
|  75|0x0000000744b00000, 0x0000000744bfffe8, 0x0000000744c00000| 99%| O|  |TAMS 0x0000000744bfffe8, 0x0000000744b00000| Untracked 
|  76|0x0000000744c00000, 0x0000000744cfff68, 0x0000000744d00000| 99%| O|  |TAMS 0x0000000744cfff68, 0x0000000744c00000| Untracked 
|  77|0x0000000744d00000, 0x0000000744dfffd8, 0x0000000744e00000| 99%| O|  |TAMS 0x0000000744dfffd8, 0x0000000744d00000| Untracked 
|  78|0x0000000744e00000, 0x0000000744efff18, 0x0000000744f00000| 99%| O|  |TAMS 0x0000000744efff18, 0x0000000744e00000| Untracked 
|  79|0x0000000744f00000, 0x0000000744ffffe8, 0x0000000745000000| 99%| O|  |TAMS 0x0000000744ffffe8, 0x0000000744f00000| Untracked 
|  80|0x0000000745000000, 0x0000000745100000, 0x0000000745100000|100%| O|  |TAMS 0x0000000745100000, 0x0000000745000000| Untracked 
|  81|0x0000000745100000, 0x00000007451fdce0, 0x0000000745200000| 99%| O|  |TAMS 0x00000007451fdce0, 0x0000000745100000| Untracked 
|  82|0x0000000745200000, 0x00000007452ffff0, 0x0000000745300000| 99%| O|  |TAMS 0x00000007452ffff0, 0x0000000745200000| Untracked 
|  83|0x0000000745300000, 0x00000007453ff820, 0x0000000745400000| 99%| O|  |TAMS 0x00000007453ff820, 0x0000000745300000| Untracked 
|  84|0x0000000745400000, 0x00000007454ffd78, 0x0000000745500000| 99%| O|  |TAMS 0x00000007454ffd78, 0x0000000745400000| Untracked 
|  85|0x0000000745500000, 0x00000007455fffe8, 0x0000000745600000| 99%| O|  |TAMS 0x00000007455fffe8, 0x0000000745500000| Untracked 
|  86|0x0000000745600000, 0x00000007456ffea0, 0x0000000745700000| 99%| O|  |TAMS 0x00000007456ffea0, 0x0000000745600000| Untracked 
|  87|0x0000000745700000, 0x00000007457fff20, 0x0000000745800000| 99%| O|  |TAMS 0x00000007457fff20, 0x0000000745700000| Untracked 
|  88|0x0000000745800000, 0x00000007458ffee8, 0x0000000745900000| 99%| O|  |TAMS 0x00000007458ffee8, 0x0000000745800000| Untracked 
|  89|0x0000000745900000, 0x00000007459ffff0, 0x0000000745a00000| 99%| O|  |TAMS 0x00000007459ffff0, 0x0000000745900000| Untracked 
|  90|0x0000000745a00000, 0x0000000745b00000, 0x0000000745b00000|100%| O|  |TAMS 0x0000000745b00000, 0x0000000745a00000| Untracked 
|  91|0x0000000745b00000, 0x0000000745bffff8, 0x0000000745c00000| 99%| O|  |TAMS 0x0000000745bffff8, 0x0000000745b00000| Untracked 
|  92|0x0000000745c00000, 0x0000000745cffff8, 0x0000000745d00000| 99%| O|  |TAMS 0x0000000745cffff8, 0x0000000745c00000| Untracked 
|  93|0x0000000745d00000, 0x0000000745dfffe8, 0x0000000745e00000| 99%| O|  |TAMS 0x0000000745dfffe8, 0x0000000745d00000| Untracked 
|  94|0x0000000745e00000, 0x0000000745effff8, 0x0000000745f00000| 99%| O|  |TAMS 0x0000000745effff8, 0x0000000745e00000| Untracked 
|  95|0x0000000745f00000, 0x0000000745fd1308, 0x0000000746000000| 81%| O|  |TAMS 0x0000000745fd1308, 0x0000000745f00000| Untracked 
|  96|0x0000000746000000, 0x0000000746100000, 0x0000000746100000|100%| O|  |TAMS 0x0000000746100000, 0x0000000746000000| Untracked 
|  97|0x0000000746100000, 0x00000007461feb30, 0x0000000746200000| 99%| O|  |TAMS 0x00000007461feb30, 0x0000000746100000| Untracked 
|  98|0x0000000746200000, 0x00000007462e6700, 0x0000000746300000| 90%| O|  |TAMS 0x00000007462e6700, 0x0000000746200000| Untracked 
|  99|0x0000000746300000, 0x0000000746400000, 0x0000000746400000|100%| O|  |TAMS 0x0000000746400000, 0x0000000746300000| Untracked 
| 100|0x0000000746400000, 0x0000000746500000, 0x0000000746500000|100%| O|  |TAMS 0x0000000746500000, 0x0000000746400000| Untracked 
| 101|0x0000000746500000, 0x0000000746600000, 0x0000000746600000|100%| O|  |TAMS 0x0000000746600000, 0x0000000746500000| Untracked 
| 102|0x0000000746600000, 0x0000000746700000, 0x0000000746700000|100%| O|  |TAMS 0x0000000746700000, 0x0000000746600000| Untracked 
| 103|0x0000000746700000, 0x00000007467fffe8, 0x0000000746800000| 99%| O|  |TAMS 0x00000007467fffe8, 0x0000000746700000| Untracked 
| 104|0x0000000746800000, 0x0000000746900000, 0x0000000746900000|100%| O|  |TAMS 0x0000000746900000, 0x0000000746800000| Untracked 
| 105|0x0000000746900000, 0x0000000746a00000, 0x0000000746a00000|100%| O|  |TAMS 0x0000000746a00000, 0x0000000746900000| Untracked 
| 106|0x0000000746a00000, 0x0000000746b00000, 0x0000000746b00000|100%| O|  |TAMS 0x0000000746b00000, 0x0000000746a00000| Untracked 
| 107|0x0000000746b00000, 0x0000000746c00000, 0x0000000746c00000|100%| O|  |TAMS 0x0000000746c00000, 0x0000000746b00000| Untracked 
| 108|0x0000000746c00000, 0x0000000746d00000, 0x0000000746d00000|100%| O|  |TAMS 0x0000000746d00000, 0x0000000746c00000| Untracked 
| 109|0x0000000746d00000, 0x0000000746e00000, 0x0000000746e00000|100%| O|  |TAMS 0x0000000746e00000, 0x0000000746d00000| Untracked 
| 110|0x0000000746e00000, 0x0000000746f00000, 0x0000000746f00000|100%| O|  |TAMS 0x0000000746f00000, 0x0000000746e00000| Untracked 
| 111|0x0000000746f00000, 0x0000000747000000, 0x0000000747000000|100%| O|  |TAMS 0x0000000747000000, 0x0000000746f00000| Untracked 
| 112|0x0000000747000000, 0x0000000747100000, 0x0000000747100000|100%| O|  |TAMS 0x0000000747100000, 0x0000000747000000| Untracked 
| 113|0x0000000747100000, 0x0000000747200000, 0x0000000747200000|100%| O|  |TAMS 0x0000000747200000, 0x0000000747100000| Untracked 
| 114|0x0000000747200000, 0x0000000747300000, 0x0000000747300000|100%| O|  |TAMS 0x0000000747300000, 0x0000000747200000| Untracked 
| 115|0x0000000747300000, 0x0000000747400000, 0x0000000747400000|100%| O|  |TAMS 0x0000000747400000, 0x0000000747300000| Untracked 
| 116|0x0000000747400000, 0x0000000747500000, 0x0000000747500000|100%| O|  |TAMS 0x0000000747500000, 0x0000000747400000| Untracked 
| 117|0x0000000747500000, 0x0000000747600000, 0x0000000747600000|100%| O|  |TAMS 0x0000000747600000, 0x0000000747500000| Untracked 
| 118|0x0000000747600000, 0x0000000747700000, 0x0000000747700000|100%| O|  |TAMS 0x0000000747700000, 0x0000000747600000| Untracked 
| 119|0x0000000747700000, 0x0000000747800000, 0x0000000747800000|100%| O|  |TAMS 0x0000000747800000, 0x0000000747700000| Untracked 
| 120|0x0000000747800000, 0x0000000747900000, 0x0000000747900000|100%| O|  |TAMS 0x0000000747900000, 0x0000000747800000| Untracked 
| 121|0x0000000747900000, 0x0000000747a00000, 0x0000000747a00000|100%| O|  |TAMS 0x0000000747a00000, 0x0000000747900000| Untracked 
| 122|0x0000000747a00000, 0x0000000747b00000, 0x0000000747b00000|100%| O|  |TAMS 0x0000000747b00000, 0x0000000747a00000| Untracked 
| 123|0x0000000747b00000, 0x0000000747c00000, 0x0000000747c00000|100%| O|  |TAMS 0x0000000747c00000, 0x0000000747b00000| Untracked 
| 124|0x0000000747c00000, 0x0000000747d00000, 0x0000000747d00000|100%| O|  |TAMS 0x0000000747d00000, 0x0000000747c00000| Untracked 
| 125|0x0000000747d00000, 0x0000000747e00000, 0x0000000747e00000|100%| O|  |TAMS 0x0000000747e00000, 0x0000000747d00000| Untracked 
| 126|0x0000000747e00000, 0x0000000747f00000, 0x0000000747f00000|100%| O|  |TAMS 0x0000000747f00000, 0x0000000747e00000| Untracked 
| 127|0x0000000747f00000, 0x0000000748000000, 0x0000000748000000|100%| O|  |TAMS 0x0000000748000000, 0x0000000747f00000| Untracked 
| 128|0x0000000748000000, 0x0000000748100000, 0x0000000748100000|100%| O|  |TAMS 0x0000000748100000, 0x0000000748000000| Untracked 
| 129|0x0000000748100000, 0x0000000748200000, 0x0000000748200000|100%| O|  |TAMS 0x0000000748200000, 0x0000000748100000| Untracked 
| 130|0x0000000748200000, 0x0000000748300000, 0x0000000748300000|100%| O|  |TAMS 0x0000000748300000, 0x0000000748200000| Untracked 
| 131|0x0000000748300000, 0x0000000748400000, 0x0000000748400000|100%| O|  |TAMS 0x0000000748400000, 0x0000000748300000| Untracked 
| 132|0x0000000748400000, 0x0000000748500000, 0x0000000748500000|100%| O|  |TAMS 0x0000000748500000, 0x0000000748400000| Untracked 
| 133|0x0000000748500000, 0x0000000748600000, 0x0000000748600000|100%| O|  |TAMS 0x0000000748600000, 0x0000000748500000| Untracked 
| 134|0x0000000748600000, 0x0000000748700000, 0x0000000748700000|100%| O|  |TAMS 0x0000000748700000, 0x0000000748600000| Untracked 
| 135|0x0000000748700000, 0x0000000748800000, 0x0000000748800000|100%| O|  |TAMS 0x0000000748800000, 0x0000000748700000| Untracked 
| 136|0x0000000748800000, 0x0000000748900000, 0x0000000748900000|100%| O|  |TAMS 0x0000000748900000, 0x0000000748800000| Untracked 
| 137|0x0000000748900000, 0x0000000748a00000, 0x0000000748a00000|100%| O|  |TAMS 0x0000000748a00000, 0x0000000748900000| Untracked 
| 138|0x0000000748a00000, 0x0000000748b00000, 0x0000000748b00000|100%|HS|  |TAMS 0x0000000748b00000, 0x0000000748a00000| Complete 
| 139|0x0000000748b00000, 0x0000000748c00000, 0x0000000748c00000|100%| O|  |TAMS 0x0000000748c00000, 0x0000000748b00000| Untracked 
| 140|0x0000000748c00000, 0x0000000748d00000, 0x0000000748d00000|100%| O|  |TAMS 0x0000000748d00000, 0x0000000748c00000| Untracked 
| 141|0x0000000748d00000, 0x0000000748e00000, 0x0000000748e00000|100%| O|  |TAMS 0x0000000748e00000, 0x0000000748d00000| Untracked 
| 142|0x0000000748e00000, 0x0000000748f00000, 0x0000000748f00000|100%| O|  |TAMS 0x0000000748f00000, 0x0000000748e00000| Untracked 
| 143|0x0000000748f00000, 0x0000000749000000, 0x0000000749000000|100%| O|  |TAMS 0x0000000749000000, 0x0000000748f00000| Untracked 
| 144|0x0000000749000000, 0x0000000749100000, 0x0000000749100000|100%| O|  |TAMS 0x0000000749100000, 0x0000000749000000| Untracked 
| 145|0x0000000749100000, 0x0000000749200000, 0x0000000749200000|100%| O|  |TAMS 0x0000000749200000, 0x0000000749100000| Untracked 
| 146|0x0000000749200000, 0x0000000749300000, 0x0000000749300000|100%| O|  |TAMS 0x0000000749300000, 0x0000000749200000| Untracked 
| 147|0x0000000749300000, 0x0000000749400000, 0x0000000749400000|100%| O|  |TAMS 0x0000000749400000, 0x0000000749300000| Untracked 
| 148|0x0000000749400000, 0x0000000749500000, 0x0000000749500000|100%| O|  |TAMS 0x0000000749500000, 0x0000000749400000| Untracked 
| 149|0x0000000749500000, 0x0000000749600000, 0x0000000749600000|100%| O|  |TAMS 0x0000000749600000, 0x0000000749500000| Untracked 
| 150|0x0000000749600000, 0x0000000749700000, 0x0000000749700000|100%| O|  |TAMS 0x0000000749700000, 0x0000000749600000| Untracked 
| 151|0x0000000749700000, 0x0000000749800000, 0x0000000749800000|100%| O|  |TAMS 0x0000000749800000, 0x0000000749700000| Untracked 
| 152|0x0000000749800000, 0x0000000749900000, 0x0000000749900000|100%| O|  |TAMS 0x0000000749900000, 0x0000000749800000| Untracked 
| 153|0x0000000749900000, 0x0000000749a00000, 0x0000000749a00000|100%| O|  |TAMS 0x0000000749a00000, 0x0000000749900000| Untracked 
| 154|0x0000000749a00000, 0x0000000749b00000, 0x0000000749b00000|100%| O|  |TAMS 0x0000000749b00000, 0x0000000749a00000| Untracked 
| 155|0x0000000749b00000, 0x0000000749c00000, 0x0000000749c00000|100%| O|  |TAMS 0x0000000749c00000, 0x0000000749b00000| Untracked 
| 156|0x0000000749c00000, 0x0000000749d00000, 0x0000000749d00000|100%| O|  |TAMS 0x0000000749d00000, 0x0000000749c00000| Untracked 
| 157|0x0000000749d00000, 0x0000000749e00000, 0x0000000749e00000|100%| O|  |TAMS 0x0000000749e00000, 0x0000000749d00000| Untracked 
| 158|0x0000000749e00000, 0x0000000749f00000, 0x0000000749f00000|100%| O|  |TAMS 0x0000000749f00000, 0x0000000749e00000| Untracked 
| 159|0x0000000749f00000, 0x000000074a000000, 0x000000074a000000|100%| O|  |TAMS 0x000000074a000000, 0x0000000749f00000| Untracked 
| 160|0x000000074a000000, 0x000000074a100000, 0x000000074a100000|100%| O|  |TAMS 0x000000074a100000, 0x000000074a000000| Untracked 
| 161|0x000000074a100000, 0x000000074a200000, 0x000000074a200000|100%| O|  |TAMS 0x000000074a200000, 0x000000074a100000| Untracked 
| 162|0x000000074a200000, 0x000000074a300000, 0x000000074a300000|100%| O|  |TAMS 0x000000074a300000, 0x000000074a200000| Untracked 
| 163|0x000000074a300000, 0x000000074a400000, 0x000000074a400000|100%| O|  |TAMS 0x000000074a400000, 0x000000074a300000| Untracked 
| 164|0x000000074a400000, 0x000000074a500000, 0x000000074a500000|100%| O|  |TAMS 0x000000074a500000, 0x000000074a400000| Untracked 
| 165|0x000000074a500000, 0x000000074a600000, 0x000000074a600000|100%| O|  |TAMS 0x000000074a600000, 0x000000074a500000| Untracked 
| 166|0x000000074a600000, 0x000000074a700000, 0x000000074a700000|100%| O|  |TAMS 0x000000074a700000, 0x000000074a600000| Untracked 
| 167|0x000000074a700000, 0x000000074a800000, 0x000000074a800000|100%| O|  |TAMS 0x000000074a800000, 0x000000074a700000| Untracked 
| 168|0x000000074a800000, 0x000000074a900000, 0x000000074a900000|100%| O|  |TAMS 0x000000074a900000, 0x000000074a800000| Untracked 
| 169|0x000000074a900000, 0x000000074aa00000, 0x000000074aa00000|100%| O|  |TAMS 0x000000074aa00000, 0x000000074a900000| Untracked 
| 170|0x000000074aa00000, 0x000000074ab00000, 0x000000074ab00000|100%| O|  |TAMS 0x000000074ab00000, 0x000000074aa00000| Untracked 
| 171|0x000000074ab00000, 0x000000074ac00000, 0x000000074ac00000|100%| O|  |TAMS 0x000000074ac00000, 0x000000074ab00000| Untracked 
| 172|0x000000074ac00000, 0x000000074ad00000, 0x000000074ad00000|100%| O|  |TAMS 0x000000074ad00000, 0x000000074ac00000| Untracked 
| 173|0x000000074ad00000, 0x000000074ae00000, 0x000000074ae00000|100%| O|  |TAMS 0x000000074ae00000, 0x000000074ad00000| Untracked 
| 174|0x000000074ae00000, 0x000000074af00000, 0x000000074af00000|100%| O|  |TAMS 0x000000074af00000, 0x000000074ae00000| Untracked 
| 175|0x000000074af00000, 0x000000074b000000, 0x000000074b000000|100%| O|  |TAMS 0x000000074b000000, 0x000000074af00000| Untracked 
| 176|0x000000074b000000, 0x000000074b100000, 0x000000074b100000|100%| O|  |TAMS 0x000000074b100000, 0x000000074b000000| Untracked 
| 177|0x000000074b100000, 0x000000074b200000, 0x000000074b200000|100%| O|  |TAMS 0x000000074b200000, 0x000000074b100000| Untracked 
| 178|0x000000074b200000, 0x000000074b300000, 0x000000074b300000|100%| O|  |TAMS 0x000000074b300000, 0x000000074b200000| Untracked 
| 179|0x000000074b300000, 0x000000074b400000, 0x000000074b400000|100%| O|  |TAMS 0x000000074b400000, 0x000000074b300000| Untracked 
| 180|0x000000074b400000, 0x000000074b500000, 0x000000074b500000|100%| O|  |TAMS 0x000000074b500000, 0x000000074b400000| Untracked 
| 181|0x000000074b500000, 0x000000074b600000, 0x000000074b600000|100%| O|  |TAMS 0x000000074b600000, 0x000000074b500000| Untracked 
| 182|0x000000074b600000, 0x000000074b700000, 0x000000074b700000|100%| O|  |TAMS 0x000000074b700000, 0x000000074b600000| Untracked 
| 183|0x000000074b700000, 0x000000074b800000, 0x000000074b800000|100%| O|  |TAMS 0x000000074b800000, 0x000000074b700000| Untracked 
| 184|0x000000074b800000, 0x000000074b900000, 0x000000074b900000|100%| O|  |TAMS 0x000000074b900000, 0x000000074b800000| Untracked 
| 185|0x000000074b900000, 0x000000074ba00000, 0x000000074ba00000|100%| O|  |TAMS 0x000000074ba00000, 0x000000074b900000| Untracked 
| 186|0x000000074ba00000, 0x000000074bb00000, 0x000000074bb00000|100%| O|  |TAMS 0x000000074bb00000, 0x000000074ba00000| Untracked 
| 187|0x000000074bb00000, 0x000000074bc00000, 0x000000074bc00000|100%| O|  |TAMS 0x000000074bc00000, 0x000000074bb00000| Untracked 
| 188|0x000000074bc00000, 0x000000074bd00000, 0x000000074bd00000|100%| O|  |TAMS 0x000000074bd00000, 0x000000074bc00000| Untracked 
| 189|0x000000074bd00000, 0x000000074bd4f200, 0x000000074be00000| 30%| O|  |TAMS 0x000000074bd4f200, 0x000000074bd00000| Untracked 
| 190|0x000000074be00000, 0x000000074be00000, 0x000000074bf00000|  0%| F|  |TAMS 0x000000074be00000, 0x000000074be00000| Untracked 
| 191|0x000000074bf00000, 0x000000074bf00000, 0x000000074c000000|  0%| F|  |TAMS 0x000000074bf00000, 0x000000074bf00000| Untracked 
| 192|0x000000074c000000, 0x000000074c000000, 0x000000074c100000|  0%| F|  |TAMS 0x000000074c000000, 0x000000074c000000| Untracked 
| 193|0x000000074c100000, 0x000000074c100000, 0x000000074c200000|  0%| F|  |TAMS 0x000000074c100000, 0x000000074c100000| Untracked 
| 194|0x000000074c200000, 0x000000074c200000, 0x000000074c300000|  0%| F|  |TAMS 0x000000074c200000, 0x000000074c200000| Untracked 
| 195|0x000000074c300000, 0x000000074c300000, 0x000000074c400000|  0%| F|  |TAMS 0x000000074c300000, 0x000000074c300000| Untracked 
| 196|0x000000074c400000, 0x000000074c400000, 0x000000074c500000|  0%| F|  |TAMS 0x000000074c400000, 0x000000074c400000| Untracked 
| 197|0x000000074c500000, 0x000000074c500000, 0x000000074c600000|  0%| F|  |TAMS 0x000000074c500000, 0x000000074c500000| Untracked 
| 198|0x000000074c600000, 0x000000074c600000, 0x000000074c700000|  0%| F|  |TAMS 0x000000074c600000, 0x000000074c600000| Untracked 
| 199|0x000000074c700000, 0x000000074c700000, 0x000000074c800000|  0%| F|  |TAMS 0x000000074c700000, 0x000000074c700000| Untracked 
| 200|0x000000074c800000, 0x000000074c800000, 0x000000074c900000|  0%| F|  |TAMS 0x000000074c800000, 0x000000074c800000| Untracked 
| 201|0x000000074c900000, 0x000000074c900000, 0x000000074ca00000|  0%| F|  |TAMS 0x000000074c900000, 0x000000074c900000| Untracked 
| 202|0x000000074ca00000, 0x000000074ca00000, 0x000000074cb00000|  0%| F|  |TAMS 0x000000074ca00000, 0x000000074ca00000| Untracked 
| 203|0x000000074cb00000, 0x000000074cb00000, 0x000000074cc00000|  0%| F|  |TAMS 0x000000074cb00000, 0x000000074cb00000| Untracked 
| 204|0x000000074cc00000, 0x000000074cc00000, 0x000000074cd00000|  0%| F|  |TAMS 0x000000074cc00000, 0x000000074cc00000| Untracked 
| 205|0x000000074cd00000, 0x000000074cd00000, 0x000000074ce00000|  0%| F|  |TAMS 0x000000074cd00000, 0x000000074cd00000| Untracked 
| 206|0x000000074ce00000, 0x000000074ce00000, 0x000000074cf00000|  0%| F|  |TAMS 0x000000074ce00000, 0x000000074ce00000| Untracked 
| 207|0x000000074cf00000, 0x000000074cf00000, 0x000000074d000000|  0%| F|  |TAMS 0x000000074cf00000, 0x000000074cf00000| Untracked 
| 208|0x000000074d000000, 0x000000074d000000, 0x000000074d100000|  0%| F|  |TAMS 0x000000074d000000, 0x000000074d000000| Untracked 
| 209|0x000000074d100000, 0x000000074d100000, 0x000000074d200000|  0%| F|  |TAMS 0x000000074d100000, 0x000000074d100000| Untracked 
| 210|0x000000074d200000, 0x000000074d200000, 0x000000074d300000|  0%| F|  |TAMS 0x000000074d200000, 0x000000074d200000| Untracked 
| 211|0x000000074d300000, 0x000000074d300000, 0x000000074d400000|  0%| F|  |TAMS 0x000000074d300000, 0x000000074d300000| Untracked 
| 212|0x000000074d400000, 0x000000074d400000, 0x000000074d500000|  0%| F|  |TAMS 0x000000074d400000, 0x000000074d400000| Untracked 
| 213|0x000000074d500000, 0x000000074d500000, 0x000000074d600000|  0%| F|  |TAMS 0x000000074d500000, 0x000000074d500000| Untracked 
| 214|0x000000074d600000, 0x000000074d600000, 0x000000074d700000|  0%| F|  |TAMS 0x000000074d600000, 0x000000074d600000| Untracked 
| 215|0x000000074d700000, 0x000000074d700000, 0x000000074d800000|  0%| F|  |TAMS 0x000000074d700000, 0x000000074d700000| Untracked 
| 216|0x000000074d800000, 0x000000074d800000, 0x000000074d900000|  0%| F|  |TAMS 0x000000074d800000, 0x000000074d800000| Untracked 
| 217|0x000000074d900000, 0x000000074d900000, 0x000000074da00000|  0%| F|  |TAMS 0x000000074d900000, 0x000000074d900000| Untracked 
| 218|0x000000074da00000, 0x000000074da00000, 0x000000074db00000|  0%| F|  |TAMS 0x000000074da00000, 0x000000074da00000| Untracked 
| 219|0x000000074db00000, 0x000000074db00000, 0x000000074dc00000|  0%| F|  |TAMS 0x000000074db00000, 0x000000074db00000| Untracked 
| 220|0x000000074dc00000, 0x000000074dc00000, 0x000000074dd00000|  0%| F|  |TAMS 0x000000074dc00000, 0x000000074dc00000| Untracked 
| 221|0x000000074dd00000, 0x000000074dd00000, 0x000000074de00000|  0%| F|  |TAMS 0x000000074dd00000, 0x000000074dd00000| Untracked 
| 222|0x000000074de00000, 0x000000074de00000, 0x000000074df00000|  0%| F|  |TAMS 0x000000074de00000, 0x000000074de00000| Untracked 
| 223|0x000000074df00000, 0x000000074df00000, 0x000000074e000000|  0%| F|  |TAMS 0x000000074df00000, 0x000000074df00000| Untracked 
| 224|0x000000074e000000, 0x000000074e000000, 0x000000074e100000|  0%| F|  |TAMS 0x000000074e000000, 0x000000074e000000| Untracked 
| 225|0x000000074e100000, 0x000000074e100000, 0x000000074e200000|  0%| F|  |TAMS 0x000000074e100000, 0x000000074e100000| Untracked 
| 226|0x000000074e200000, 0x000000074e200000, 0x000000074e300000|  0%| F|  |TAMS 0x000000074e200000, 0x000000074e200000| Untracked 
| 227|0x000000074e300000, 0x000000074e300000, 0x000000074e400000|  0%| F|  |TAMS 0x000000074e300000, 0x000000074e300000| Untracked 
| 228|0x000000074e400000, 0x000000074e400000, 0x000000074e500000|  0%| F|  |TAMS 0x000000074e400000, 0x000000074e400000| Untracked 
| 229|0x000000074e500000, 0x000000074e500000, 0x000000074e600000|  0%| F|  |TAMS 0x000000074e500000, 0x000000074e500000| Untracked 
| 230|0x000000074e600000, 0x000000074e600000, 0x000000074e700000|  0%| F|  |TAMS 0x000000074e600000, 0x000000074e600000| Untracked 
| 231|0x000000074e700000, 0x000000074e700000, 0x000000074e800000|  0%| F|  |TAMS 0x000000074e700000, 0x000000074e700000| Untracked 
| 232|0x000000074e800000, 0x000000074e800000, 0x000000074e900000|  0%| F|  |TAMS 0x000000074e800000, 0x000000074e800000| Untracked 
| 233|0x000000074e900000, 0x000000074e900000, 0x000000074ea00000|  0%| F|  |TAMS 0x000000074e900000, 0x000000074e900000| Untracked 
| 234|0x000000074ea00000, 0x000000074ea00000, 0x000000074eb00000|  0%| F|  |TAMS 0x000000074ea00000, 0x000000074ea00000| Untracked 
| 235|0x000000074eb00000, 0x000000074eb00000, 0x000000074ec00000|  0%| F|  |TAMS 0x000000074eb00000, 0x000000074eb00000| Untracked 
| 236|0x000000074ec00000, 0x000000074ec00000, 0x000000074ed00000|  0%| F|  |TAMS 0x000000074ec00000, 0x000000074ec00000| Untracked 
| 237|0x000000074ed00000, 0x000000074ed00000, 0x000000074ee00000|  0%| F|  |TAMS 0x000000074ed00000, 0x000000074ed00000| Untracked 
| 238|0x000000074ee00000, 0x000000074ee00000, 0x000000074ef00000|  0%| F|  |TAMS 0x000000074ee00000, 0x000000074ee00000| Untracked 
| 239|0x000000074ef00000, 0x000000074ef00000, 0x000000074f000000|  0%| F|  |TAMS 0x000000074ef00000, 0x000000074ef00000| Untracked 
| 240|0x000000074f000000, 0x000000074f000000, 0x000000074f100000|  0%| F|  |TAMS 0x000000074f000000, 0x000000074f000000| Untracked 
| 241|0x000000074f100000, 0x000000074f100000, 0x000000074f200000|  0%| F|  |TAMS 0x000000074f100000, 0x000000074f100000| Untracked 
| 242|0x000000074f200000, 0x000000074f200000, 0x000000074f300000|  0%| F|  |TAMS 0x000000074f200000, 0x000000074f200000| Untracked 
| 243|0x000000074f300000, 0x000000074f300000, 0x000000074f400000|  0%| F|  |TAMS 0x000000074f300000, 0x000000074f300000| Untracked 
| 244|0x000000074f400000, 0x000000074f400000, 0x000000074f500000|  0%| F|  |TAMS 0x000000074f400000, 0x000000074f400000| Untracked 
| 245|0x000000074f500000, 0x000000074f500000, 0x000000074f600000|  0%| F|  |TAMS 0x000000074f500000, 0x000000074f500000| Untracked 
| 246|0x000000074f600000, 0x000000074f600000, 0x000000074f700000|  0%| F|  |TAMS 0x000000074f600000, 0x000000074f600000| Untracked 
| 247|0x000000074f700000, 0x000000074f700000, 0x000000074f800000|  0%| F|  |TAMS 0x000000074f700000, 0x000000074f700000| Untracked 
| 248|0x000000074f800000, 0x000000074f800000, 0x000000074f900000|  0%| F|  |TAMS 0x000000074f800000, 0x000000074f800000| Untracked 
| 249|0x000000074f900000, 0x000000074f900000, 0x000000074fa00000|  0%| F|  |TAMS 0x000000074f900000, 0x000000074f900000| Untracked 
| 250|0x000000074fa00000, 0x000000074fa00000, 0x000000074fb00000|  0%| F|  |TAMS 0x000000074fa00000, 0x000000074fa00000| Untracked 
| 251|0x000000074fb00000, 0x000000074fb00000, 0x000000074fc00000|  0%| F|  |TAMS 0x000000074fb00000, 0x000000074fb00000| Untracked 
| 252|0x000000074fc00000, 0x000000074fc00000, 0x000000074fd00000|  0%| F|  |TAMS 0x000000074fc00000, 0x000000074fc00000| Untracked 
| 253|0x000000074fd00000, 0x000000074fd00000, 0x000000074fe00000|  0%| F|  |TAMS 0x000000074fd00000, 0x000000074fd00000| Untracked 
| 254|0x000000074fe00000, 0x000000074fe00000, 0x000000074ff00000|  0%| F|  |TAMS 0x000000074fe00000, 0x000000074fe00000| Untracked 
| 255|0x000000074ff00000, 0x000000074ff00000, 0x0000000750000000|  0%| F|  |TAMS 0x000000074ff00000, 0x000000074ff00000| Untracked 
| 256|0x0000000750000000, 0x0000000750000000, 0x0000000750100000|  0%| F|  |TAMS 0x0000000750000000, 0x0000000750000000| Untracked 
| 257|0x0000000750100000, 0x0000000750100000, 0x0000000750200000|  0%| F|  |TAMS 0x0000000750100000, 0x0000000750100000| Untracked 
| 258|0x0000000750200000, 0x0000000750200000, 0x0000000750300000|  0%| F|  |TAMS 0x0000000750200000, 0x0000000750200000| Untracked 
| 259|0x0000000750300000, 0x0000000750300000, 0x0000000750400000|  0%| F|  |TAMS 0x0000000750300000, 0x0000000750300000| Untracked 
| 260|0x0000000750400000, 0x0000000750400000, 0x0000000750500000|  0%| F|  |TAMS 0x0000000750400000, 0x0000000750400000| Untracked 
| 261|0x0000000750500000, 0x0000000750500000, 0x0000000750600000|  0%| F|  |TAMS 0x0000000750500000, 0x0000000750500000| Untracked 
| 262|0x0000000750600000, 0x0000000750600000, 0x0000000750700000|  0%| F|  |TAMS 0x0000000750600000, 0x0000000750600000| Untracked 
| 263|0x0000000750700000, 0x0000000750700000, 0x0000000750800000|  0%| F|  |TAMS 0x0000000750700000, 0x0000000750700000| Untracked 
| 264|0x0000000750800000, 0x0000000750800000, 0x0000000750900000|  0%| F|  |TAMS 0x0000000750800000, 0x0000000750800000| Untracked 
| 265|0x0000000750900000, 0x0000000750900000, 0x0000000750a00000|  0%| F|  |TAMS 0x0000000750900000, 0x0000000750900000| Untracked 
| 266|0x0000000750a00000, 0x0000000750a00000, 0x0000000750b00000|  0%| F|  |TAMS 0x0000000750a00000, 0x0000000750a00000| Untracked 
| 267|0x0000000750b00000, 0x0000000750b00000, 0x0000000750c00000|  0%| F|  |TAMS 0x0000000750b00000, 0x0000000750b00000| Untracked 
| 268|0x0000000750c00000, 0x0000000750ca1118, 0x0000000750d00000| 62%| S|CS|TAMS 0x0000000750c00000, 0x0000000750c00000| Complete 
| 269|0x0000000750d00000, 0x0000000750e00000, 0x0000000750e00000|100%| S|CS|TAMS 0x0000000750d00000, 0x0000000750d00000| Complete 
| 270|0x0000000750e00000, 0x0000000750f00000, 0x0000000750f00000|100%| S|CS|TAMS 0x0000000750e00000, 0x0000000750e00000| Complete 
| 271|0x0000000750f00000, 0x0000000751000000, 0x0000000751000000|100%| S|CS|TAMS 0x0000000750f00000, 0x0000000750f00000| Complete 
| 272|0x0000000751000000, 0x0000000751100000, 0x0000000751100000|100%| S|CS|TAMS 0x0000000751000000, 0x0000000751000000| Complete 
| 273|0x0000000751100000, 0x0000000751200000, 0x0000000751200000|100%| S|CS|TAMS 0x0000000751100000, 0x0000000751100000| Complete 
| 274|0x0000000751200000, 0x0000000751200000, 0x0000000751300000|  0%| F|  |TAMS 0x0000000751200000, 0x0000000751200000| Untracked 
| 275|0x0000000751300000, 0x0000000751300000, 0x0000000751400000|  0%| F|  |TAMS 0x0000000751300000, 0x0000000751300000| Untracked 
| 276|0x0000000751400000, 0x0000000751400000, 0x0000000751500000|  0%| F|  |TAMS 0x0000000751400000, 0x0000000751400000| Untracked 
| 277|0x0000000751500000, 0x0000000751500000, 0x0000000751600000|  0%| F|  |TAMS 0x0000000751500000, 0x0000000751500000| Untracked 
| 278|0x0000000751600000, 0x0000000751600000, 0x0000000751700000|  0%| F|  |TAMS 0x0000000751600000, 0x0000000751600000| Untracked 
| 279|0x0000000751700000, 0x0000000751700000, 0x0000000751800000|  0%| F|  |TAMS 0x0000000751700000, 0x0000000751700000| Untracked 
| 280|0x0000000751800000, 0x0000000751800000, 0x0000000751900000|  0%| F|  |TAMS 0x0000000751800000, 0x0000000751800000| Untracked 
| 281|0x0000000751900000, 0x0000000751900000, 0x0000000751a00000|  0%| F|  |TAMS 0x0000000751900000, 0x0000000751900000| Untracked 
| 282|0x0000000751a00000, 0x0000000751a00000, 0x0000000751b00000|  0%| F|  |TAMS 0x0000000751a00000, 0x0000000751a00000| Untracked 
| 283|0x0000000751b00000, 0x0000000751b00000, 0x0000000751c00000|  0%| F|  |TAMS 0x0000000751b00000, 0x0000000751b00000| Untracked 
| 284|0x0000000751c00000, 0x0000000751c00000, 0x0000000751d00000|  0%| F|  |TAMS 0x0000000751c00000, 0x0000000751c00000| Untracked 
| 285|0x0000000751d00000, 0x0000000751dab578, 0x0000000751e00000| 66%| E|  |TAMS 0x0000000751d00000, 0x0000000751d00000| Complete 
| 286|0x0000000751e00000, 0x0000000751f00000, 0x0000000751f00000|100%| E|CS|TAMS 0x0000000751e00000, 0x0000000751e00000| Complete 
| 287|0x0000000751f00000, 0x0000000752000000, 0x0000000752000000|100%| E|CS|TAMS 0x0000000751f00000, 0x0000000751f00000| Complete 
| 288|0x0000000752000000, 0x0000000752100000, 0x0000000752100000|100%| E|CS|TAMS 0x0000000752000000, 0x0000000752000000| Complete 
| 289|0x0000000752100000, 0x0000000752200000, 0x0000000752200000|100%| E|CS|TAMS 0x0000000752100000, 0x0000000752100000| Complete 
| 290|0x0000000752200000, 0x0000000752300000, 0x0000000752300000|100%| E|CS|TAMS 0x0000000752200000, 0x0000000752200000| Complete 
| 291|0x0000000752300000, 0x0000000752400000, 0x0000000752400000|100%| E|CS|TAMS 0x0000000752300000, 0x0000000752300000| Complete 
| 292|0x0000000752400000, 0x0000000752500000, 0x0000000752500000|100%| E|CS|TAMS 0x0000000752400000, 0x0000000752400000| Complete 
| 293|0x0000000752500000, 0x0000000752600000, 0x0000000752600000|100%| E|CS|TAMS 0x0000000752500000, 0x0000000752500000| Complete 
| 294|0x0000000752600000, 0x0000000752700000, 0x0000000752700000|100%| E|CS|TAMS 0x0000000752600000, 0x0000000752600000| Complete 
| 295|0x0000000752700000, 0x0000000752800000, 0x0000000752800000|100%| E|CS|TAMS 0x0000000752700000, 0x0000000752700000| Complete 
| 296|0x0000000752800000, 0x0000000752900000, 0x0000000752900000|100%| E|CS|TAMS 0x0000000752800000, 0x0000000752800000| Complete 
| 297|0x0000000752900000, 0x0000000752a00000, 0x0000000752a00000|100%| E|CS|TAMS 0x0000000752900000, 0x0000000752900000| Complete 
| 298|0x0000000752a00000, 0x0000000752b00000, 0x0000000752b00000|100%| E|CS|TAMS 0x0000000752a00000, 0x0000000752a00000| Complete 
| 299|0x0000000752b00000, 0x0000000752c00000, 0x0000000752c00000|100%| E|CS|TAMS 0x0000000752b00000, 0x0000000752b00000| Complete 
| 300|0x0000000752c00000, 0x0000000752d00000, 0x0000000752d00000|100%| E|CS|TAMS 0x0000000752c00000, 0x0000000752c00000| Complete 
| 301|0x0000000752d00000, 0x0000000752e00000, 0x0000000752e00000|100%| E|CS|TAMS 0x0000000752d00000, 0x0000000752d00000| Complete 
| 302|0x0000000752e00000, 0x0000000752f00000, 0x0000000752f00000|100%| E|CS|TAMS 0x0000000752e00000, 0x0000000752e00000| Complete 
| 303|0x0000000752f00000, 0x0000000753000000, 0x0000000753000000|100%| E|CS|TAMS 0x0000000752f00000, 0x0000000752f00000| Complete 
| 304|0x0000000753000000, 0x0000000753100000, 0x0000000753100000|100%| E|CS|TAMS 0x0000000753000000, 0x0000000753000000| Complete 
| 305|0x0000000753100000, 0x0000000753200000, 0x0000000753200000|100%| E|CS|TAMS 0x0000000753100000, 0x0000000753100000| Complete 
| 306|0x0000000753200000, 0x0000000753300000, 0x0000000753300000|100%| E|CS|TAMS 0x0000000753200000, 0x0000000753200000| Complete 
| 307|0x0000000753300000, 0x0000000753400000, 0x0000000753400000|100%| E|CS|TAMS 0x0000000753300000, 0x0000000753300000| Complete 
| 308|0x0000000753400000, 0x0000000753500000, 0x0000000753500000|100%| E|CS|TAMS 0x0000000753400000, 0x0000000753400000| Complete 
| 309|0x0000000753500000, 0x0000000753600000, 0x0000000753600000|100%| E|CS|TAMS 0x0000000753500000, 0x0000000753500000| Complete 
| 310|0x0000000753600000, 0x0000000753700000, 0x0000000753700000|100%| E|CS|TAMS 0x0000000753600000, 0x0000000753600000| Complete 
| 311|0x0000000753700000, 0x0000000753800000, 0x0000000753800000|100%| E|CS|TAMS 0x0000000753700000, 0x0000000753700000| Complete 
| 312|0x0000000753800000, 0x0000000753900000, 0x0000000753900000|100%| E|CS|TAMS 0x0000000753800000, 0x0000000753800000| Complete 
| 313|0x0000000753900000, 0x0000000753a00000, 0x0000000753a00000|100%| E|CS|TAMS 0x0000000753900000, 0x0000000753900000| Complete 
| 314|0x0000000753a00000, 0x0000000753b00000, 0x0000000753b00000|100%| E|CS|TAMS 0x0000000753a00000, 0x0000000753a00000| Complete 
| 315|0x0000000753b00000, 0x0000000753c00000, 0x0000000753c00000|100%| E|CS|TAMS 0x0000000753b00000, 0x0000000753b00000| Complete 
| 316|0x0000000753c00000, 0x0000000753d00000, 0x0000000753d00000|100%| E|CS|TAMS 0x0000000753c00000, 0x0000000753c00000| Complete 
| 317|0x0000000753d00000, 0x0000000753e00000, 0x0000000753e00000|100%| E|CS|TAMS 0x0000000753d00000, 0x0000000753d00000| Complete 
| 318|0x0000000753e00000, 0x0000000753f00000, 0x0000000753f00000|100%| E|CS|TAMS 0x0000000753e00000, 0x0000000753e00000| Complete 
| 319|0x0000000753f00000, 0x0000000754000000, 0x0000000754000000|100%| E|CS|TAMS 0x0000000753f00000, 0x0000000753f00000| Complete 
| 320|0x0000000754000000, 0x0000000754100000, 0x0000000754100000|100%| E|CS|TAMS 0x0000000754000000, 0x0000000754000000| Complete 
| 321|0x0000000754100000, 0x0000000754200000, 0x0000000754200000|100%| E|CS|TAMS 0x0000000754100000, 0x0000000754100000| Complete 
| 322|0x0000000754200000, 0x0000000754300000, 0x0000000754300000|100%| E|CS|TAMS 0x0000000754200000, 0x0000000754200000| Complete 
| 323|0x0000000754300000, 0x0000000754400000, 0x0000000754400000|100%| E|CS|TAMS 0x0000000754300000, 0x0000000754300000| Complete 
| 324|0x0000000754400000, 0x0000000754500000, 0x0000000754500000|100%| E|CS|TAMS 0x0000000754400000, 0x0000000754400000| Complete 
| 325|0x0000000754500000, 0x0000000754600000, 0x0000000754600000|100%| E|CS|TAMS 0x0000000754500000, 0x0000000754500000| Complete 
| 326|0x0000000754600000, 0x0000000754700000, 0x0000000754700000|100%| E|CS|TAMS 0x0000000754600000, 0x0000000754600000| Complete 
| 327|0x0000000754700000, 0x0000000754800000, 0x0000000754800000|100%| E|CS|TAMS 0x0000000754700000, 0x0000000754700000| Complete 
| 328|0x0000000754800000, 0x0000000754900000, 0x0000000754900000|100%| E|CS|TAMS 0x0000000754800000, 0x0000000754800000| Complete 
| 329|0x0000000754900000, 0x0000000754a00000, 0x0000000754a00000|100%| E|CS|TAMS 0x0000000754900000, 0x0000000754900000| Complete 
| 330|0x0000000754a00000, 0x0000000754b00000, 0x0000000754b00000|100%| E|CS|TAMS 0x0000000754a00000, 0x0000000754a00000| Complete 
| 331|0x0000000754b00000, 0x0000000754c00000, 0x0000000754c00000|100%| E|CS|TAMS 0x0000000754b00000, 0x0000000754b00000| Complete 
| 332|0x0000000754c00000, 0x0000000754d00000, 0x0000000754d00000|100%| E|CS|TAMS 0x0000000754c00000, 0x0000000754c00000| Complete 
| 333|0x0000000754d00000, 0x0000000754e00000, 0x0000000754e00000|100%| E|CS|TAMS 0x0000000754d00000, 0x0000000754d00000| Complete 

Card table byte_map: [0x00000164abee0000,0x00000164ac4e0000] _byte_map_base: 0x00000164a84e0000

Marking Bits (Prev, Next): (CMBitMap*) 0x00000164c58eb7f8, (CMBitMap*) 0x00000164c58eb830
 Prev Bits: [0x00000164b7cf0000, 0x00000164bacf0000)
 Next Bits: [0x00000164bacf0000, 0x00000164bdcf0000)

Polling page: 0x00000164a47e0000

Metaspace:

Usage:
  Non-class:     84.95 MB capacity,    84.22 MB (>99%) used,   555.44 KB ( <1%) free+waste,   197.38 KB ( <1%) overhead. 
      Class:     13.82 MB capacity,    13.31 MB ( 96%) used,   433.90 KB (  3%) free+waste,    88.44 KB ( <1%) overhead. 
       Both:     98.77 MB capacity,    97.52 MB ( 99%) used,   989.34 KB ( <1%) free+waste,   285.81 KB ( <1%) overhead. 

Virtual space:
  Non-class space:       88.00 MB reserved,      87.58 MB (>99%) committed 
      Class space:        1.00 GB reserved,      15.25 MB (  1%) committed 
             Both:        1.09 GB reserved,     102.83 MB (  9%) committed 

Chunk freelists:
   Non-Class:  336.38 KB
       Class:  179.38 KB
        Both:  515.75 KB

CodeHeap 'non-profiled nmethods': size=119168Kb used=23418Kb max_used=23418Kb free=95749Kb
 bounds [0x00000164d2f80000, 0x00000164d4670000, 0x00000164da3e0000]
CodeHeap 'profiled nmethods': size=119168Kb used=48520Kb max_used=48520Kb free=70648Kb
 bounds [0x00000164cbb20000, 0x00000164ceae0000, 0x00000164d2f80000]
CodeHeap 'non-nmethods': size=7424Kb used=2302Kb max_used=3466Kb free=5121Kb
 bounds [0x00000164cb3e0000, 0x00000164cb7d0000, 0x00000164cbb20000]
 total_blobs=37034 nmethods=19625 adapters=1232
 compilation: enabled
              stopped_count=0, restarted_count=0
 full_count=0

Compilation events (10 events):
Event: 7349.732 Thread 0x00000164dab0e000 25426       3       javax.swing.tree.VariableHeightLayoutCache::removeMapping (13 bytes)
Event: 7349.732 Thread 0x00000164dab0e000 nmethod 25426 0x00000164cead6d10 code [0x00000164cead6ee0, 0x00000164cead7150]
Event: 7349.740 Thread 0x00000164c5568000 25427       4       net.miginfocom.layout.Grid$LinkedDimGroup::<init> (12 bytes)
Event: 7349.742 Thread 0x00000164c5568000 nmethod 25427 0x00000164d465f290 code [0x00000164d465f440, 0x00000164d465f878]
Event: 7349.742 Thread 0x00000164c5568000 25428       4       net.miginfocom.layout.Grid$LinkedDimGroup::<init> (59 bytes)
Event: 7349.743 Thread 0x00000164c556a000 25429       1       com.jidesoft.swing.JideScrollPane::isKeepCornerVisible (5 bytes)
Event: 7349.743 Thread 0x00000164c556a000 nmethod 25429 0x00000164d465fa10 code [0x00000164d465fbc0, 0x00000164d465fcd8]
Event: 7349.744 Thread 0x00000164c5568000 nmethod 25428 0x00000164d465fd90 code [0x00000164d465ff40, 0x00000164d4660378]
Event: 7349.761 Thread 0x00000164dab0e000 25430       3       ui.frmwork.c.c::hwk (19 bytes)
Event: 7349.761 Thread 0x00000164dab0e000 nmethod 25430 0x00000164cead7210 code [0x00000164cead73c0, 0x00000164cead7598]

GC Heap History (10 events):
Event: 7339.989 GC heap before
{Heap before GC invocations=294 (full 6):
 garbage-first heap   total 342016K, used 245300K [0x0000000740000000, 0x0000000800000000)
  region size 1024K, 60 young (61440K), 6 survivors (6144K)
 Metaspace       used 99719K, capacity 101009K, committed 105296K, reserved 1138688K
  class space    used 13626K, capacity 14149K, committed 15616K, reserved 1048576K
}
Event: 7339.992 GC heap after
{Heap after GC invocations=295 (full 6):
 garbage-first heap   total 342016K, used 192579K [0x0000000740000000, 0x0000000800000000)
  region size 1024K, 6 young (6144K), 6 survivors (6144K)
 Metaspace       used 99719K, capacity 101009K, committed 105296K, reserved 1138688K
  class space    used 13626K, capacity 14149K, committed 15616K, reserved 1048576K
}
Event: 7340.109 GC heap before
{Heap before GC invocations=295 (full 6):
 garbage-first heap   total 342016K, used 247875K [0x0000000740000000, 0x0000000800000000)
  region size 1024K, 60 young (61440K), 6 survivors (6144K)
 Metaspace       used 99721K, capacity 101009K, committed 105296K, reserved 1138688K
  class space    used 13626K, capacity 14149K, committed 15616K, reserved 1048576K
}
Event: 7340.114 GC heap after
{Heap after GC invocations=296 (full 6):
 garbage-first heap   total 342016K, used 194369K [0x0000000740000000, 0x0000000800000000)
  region size 1024K, 6 young (6144K), 6 survivors (6144K)
 Metaspace       used 99721K, capacity 101009K, committed 105296K, reserved 1138688K
  class space    used 13626K, capacity 14149K, committed 15616K, reserved 1048576K
}
Event: 7340.400 GC heap before
{Heap before GC invocations=297 (full 6):
 garbage-first heap   total 342016K, used 249665K [0x0000000740000000, 0x0000000800000000)
  region size 1024K, 60 young (61440K), 6 survivors (6144K)
 Metaspace       used 99779K, capacity 101073K, committed 105296K, reserved 1138688K
  class space    used 13626K, capacity 14149K, committed 15616K, reserved 1048576K
}
Event: 7340.403 GC heap after
{Heap after GC invocations=298 (full 6):
 garbage-first heap   total 342016K, used 197319K [0x0000000740000000, 0x0000000800000000)
  region size 1024K, 6 young (6144K), 6 survivors (6144K)
 Metaspace       used 99779K, capacity 101073K, committed 105296K, reserved 1138688K
  class space    used 13626K, capacity 14149K, committed 15616K, reserved 1048576K
}
Event: 7342.358 GC heap before
{Heap before GC invocations=298 (full 6):
 garbage-first heap   total 342016K, used 252615K [0x0000000740000000, 0x0000000800000000)
  region size 1024K, 60 young (61440K), 6 survivors (6144K)
 Metaspace       used 99794K, capacity 101073K, committed 105296K, reserved 1138688K
  class space    used 13626K, capacity 14149K, committed 15616K, reserved 1048576K
}
Event: 7342.360 GC heap after
{Heap after GC invocations=299 (full 6):
 garbage-first heap   total 342016K, used 197711K [0x0000000740000000, 0x0000000800000000)
  region size 1024K, 5 young (5120K), 5 survivors (5120K)
 Metaspace       used 99794K, capacity 101073K, committed 105296K, reserved 1138688K
  class space    used 13626K, capacity 14149K, committed 15616K, reserved 1048576K
}
Event: 7349.356 GC heap before
{Heap before GC invocations=300 (full 6):
 garbage-first heap   total 342016K, used 254031K [0x0000000740000000, 0x0000000800000000)
  region size 1024K, 60 young (61440K), 5 survivors (5120K)
 Metaspace       used 99826K, capacity 101137K, committed 105296K, reserved 1138688K
  class space    used 13626K, capacity 14149K, committed 15616K, reserved 1048576K
}
Event: 7349.359 GC heap after
{Heap after GC invocations=301 (full 6):
 garbage-first heap   total 342016K, used 199231K [0x0000000740000000, 0x0000000800000000)
  region size 1024K, 6 young (6144K), 6 survivors (6144K)
 Metaspace       used 99826K, capacity 101137K, committed 105296K, reserved 1138688K
  class space    used 13626K, capacity 14149K, committed 15616K, reserved 1048576K
}

Deoptimization events (10 events):
Event: 7336.961 Thread 0x00000164c14aa000 Uncommon trap: reason=unstable_if action=reinterpret pc=0x00000164d3f70e4c method=ui.data.coregen.aS.la(Ljava/lang/String;)Lui/data/coregen/bn; @ 12 c2
Event: 7340.463 Thread 0x00000164c14aa000 Uncommon trap: reason=unstable_if action=reinterpret pc=0x00000164d4075438 method=java.awt.Font.deriveFont(I)Ljava/awt/Font; @ 4 c2
Event: 7340.463 Thread 0x00000164c14aa000 Uncommon trap: reason=unstable_if action=reinterpret pc=0x00000164d33c9054 method=java.awt.Font.deriveFont(I)Ljava/awt/Font; @ 4 c2
Event: 7340.512 Thread 0x00000164c14aa000 Uncommon trap: reason=unstable_if action=reinterpret pc=0x00000164d3fd9b5c method=java.awt.Font.deriveFont(I)Ljava/awt/Font; @ 4 c2
Event: 7340.526 Thread 0x00000164c14aa000 Uncommon trap: reason=unstable_if action=reinterpret pc=0x00000164d3ee2334 method=java.awt.Font.deriveFont(I)Ljava/awt/Font; @ 4 c2
Event: 7340.643 Thread 0x00000164c14aa000 Uncommon trap: reason=class_check action=maybe_recompile pc=0x00000164d43d78d8 method=javax.swing.plaf.basic.BasicListUI$Handler.propertyChange(Ljava/beans/PropertyChangeEvent;)V @ 97 c2
Event: 7342.350 Thread 0x00000164c14aa000 Uncommon trap: reason=speculate_class_check action=maybe_recompile pc=0x00000164d46275e0 method=javax.swing.plaf.basic.BasicTextUI.installDefaults2()V @ 23 c2
Event: 7349.455 Thread 0x00000164c14aa000 Uncommon trap: reason=speculate_class_check action=maybe_recompile pc=0x00000164d46275e0 method=javax.swing.plaf.basic.BasicTextUI.installDefaults2()V @ 23 c2
Event: 7349.581 Thread 0x00000164c14aa000 Uncommon trap: reason=speculate_class_check action=maybe_recompile pc=0x00000164d46275e0 method=javax.swing.plaf.basic.BasicTextUI.installDefaults2()V @ 23 c2
Event: 7349.597 Thread 0x00000164c14aa000 Uncommon trap: reason=speculate_class_check action=maybe_recompile pc=0x00000164d46275e0 method=javax.swing.plaf.basic.BasicTextUI.installDefaults2()V @ 23 c2

Classes redefined (0 events):
No events

Internal exceptions (10 events):
Event: 7349.422 Thread 0x00000164c14aa000 Exception <a 'de/concept/nlview/NlviewException'{0x00000007540473b0}> (0x00000007540473b0) thrown at [t:/workspace/open/src/hotspot/share/prims/jni.cpp, line 615]
Event: 7349.422 Thread 0x00000164c14aa000 Exception <a 'de/concept/nlview/NlviewException'{0x0000000754047db8}> (0x0000000754047db8) thrown at [t:/workspace/open/src/hotspot/share/prims/jni.cpp, line 615]
Event: 7349.422 Thread 0x00000164c14aa000 Exception <a 'de/concept/nlview/NlviewException'{0x00000007540487c0}> (0x00000007540487c0) thrown at [t:/workspace/open/src/hotspot/share/prims/jni.cpp, line 615]
Event: 7349.422 Thread 0x00000164c14aa000 Exception <a 'de/concept/nlview/NlviewException'{0x00000007540491c8}> (0x00000007540491c8) thrown at [t:/workspace/open/src/hotspot/share/prims/jni.cpp, line 615]
Event: 7349.422 Thread 0x00000164c14aa000 Exception <a 'de/concept/nlview/NlviewException'{0x0000000754049bd0}> (0x0000000754049bd0) thrown at [t:/workspace/open/src/hotspot/share/prims/jni.cpp, line 615]
Event: 7349.422 Thread 0x00000164c14aa000 Exception <a 'de/concept/nlview/NlviewException'{0x000000075404a5d8}> (0x000000075404a5d8) thrown at [t:/workspace/open/src/hotspot/share/prims/jni.cpp, line 615]
Event: 7349.422 Thread 0x00000164c14aa000 Exception <a 'de/concept/nlview/NlviewException'{0x000000075404afe0}> (0x000000075404afe0) thrown at [t:/workspace/open/src/hotspot/share/prims/jni.cpp, line 615]
Event: 7349.422 Thread 0x00000164c14aa000 Exception <a 'de/concept/nlview/NlviewException'{0x000000075404b9f0}> (0x000000075404b9f0) thrown at [t:/workspace/open/src/hotspot/share/prims/jni.cpp, line 615]
Event: 7349.422 Thread 0x00000164c14aa000 Exception <a 'de/concept/nlview/NlviewException'{0x000000075405e630}> (0x000000075405e630) thrown at [t:/workspace/open/src/hotspot/share/prims/jni.cpp, line 615]
Event: 7349.422 Thread 0x00000164c14aa000 Exception <a 'de/concept/nlview/NlviewException'{0x000000075405edc8}> (0x000000075405edc8) thrown at [t:/workspace/open/src/hotspot/share/prims/jni.cpp, line 615]

Events (10 events):
Event: 7349.581 Thread 0x00000164c14aa000 DEOPT PACKING pc=0x00000164d46275e0 sp=0x0000003646ffc600
Event: 7349.581 Thread 0x00000164c14aa000 DEOPT UNPACKING pc=0x00000164cb4091af sp=0x0000003646ffc588 mode 2
Event: 7349.583 Thread 0x00000164c1684000 Thread exited: 0x00000164c1684000
Event: 7349.597 Thread 0x00000164c14aa000 Uncommon trap: trap_request=0xffffff6e fr.pc=0x00000164d46275e0 relative=0x0000000000003f80
Event: 7349.597 Thread 0x00000164c14aa000 DEOPT PACKING pc=0x00000164d46275e0 sp=0x0000003646ffc790
Event: 7349.597 Thread 0x00000164c14aa000 DEOPT UNPACKING pc=0x00000164cb4091af sp=0x0000003646ffc718 mode 2
Event: 7349.740 loading class net/miginfocom/layout/Grid$1
Event: 7349.740 loading class net/miginfocom/layout/Grid$1 done
Event: 7349.755 Thread 0x00000164c1684000 Thread added: 0x00000164c1684000
Event: 7349.758 Thread 0x00000164c1684000 Thread exited: 0x00000164c1684000


Dynamic libraries:
0x00007ff653060000 - 0x00007ff65308f000 	D:\Xilinx\Vivado\2020.2\bin\unwrapped\win64.o\vivado.exe
0x00007ffce30d0000 - 0x00007ffce32c6000 	C:\WINDOWS\SYSTEM32\ntdll.dll
0x00007ffce1900000 - 0x00007ffce19bd000 	C:\WINDOWS\System32\KERNEL32.DLL
0x00007ffce09d0000 - 0x00007ffce0c99000 	C:\WINDOWS\System32\KERNELBASE.dll
0x00007ffce0ea0000 - 0x00007ffce0fa0000 	C:\WINDOWS\System32\ucrtbase.dll
0x00007ffcd0600000 - 0x00007ffcd0699000 	C:\WINDOWS\SYSTEM32\MSVCP140.dll
0x00007ffcce7a0000 - 0x00007ffcce7b6000 	C:\WINDOWS\SYSTEM32\VCRUNTIME140.dll
0x00007ffcaeab0000 - 0x00007ffcafc27000 	D:\Xilinx\Vivado\2020.2\lib\win64.o\librdi_common.dll
0x00007ffcdbf60000 - 0x00007ffcdbf78000 	D:\Xilinx\Vivado\2020.2\lib\win64.o\librdi_commonmain.dll
0x00007ffcdbf80000 - 0x00007ffcdbf93000 	D:\Xilinx\Vivado\2020.2\lib\win64.o\libboost_signals.dll
0x00007ffce2a50000 - 0x00007ffce2bf0000 	C:\WINDOWS\System32\USER32.dll
0x00007ffce09a0000 - 0x00007ffce09c2000 	C:\WINDOWS\System32\win32u.dll
0x00007ffce1260000 - 0x00007ffce128a000 	C:\WINDOWS\System32\GDI32.dll
0x00007ffce0890000 - 0x00007ffce099b000 	C:\WINDOWS\System32\gdi32full.dll
0x00007ffce0cf0000 - 0x00007ffce0d8d000 	C:\WINDOWS\System32\msvcp_win.dll
0x00007ffce29a0000 - 0x00007ffce2a4c000 	C:\WINDOWS\System32\ADVAPI32.dll
0x00007ffce2e80000 - 0x00007ffce2f1e000 	C:\WINDOWS\System32\msvcrt.dll
0x00007ffce2cb0000 - 0x00007ffce2d4c000 	C:\WINDOWS\System32\sechost.dll
0x00007ffce1720000 - 0x00007ffce184b000 	C:\WINDOWS\System32\RPCRT4.dll
0x00007ffce1b70000 - 0x00007ffce22b3000 	C:\WINDOWS\System32\SHELL32.dll
0x00007ffce22c0000 - 0x00007ffce232b000 	C:\WINDOWS\System32\WS2_32.dll
0x00007ffce1100000 - 0x00007ffce1127000 	C:\WINDOWS\System32\bcrypt.dll
0x00007ffcb2d90000 - 0x00007ffcb30fe000 	D:\Xilinx\Vivado\2020.2\lib\win64.o\libCOIN-all.dll
0x00007ffcdb8f0000 - 0x00007ffcdb900000 	D:\Xilinx\Vivado\2020.2\lib\win64.o\libboost_date_time.dll
0x00007ffcdbf30000 - 0x00007ffcdbf52000 	D:\Xilinx\Vivado\2020.2\lib\win64.o\libboost_filesystem.dll
0x00007ffcd0580000 - 0x00007ffcd05f3000 	D:\Xilinx\Vivado\2020.2\lib\win64.o\libboost_program_options.dll
0x00007ffcc4390000 - 0x00007ffcc44a1000 	D:\Xilinx\Vivado\2020.2\lib\win64.o\libboost_regex.dll
0x00007ffcdb8e0000 - 0x00007ffcdb8e9000 	D:\Xilinx\Vivado\2020.2\lib\win64.o\libboost_system.dll
0x00007ffcda620000 - 0x00007ffcda63e000 	D:\Xilinx\Vivado\2020.2\lib\win64.o\libboost_thread.dll
0x00007ffcda610000 - 0x00007ffcda61c000 	D:\Xilinx\Vivado\2020.2\lib\win64.o\libboost_xilinx.dll
0x00007ffcce220000 - 0x00007ffcce2a2000 	D:\Xilinx\Vivado\2020.2\lib\win64.o\libhdlpsolve.dll
0x00007ffcc42e0000 - 0x00007ffcc4385000 	D:\Xilinx\Vivado\2020.2\lib\win64.o\libhdxml.dll
0x00007ffcadcb0000 - 0x00007ffcaeaa2600 	D:\Xilinx\Vivado\2020.2\lib\win64.o\libisl_iostreams.dll
0x00007ffcd39d0000 - 0x00007ffcd39f8000 	D:\Xilinx\Vivado\2020.2\lib\win64.o\libisl_sysinfo.dll
0x00007ffcd2e10000 - 0x00007ffcd2e75000 	D:\Xilinx\Vivado\2020.2\lib\win64.o\liblmx6.0.dll
0x00007ffcd3200000 - 0x00007ffcd321a000 	D:\Xilinx\Vivado\2020.2\lib\win64.o\pthreadVC2.dll
0x00007ffcc7b30000 - 0x00007ffcc7cc9000 	D:\Xilinx\Vivado\2020.2\lib\win64.o\librdi_commonxillic.dll
0x00007ffcd2b90000 - 0x00007ffcd2bac000 	D:\Xilinx\Vivado\2020.2\lib\win64.o\librdiconfig.dll
0x00007ffce19d0000 - 0x00007ffce1a25000 	C:\WINDOWS\System32\SHLWAPI.dll
0x00007ffcd2920000 - 0x00007ffcd2941000 	D:\Xilinx\Vivado\2020.2\lib\win64.o\librdizlib.dll
0x000000006ae20000 - 0x000000006af4b000 	D:\Xilinx\Vivado\2020.2\lib\win64.o\tcl85t.dll
0x0000000012000000 - 0x0000000012270000 	D:\Xilinx\Vivado\2020.2\lib\win64.o\xerces-c_3_1.dll
0x00007ffcdbf20000 - 0x00007ffcdbf29000 	D:\Xilinx\Vivado\2020.2\lib\win64.o\librdi_commonversion.dll
0x00007ffccff50000 - 0x00007ffccff68000 	C:\WINDOWS\SYSTEM32\NETAPI32.dll
0x00007ffcce910000 - 0x00007ffccedea000 	C:\WINDOWS\SYSTEM32\WININET.dll
0x00007ffcd0b20000 - 0x00007ffcd0c20000 	C:\WINDOWS\SYSTEM32\WINHTTP.dll
0x00007ffcd4040000 - 0x00007ffcd422d000 	C:\WINDOWS\SYSTEM32\urlmon.dll
0x00007ffccde80000 - 0x00007ffccde89000 	C:\WINDOWS\SYSTEM32\WSOCK32.dll
0x00007ffcd28f0000 - 0x00007ffcd2919000 	C:\WINDOWS\SYSTEM32\VCOMP140.DLL
0x00007ffcabd90000 - 0x00007ffcadca7000 	D:\Xilinx\Vivado\2020.2\lib\win64.o\gurobi90.dll
0x00007ffce0fa0000 - 0x00007ffce10f6000 	C:\WINDOWS\System32\CRYPT32.dll
0x00007ffce1b10000 - 0x00007ffce1b66000 	C:\WINDOWS\System32\WLDAP32.dll
0x00007ffce19c0000 - 0x00007ffce19c8000 	C:\WINDOWS\System32\Normaliz.dll
0x00007ffcda600000 - 0x00007ffcda60c000 	D:\Xilinx\Vivado\2020.2\lib\win64.o\libboost_chrono.dll
0x00007ffcd2b70000 - 0x00007ffcd2b86000 	D:\Xilinx\Vivado\2020.2\lib\win64.o\libboost_iostreams.dll
0x00007ffcd1270000 - 0x00007ffcd1293000 	D:\Xilinx\Vivado\2020.2\lib\win64.o\libisl_iosutils.dll
0x00007ffcd3d90000 - 0x00007ffcd4040000 	C:\WINDOWS\SYSTEM32\iertutil.dll
0x00007ffcabab0000 - 0x00007ffcabd8b000 	D:\Xilinx\Vivado\2020.2\lib\win64.o\libXil_lmgr11.dll
0x00007ffce2360000 - 0x00007ffce26b6000 	C:\WINDOWS\System32\combase.dll
0x00007ffce1a30000 - 0x00007ffce1b0b000 	C:\WINDOWS\System32\COMDLG32.dll
0x00007ffce2bf0000 - 0x00007ffce2c9e000 	C:\WINDOWS\System32\shcore.dll
0x00007ffcdfd80000 - 0x00007ffcdfd8c000 	C:\WINDOWS\SYSTEM32\NETUTILS.DLL
0x00007ffce2db0000 - 0x00007ffce2e7d000 	C:\WINDOWS\System32\OLEAUT32.dll
0x00007ffce2870000 - 0x00007ffce299a000 	C:\WINDOWS\System32\ole32.dll
0x00007ffce0e40000 - 0x00007ffce0ea0000 	C:\WINDOWS\System32\WINTRUST.dll
0x00007ffcd4920000 - 0x00007ffcd49d0000 	C:\WINDOWS\WinSxS\amd64_microsoft.windows.common-controls_6595b64144ccf1df_5.82.19041.488_none_4238de57f6b64d28\COMCTL32.dll
0x00007ffcdff80000 - 0x00007ffcdffea000 	C:\WINDOWS\SYSTEM32\MSWSOCK.DLL
0x00007ffcda110000 - 0x00007ffcda12d000 	C:\WINDOWS\SYSTEM32\dhcpcsvc.DLL
0x00007ffce2330000 - 0x00007ffce2360000 	C:\WINDOWS\System32\IMM32.DLL
0x00007ffce03a0000 - 0x00007ffce03b2000 	C:\WINDOWS\SYSTEM32\MSASN1.dll
0x00007ffcdf0a0000 - 0x00007ffcdf0b2000 	C:\WINDOWS\SYSTEM32\kernel.appcore.dll
0x00007ffcab580000 - 0x00007ffcabaa2000 	D:\Xilinx\Vivado\2020.2\lib\win64.o\librdi_commontasks.dll
0x00007ffce0390000 - 0x00007ffce039a000 	C:\WINDOWS\SYSTEM32\VERSION.dll
0x00007ffcab2a0000 - 0x00007ffcab575000 	D:\Xilinx\Vivado\2020.2\lib\win64.o\librdi_sio.dll
0x00007ffcaa770000 - 0x00007ffcab293000 	D:\Xilinx\Vivado\2020.2\tps\win64\jre11.0.2\bin\server\jvm.dll
0x00007ffcdfc20000 - 0x00007ffcdfc5b000 	C:\WINDOWS\SYSTEM32\IPHLPAPI.DLL
0x00007ffce1130000 - 0x00007ffce1138000 	C:\WINDOWS\System32\PSAPI.DLL
0x00007ffcd4fd0000 - 0x00007ffcd4ff7000 	C:\WINDOWS\SYSTEM32\WINMM.dll
0x00007ffcde6f0000 - 0x00007ffcdee7f000 	C:\WINDOWS\SYSTEM32\windows.storage.dll
0x00007ffce0200000 - 0x00007ffce022c000 	C:\WINDOWS\SYSTEM32\Wldp.dll
0x00007ffca7cb0000 - 0x00007ffcaa76e000 	D:\Xilinx\Vivado\2020.2\lib\win64.o\librdi_tcltasks.dll
0x00007ffccd640000 - 0x00007ffccd6be000 	D:\Xilinx\Vivado\2020.2\lib\win64.o\librdi_boarddep.dll
0x00007ffcb2460000 - 0x00007ffcb2906000 	D:\Xilinx\Vivado\2020.2\lib\win64.o\librdi_bitstream.dll
0x00007ffcb2bd0000 - 0x00007ffcb2d83000 	D:\Xilinx\Vivado\2020.2\lib\win64.o\librdi_board.dll
0x00007ffcb56c0000 - 0x00007ffcb57b6000 	D:\Xilinx\Vivado\2020.2\lib\win64.o\librdi_chipscope.dll
0x00007ffca50a0000 - 0x00007ffca6ecc000 	D:\Xilinx\Vivado\2020.2\lib\win64.o\librdi_constraints.dll
0x00007ffca7ac0000 - 0x00007ffca7caa000 	D:\Xilinx\Vivado\2020.2\lib\win64.o\librdi_chipscopeimpl.dll
0x00007ffca2ce0000 - 0x00007ffca509d000 	D:\Xilinx\Vivado\2020.2\lib\win64.o\librdi_coregen.dll
0x00007ffcb3170000 - 0x00007ffcb32d1000 	D:\Xilinx\Vivado\2020.2\lib\win64.o\librdi_containers.dll
0x00007ffca0850000 - 0x00007ffca25b1000 	D:\Xilinx\Vivado\2020.2\lib\win64.o\librdi_designutils.dll
0x00007ffca25c0000 - 0x00007ffca2cd8000 	D:\Xilinx\Vivado\2020.2\lib\win64.o\librdi_coregenipxact.dll
0x00007ffc88270000 - 0x00007ffca084f000 	D:\Xilinx\Vivado\2020.2\lib\win64.o\librdi_device.dll
0x00007ffca7750000 - 0x00007ffca7ab8000 	D:\Xilinx\Vivado\2020.2\lib\win64.o\librdi_dlyest.dll
0x00007ffc87c10000 - 0x00007ffc8826d000 	D:\Xilinx\Vivado\2020.2\lib\win64.o\librdi_drc.dll
0x00007ffcc89a0000 - 0x00007ffcc8a53000 	D:\Xilinx\Vivado\2020.2\lib\win64.o\librdi_dsp.dll
0x00007ffc87540000 - 0x00007ffc87c02000 	D:\Xilinx\Vivado\2020.2\lib\win64.o\librdi_filemgmt.dll
0x00007ffc86fa0000 - 0x00007ffc87217000 	D:\Xilinx\Vivado\2020.2\lib\win64.o\librdi_hip_devdesign.dll
0x00007ffc87220000 - 0x00007ffc8753d000 	D:\Xilinx\Vivado\2020.2\lib\win64.o\librdi_guitools.dll
0x00007ffccd410000 - 0x00007ffccd47b000 	D:\Xilinx\Vivado\2020.2\lib\win64.o\librdi_hdf.dll
0x00007ffc86e50000 - 0x00007ffc86f97000 	D:\Xilinx\Vivado\2020.2\lib\win64.o\librdi_hip_perf_analysis.dll
0x00007ffc85270000 - 0x00007ffc86e44000 	D:\Xilinx\Vivado\2020.2\lib\win64.o\librdi_implflow.dll
0x00007ffc84c20000 - 0x00007ffc8526c000 	D:\Xilinx\Vivado\2020.2\lib\win64.o\librdi_memdata.dll
0x00007ffc827d0000 - 0x00007ffc84c14000 	D:\Xilinx\Vivado\2020.2\lib\win64.o\librdi_mig.dll
0x00007ffccbd30000 - 0x00007ffccbda2000 	D:\Xilinx\Vivado\2020.2\lib\win64.o\librdi_memoryarray.dll
0x00007ffc820a0000 - 0x00007ffc827cc000 	D:\Xilinx\Vivado\2020.2\lib\win64.o\librdi_netlist.dll
0x00007ffcd0520000 - 0x00007ffcd0574000 	D:\Xilinx\Vivado\2020.2\lib\win64.o\librdi_pfi.dll
0x00007ffc7ee90000 - 0x00007ffc82097000 	D:\Xilinx\Vivado\2020.2\lib\win64.o\librdi_place.dll
0x00007ffc7e780000 - 0x00007ffc7eb1e000 	D:\Xilinx\Vivado\2020.2\lib\win64.o\librdi_platform.dll
0x00007ffc7d8e0000 - 0x00007ffc7df54000 	D:\Xilinx\Vivado\2020.2\lib\win64.o\librdi_project.dll
0x00007ffc7df60000 - 0x00007ffc7e777000 	D:\Xilinx\Vivado\2020.2\lib\win64.o\librdi_power.dll
0x00007ffc7d1b0000 - 0x00007ffc7d8d2000 	D:\Xilinx\Vivado\2020.2\lib\win64.o\librdi_psta.dll
0x00007ffc7c9a0000 - 0x00007ffc7d1ac000 	D:\Xilinx\Vivado\2020.2\lib\win64.o\librdi_rsb.dll
0x00007ffc7c470000 - 0x00007ffc7c99b000 	D:\Xilinx\Vivado\2020.2\lib\win64.o\librdi_runs.dll
0x00007ffc7ec10000 - 0x00007ffc7ee84000 	D:\Xilinx\Vivado\2020.2\lib\win64.o\librdi_simdata.dll
0x00007ffc7b4e0000 - 0x00007ffc7c461000 	D:\Xilinx\Vivado\2020.2\lib\win64.o\librdi_timing.dll
0x00007ffcb3eb0000 - 0x00007ffcb3fb9000 	D:\Xilinx\Vivado\2020.2\lib\win64.o\librdi_runsbase.dll
0x00007ffca7630000 - 0x00007ffca7746000 	D:\Xilinx\Vivado\2020.2\lib\win64.o\librdi_xhub.dll
0x00007ffcb8c30000 - 0x00007ffcb8cd7000 	D:\Xilinx\Vivado\2020.2\lib\win64.o\librdi_xhubtasks.dll
0x00007ffc7b2f0000 - 0x00007ffc7b4db000 	D:\Xilinx\Vivado\2020.2\lib\win64.o\librdi_advchipscopeimpl.dll
0x00007ffccc2e0000 - 0x00007ffccc327000 	D:\Xilinx\Vivado\2020.2\lib\win64.o\libboost_serialization.dll
0x00007ffcb2370000 - 0x00007ffcb245b000 	D:\Xilinx\Vivado\2020.2\lib\win64.o\librdi_ipconfig_readwrite.dll
0x00007ffcc53c0000 - 0x00007ffcc542a000 	D:\Xilinx\Vivado\2020.2\lib\win64.o\librdi_noc_frameworks.dll
0x00007ffca7540000 - 0x00007ffca7606000 	D:\Xilinx\Vivado\2020.2\lib\win64.o\librdi_bda.dll
0x00007ffcc0d70000 - 0x00007ffcc0db6000 	D:\Xilinx\Vivado\2020.2\lib\win64.o\libboost_graph.dll
0x00007ffc7a7e0000 - 0x00007ffc7af47000 	D:\Xilinx\Vivado\2020.2\lib\win64.o\librdi_ippcw.dll
0x00007ffc79c80000 - 0x00007ffc7a7d6000 	D:\Xilinx\Vivado\2020.2\lib\win64.o\libverific.dll
0x00007ffc7aff0000 - 0x00007ffc7b2eb000 	D:\Xilinx\Vivado\2020.2\lib\win64.o\librdi_hip_config.dll
0x00007ffc79730000 - 0x00007ffc79c7e000 	D:\Xilinx\Vivado\2020.2\lib\win64.o\librdi_xdm.dll

dbghelp: loaded successfully - version: 4.0.5 - missing functions: none
symbol engine: initialized successfully - sym options: 0x614 - pdb path: .;D:\Xilinx\Vivado\2020.2\bin\unwrapped\win64.o;C:\WINDOWS\SYSTEM32;D:\Xilinx\Vivado\2020.2\lib\win64.o;C:\WINDOWS\WinSxS\amd64_microsoft.windows.common-controls_6595b64144ccf1df_5.82.19041.488_none_4238de57f6b64d28;D:\Xilinx\Vivado\2020.2\tps\win64\jre11.0.2\bin\server;D:\Xilinx\Vivado\2020.2\tps\win64\python-3.8.3;D:\Xilinx\Vivado\2020.2\tps\win64\jre11.0.2\bin;C:\WINDOWS\WinSxS\amd64_microsoft.windows.common-controls_6595b64144ccf1df_6.0.19041.746_none_ca02b4b61b8320a4;C:\Windows\Microsoft.NET\Framework64\v4.0.30319;C:\WINDOWS\assembly\NativeImages_v4.0.30319_64\mscorlib\828ccaa50bf1ef868f4ecc1cf23f7dff;C:\WINDOWS\WinSxS\amd64_microsoft.windows.gdiplus_6595b64144ccf1df_1.1.19041.746_none_faeda79b76159a72;C:\Program Files (x86)\Internet Download Manager;C:\Program Files (x86)\360\360safe\safemon

VM Arguments:
jvm_args: -Dsun.java2d.pmoffscreen=false -Dhttps.protocols=TLSv1,TLSv1.1,TLSv1.2 -Dsun.java2d.xrender=false -Dsun.java2d.d3d=false -Dsun.awt.nopixfmt=true -Dsun.java2d.dpiaware=true -Dsun.java2d.uiScale.enabled=false -Xverify:none -Dswing.aatext=true -XX:-UsePerfData -Djdk.map.althashing.threshold=512 -XX:StringTableSize=4072 --add-opens=java.base/java.nio=ALL-UNNAMED --add-opens=java.desktop/sun.swing=ALL-UNNAMED --add-opens=java.desktop/javax.swing=ALL-UNNAMED --add-opens=java.desktop/javax.swing.tree=ALL-UNNAMED --add-opens=java.desktop/javax.swing.plaf.basic=ALL-UNNAMED --add-opens=java.desktop/javax.swing.plaf.synth=ALL-UNNAMED --add-opens=java.desktop/com.sun.awt=ALL-UNNAMED -XX:NewSize=60m -XX:MaxNewSize=60m -Xms128m -Xmx3072m -Xss5m 
java_command: <unknown>
java_class_path (initial): D:/Xilinx/Vivado/2020.2\lib\classes\alloy.jar;D:/Xilinx/Vivado/2020.2\lib\classes\ArchiveSummary.jar;D:/Xilinx/Vivado/2020.2\lib\classes\autoesl-models.jar;D:/Xilinx/Vivado/2020.2\lib\classes\autopilot.scelaborator.jar;D:/Xilinx/Vivado/2020.2\lib\classes\autopilot.sourceprocessor.jar;D:/Xilinx/Vivado/2020.2\lib\classes\autopilot.tbprocessor.jar;D:/Xilinx/Vivado/2020.2\lib\classes\batik-anim.jar;D:/Xilinx/Vivado/2020.2\lib\classes\batik-awt-util.jar;D:/Xilinx/Vivado/2020.2\lib\classes\batik-bridge.jar;D:/Xilinx/Vivado/2020.2\lib\classes\batik-codec.jar;D:/Xilinx/Vivado/2020.2\lib\classes\batik-css.jar;D:/Xilinx/Vivado/2020.2\lib\classes\batik-dom.jar;D:/Xilinx/Vivado/2020.2\lib\classes\batik-ext.jar;D:/Xilinx/Vivado/2020.2\lib\classes\batik-gui-util.jar;D:/Xilinx/Vivado/2020.2\lib\classes\batik-gvt.jar;D:/Xilinx/Vivado/2020.2\lib\classes\batik-parser.jar;D:/Xilinx/Vivado/2020.2\lib\classes\batik-script.jar;D:/Xilinx/Vivado/2020.2\lib\classes\batik-svg-dom.jar;D:/Xilinx/Vivado/2020.2\lib\classes\batik-swing.jar;D:/Xilinx/Vivado/2020.2\lib\classes\batik-transcoder.jar;D:/Xilinx/Vivado/2020.2\lib\classes\batik-util.jar;D:/Xilinx/Vivado/2020.2\lib\classes\batik-xml.jar;D:/Xilinx/Vivado/2020.2\lib\classes\com.google.gson_2.8.2.v20180104-1110.jar;D:/Xilinx/Vivado/2020.2\lib\classes\com.google.guava_27.1.0.v20190517-1946.jar;D:/Xilinx/Vivado/2020.2\lib\classes\com.ibm.icu_4.4.2.v20110208.jar;D:/Xilinx/Vivado/2020.2\lib\classes\com.sigasi.hdt.connection_4.9.0.202009050929.jar;D:/Xilinx/Vivado/2020.2\lib\classes\com.sigasi.hdt.epl_4.9.0.202009050929.jar;D:/Xilinx/Vivado/2020.2\lib\classes\com.sigasi.hdt.project_4.9.0.202009050929.jar;D:/Xilinx/Vivado/2020.2\lib\classes\com.sigasi.hdt.readonlyfilesystem_4.9.0.202009050929.jar;D:/Xilinx/Vivado/2020.2\lib\classes\com.sigasi.lcm_4.9.0.202009050929.jar;D:/Xilinx/Vivado/2020.2\lib\classes\com.sigasi.sdk.client_4.9.0.202009050929.jar;D:/Xilinx/Vivado/2020.2\lib\classes\com.xilinx.hls.services.jar;D:/Xili
Launcher Type: generic

[Global flags]
     bool BytecodeVerificationLocal                = false                                     {product} {command line}
     bool BytecodeVerificationRemote               = false                                     {product} {command line}
     intx CICompilerCount                          = 12                                        {product} {ergonomic}
     uint ConcGCThreads                            = 3                                         {product} {ergonomic}
     uint G1ConcRefinementThreads                  = 13                                        {product} {ergonomic}
   size_t G1HeapRegionSize                         = 1048576                                   {product} {ergonomic}
    uintx GCDrainStackTargetSize                   = 64                                        {product} {ergonomic}
   size_t InitialHeapSize                          = 134217728                                 {product} {command line}
   size_t MarkStackSize                            = 4194304                                   {product} {ergonomic}
   size_t MaxHeapSize                              = 3221225472                                {product} {command line}
   size_t MaxNewSize                               = 62914560                                  {product} {command line}
   size_t MinHeapDeltaBytes                        = 1048576                                   {product} {ergonomic}
   size_t NewSize                                  = 62914560                                  {product} {command line}
    uintx NonNMethodCodeHeapSize                   = 7591728                                {pd product} {ergonomic}
    uintx NonProfiledCodeHeapSize                  = 122033256                              {pd product} {ergonomic}
    uintx ProfiledCodeHeapSize                     = 122033256                              {pd product} {ergonomic}
    uintx ReservedCodeCacheSize                    = 251658240                              {pd product} {ergonomic}
     bool SegmentedCodeCache                       = true                                      {product} {ergonomic}
    uintx StringTableSize                          = 4072                                      {product} {command line}
     intx ThreadStackSize                          = 5120                                   {pd product} {command line}
     bool UseCompressedClassPointers               = true                                 {lp64_product} {ergonomic}
     bool UseCompressedOops                        = true                                 {lp64_product} {ergonomic}
     bool UseG1GC                                  = true                                      {product} {ergonomic}
     bool UseLargePagesIndividualAllocation        = false                                  {pd product} {ergonomic}
     bool UsePerfData                              = false                                     {product} {command line}

Logging:
Log output configuration:
 #0: stdout all=warning uptime,level,tags
 #1: stderr all=off uptime,level,tags

Environment Variables:
PATH=D:/Xilinx/Vivado/2020.2\gnuwin\bin;D:/Xilinx/Vivado/2020.2\gnu\microblaze\nt\bin;D:/Xilinx/Vivado/2020.2/bin;D:/Xilinx/Vivado/2020.2/tps/win64/javafx-sdk-11.0.2/lib;D:/Xilinx/Vivado/2020.2/tps/win64/javafx-sdk-11.0.2/bin;D:/Xilinx/Vivado/2020.2/lib/win64.o;D:/Xilinx/Vivado/2020.2/tps/win64/jre11.0.2/bin/server;D:/Xilinx/Vivado/2020.2/tps/win64/jre11.0.2/bin;D:/Xilinx/Vitis/2020.2/bin;D:/Xilinx/Vivado/2020.2/ids_lite/ISE/bin/nt64;D:/Xilinx/Vivado/2020.2/ids_lite/ISE/lib/nt64;D:/Xilinx/Vitis_HLS/2020.2/bin;C:\Program Files (x86)\NVIDIA Corporation\PhysX\Common;C:\Windows\system32;C:\Windows;C:\Windows\System32\Wbem;C:\Windows\System32\WindowsPowerShell\v1.0\;C:\Windows\System32\OpenSSH\;C:\Windows\system32\config\systemprofile\.dnx\bin;C:\Program Files\Microsoft DNX\Dnvm\;C:\Program Files (x86)\Windows Kits\8.1\Windows Performance Toolkit\;C:\Strawberry\c\bin;C:\Strawberry\perl\site\bin;C:\Strawberry\perl\bin;C:\Qt\Qt5.9.7\5.9.7\msvc2015\bin;C:\Qt\Qt5.9.7\5.9.7\msvc2015_64\bin;C:\Qt\Qt5.9.7\Tools\mingw530_32\bin;C:\Qwt-6.1.4\lib;;C:\Program Files\NVIDIA Corporation\NVIDIA NGX;C:\Program Files\Microsoft SQL Server\120\Tools\Binn\;C:\Program Files (x86)\Windows Kits\10\Windows Performance Toolkit\;C:\Windows\SysWOW64\WindowsPowerShell\v1.0\Modules\TShell\TShell\;C:\Program Files\Microsoft VS Code\bin;C:\Cadence\Cadence_SPB_16.6\openaccess\bin\win32\opt;C:\Cadence\Cadence_SPB_16.6\tools\capture;C:\Cadence\Cadence_SPB_16.6\tools\pspice;C:\Cadence\Cadence_SPB_16.6\tools\specctra\bin;C:\Cadence\Cadence_SPB_16.6\tools\fet\bin;C:\Cadence\Cadence_SPB_16.6\tools\libutil\bin;C:\Cadence\Cadence_SPB_16.6\tools\bin;C:\Cadence\Cadence_SPB_16.6\tools\pcb\bin;C:\Users\tjy\AppData\Local\Microsoft\WindowsApps;D:/Xilinx/Vivado/2020.2\tps\mingw\6.2.0\win64.o\nt\bin;D:/Xilinx/Vivado/2020.2\tps\mingw\6.2.0\win64.o\nt\libexec\gcc\x86_64-w64-mingw32\6.2.0;D:/Xilinx/Vivado/2020.2\tps\win64\python-3.8.3;D:/Xilinx/Vivado/2020.2\tps\win64\python-3.8.3\bin;D:/Xilinx/Vivado/2020.2\tps\win64\pytho
USERNAME=tjy
OS=Windows_NT
PROCESSOR_IDENTIFIER=Intel64 Family 6 Model 158 Stepping 12, GenuineIntel



---------------  S Y S T E M  ---------------

OS: Windows 10 , 64 bit Build 19041 (10.0.19041.662)

CPU:total 16 (initial active 16) (8 cores per cpu, 2 threads per core) family 6 model 158 stepping 12, cmov, cx8, fxsr, mmx, sse, sse2, sse3, ssse3, sse4.1, sse4.2, popcnt, avx, avx2, aes, clmul, erms, rtm, 3dnowpref, lzcnt, ht, tsc, tscinvbit, bmi1, bmi2, adx, fma

Memory: 4k page, system-wide physical 32678M (15936M free)
TotalPageFile size 38009M (AvailPageFile size 7756M)
current process WorkingSet (physical memory assigned to process): 828M, peak: 1190M
current process commit charge ("private bytes"): 1263M, peak: 1282M

vm_info: OpenJDK 64-Bit Server VM (11.0.2+9) for windows-amd64 JRE (11.0.2+9), built on Jan 18 2019 05:23:22 by "mach5one" with MS VC++ 15.5 (VS2017)

END.
