#-----------------------------------------------------------
# Vivado v2021.2 (64-bit)
# SW Build 3367213 on Tue Oct 19 02:48:09 MDT 2021
# IP Build 3369179 on Thu Oct 21 08:25:16 MDT 2021
# Start of session at: Mon Sep  2 14:31:34 2024
# Process ID: 9252
# Current directory: E:/开发板资料/MLK_H4_CU01-040开发板/demo/3-1-02_ex_fdma_ddr/02_fdma_ddr_test/uisrc/03_ip/uifdma/project_1
# Command line: vivado.exe -gui_launcher_event rodinguilauncherevent16272 E:\开发板资料\MLK_H4_CU01-040开发板\demo\3-1-02_ex_fdma_ddr\02_fdma_ddr_test\uisrc\03_ip\uifdma\project_1\project_1.xpr
# Log file: E:/开发板资料/MLK_H4_CU01-040开发板/demo/3-1-02_ex_fdma_ddr/02_fdma_ddr_test/uisrc/03_ip/uifdma/project_1/vivado.log
# Journal file: E:/开发板资料/MLK_H4_CU01-040开发板/demo/3-1-02_ex_fdma_ddr/02_fdma_ddr_test/uisrc/03_ip/uifdma/project_1\vivado.jou
# Running On: huiyi, OS: Windows, CPU Frequency: 2304 MHz, CPU Physical cores: 8, Host memory: 17023 MB
#-----------------------------------------------------------
start_gui
WARNING: [Board 49-26] cannot add Board Part xilinx.com:vck190_es:part0:1.3 available at F:/Xilinx/Vivado/2021.2/data/xhub/boards/XilinxBoardStore/boards/Xilinx/vck190/es/1.3/board.xml as part xcvc1902-vsva2197-2mp-e-s-es1 specified in board_part file is either invalid or not available
WARNING: [Board 49-26] cannot add Board Part xilinx.com:vmk180_es:part0:1.3 available at F:/Xilinx/Vivado/2021.2/data/xhub/boards/XilinxBoardStore/boards/Xilinx/vmk180/es/1.3/board.xml as part xcvm1802-vsva2197-2mp-e-s-es1 specified in board_part file is either invalid or not available
WARNING: [Board 49-26] cannot add Board Part xilinx.com:vpk120_es:part0:1.2 available at F:/Xilinx/Vivado/2021.2/data/xhub/boards/XilinxBoardStore/boards/Xilinx/vpk120/es/1.2/board.xml as part xcvp1202-vsva2785-2mp-e-s-es1 specified in board_part file is either invalid or not available
WARNING: [Board 49-26] cannot add Board Part xilinx.com:zcu208ld:part0:2.0 available at F:/Xilinx/Vivado/2021.2/data/xhub/boards/XilinxBoardStore/boards/Xilinx/zcu208ld/production/2.0/board.xml as part xczu58dr-fsvg1517-2-i specified in board_part file is either invalid or not available
WARNING: [Board 49-26] cannot add Board Part xilinx.com:zcu208ld_es:part0:1.0 available at F:/Xilinx/Vivado/2021.2/data/xhub/boards/XilinxBoardStore/boards/Xilinx/zcu208ld/es/1.0/board.xml as part xczu58dr-fsvg1517-2-i-es1 specified in board_part file is either invalid or not available
WARNING: [Board 49-26] cannot add Board Part xilinx.com:zcu216ld:part0:2.0 available at F:/Xilinx/Vivado/2021.2/data/xhub/boards/XilinxBoardStore/boards/Xilinx/zcu216ld/production/2.0/board.xml as part xczu59dr-ffvf1760-2-i specified in board_part file is either invalid or not available
WARNING: [Board 49-26] cannot add Board Part xilinx.com:zcu216ld_es:part0:1.0 available at F:/Xilinx/Vivado/2021.2/data/xhub/boards/XilinxBoardStore/boards/Xilinx/zcu216ld/es/1.0/board.xml as part xczu59dr-ffvf1760-2-i-es1 specified in board_part file is either invalid or not available
WARNING: [Board 49-26] cannot add Board Part xilinx.com:zcu670:part0:1.0 available at F:/Xilinx/Vivado/2021.2/data/xhub/boards/XilinxBoardStore/boards/Xilinx/zcu670/1.0/board.xml as part xczu67dr-fsve1156-2-i specified in board_part file is either invalid or not available
open_project -read_only E:/开发板资料/MLK_H4_CU01-040开发板/demo/3-1-02_ex_fdma_ddr/02_fdma_ddr_test/uisrc/03_ip/uifdma/project_1/project_1.xpr
INFO: [ProjectBase 1-489] The host OS only allows 260 characters in a normal path. The project is stored in a path with more than 80 characters. If you experience issues with IP, Block Designs, or files not being found, please consider moving the project to a location with a shorter path. Alternately consider using the OS subst command to map part of the path to a drive letter.
Current project path is 'E:/开发板资料/MLK_H4_CU01-040开发板/demo/3-1-02_ex_fdma_ddr/02_fdma_ddr_test/uisrc/03_ip/uifdma/project_1'
INFO: [Project 1-313] Project file moved from 'F:/Boards/mz7xab/fdma_dbuf_test/zq_prj/uisrc/03_ip/uifdma/project_1' since last save.
INFO: [filemgmt 56-2] Default IP Output Path : Could not find the directory 'E:/开发板资料/MLK_H4_CU01-040开发板/demo/3-1-02_ex_fdma_ddr/02_fdma_ddr_test/uisrc/03_ip/uifdma/project_1/project_1.gen/sources_1', nor could it be found using path 'F:/Boards/mz7xab/fdma_dbuf_test/zq_prj/uisrc/03_ip/uifdma/project_1/project_1.gen/sources_1'.
Scanning sources...
Finished scanning sources
WARNING: [Project 1-229] Project 'project_1.xpr' is read-only and therefore could not be upgraded for this version of Vivado.  Use 'File | Save Project As...' if you wish to save an upgraded copy.
INFO: [IP_Flow 19-234] Refreshing IP repositories
INFO: [IP_Flow 19-1700] Loaded user IP repository 'e:/开发板资料/MLK_H4_CU01-040开发板/demo/3-1-02_ex_fdma_ddr/02_fdma_ddr_test/uisrc/03_ip/uifdma'.
WARNING: [IP_Flow 19-3656] If you move the project, the path for repository 'e:/开发板资料/MLK_H4_CU01-040开发板/demo/3-1-02_ex_fdma_ddr/02_fdma_ddr_test/uisrc/03_ip/uifdma' may become invalid. A better location for the repository would be in a path adjacent to the project. (Current project location is 'e:/开发板资料/MLK_H4_CU01-040开发板/demo/3-1-02_ex_fdma_ddr/02_fdma_ddr_test/uisrc/03_ip/uifdma/project_1'.)
INFO: [IP_Flow 19-2313] Loaded Vivado IP repository 'F:/Xilinx/Vivado/2021.2/data/ip'.
update_compile_order -fileset sources_1
exit
INFO: [Common 17-206] Exiting Vivado at Mon Sep  2 14:32:32 2024...
