#-----------------------------------------------------------
# Vivado v2020.2 (64-bit)
# SW Build 3064766 on Wed Nov 18 09:12:45 MST 2020
# IP Build 3064653 on Wed Nov 18 14:17:31 MST 2020
# Start of session at: Mon Mar 15 11:17:09 2021
# Process ID: 64124
# Current directory: G:/V2020/S02/02_example_fdma_ddr_2/01_fdma_ddr_test_new/uisrc/03_ip/uifdma/project_1
# Command line: vivado.exe -gui_launcher_event rodinguilauncherevent84296 G:\V2020\S02\02_example_fdma_ddr_2\01_fdma_ddr_test_new\uisrc\03_ip\uifdma\project_1\project_1.xpr
# Log file: G:/V2020/S02/02_example_fdma_ddr_2/01_fdma_ddr_test_new/uisrc/03_ip/uifdma/project_1/vivado.log
# Journal file: G:/V2020/S02/02_example_fdma_ddr_2/01_fdma_ddr_test_new/uisrc/03_ip/uifdma/project_1\vivado.jou
#-----------------------------------------------------------
start_gui
open_project G:/V2020/S02/02_example_fdma_ddr_2/01_fdma_ddr_test_new/uisrc/03_ip/uifdma/project_1/project_1.xpr
INFO: [ProjectBase 1-489] The host OS only allows 260 characters in a normal path. The project is stored in a path with more than 80 characters. If you experience issues with IP, Block Designs, or files not being found, please consider moving the project to a location with a shorter path. Alternately consider using the OS subst command to map part of the path to a drive letter.
Current project path is 'G:/V2020/S02/02_example_fdma_ddr_2/01_fdma_ddr_test_new/uisrc/03_ip/uifdma/project_1'
WARNING: [filemgmt 56-3] IP Repository Path: Could not find the directory 'G:/V2020/S02/02_example_fdma_ddr_2/01_fdma_ddr_test_new/uisrc/03_ip/uifdma/project_1/v2020/s02/02_example_fdma_ddr_20/02_fdma_3buf_test/prj_normal/uisrc/03_ip/uifdma'.
WARNING: [filemgmt 56-3] IP Repository Path: Could not find the directory 'G:/v2020/s01/ch31/fpga_prj/uisrc/03_ip/uiuart'.
Scanning sources...
Finished scanning sources
INFO: [IP_Flow 19-234] Refreshing IP repositories
INFO: [IP_Flow 19-1700] Loaded user IP repository 'g:/V2020/S02/02_example_fdma_ddr_2/01_fdma_ddr_test_new/uisrc/03_ip/uifdma'.
WARNING: [IP_Flow 19-3656] If you move the project, the path for repository 'g:/V2020/S02/02_example_fdma_ddr_2/01_fdma_ddr_test_new/uisrc/03_ip/uifdma' may become invalid. A better location for the repository would be in a path adjacent to the project. (Current project location is 'g:/V2020/S02/02_example_fdma_ddr_2/01_fdma_ddr_test_new/uisrc/03_ip/uifdma/project_1'.)
WARNING: [IP_Flow 19-3685] Ignored loading user repository 'g:/V2020/S02/02_example_fdma_ddr_2/01_fdma_ddr_test_new/uisrc/03_ip/uifdma/project_1/v2020/s02/02_example_fdma_ddr_20/02_fdma_3buf_test/prj_normal/uisrc/03_ip/uifdma'. The path is contained within another repository.
WARNING: [IP_Flow 19-2248] Failed to load user IP repository 'g:/v2020/s01/ch31/fpga_prj/uisrc/03_ip/uiuart'; Can't find the specified path.
If this directory should no longer be in your list of user repositories, go to the IP Settings dialog and remove it.
INFO: [IP_Flow 19-1700] Loaded user IP repository 'g:/V2020/S02/02_example_fdma_ddr_20/02_fdma_3buf_test/prj_normal/uisrc/03_ip/uitpg/ip_repo'.
INFO: [IP_Flow 19-2313] Loaded Vivado IP repository 'D:/Xilinx/Vivado/2020.2/data/ip'.
update_compile_order -fileset sources_1
close_project
open_project G:/V2020/S02/02_example_fdma_ddr_2/01_fdma_ddr_test_old/AXI_FMDA.xpr
Scanning sources...
Finished scanning sources
INFO: [IP_Flow 19-234] Refreshing IP repositories
INFO: [IP_Flow 19-1700] Loaded user IP repository 'g:/V2020/S02/02_example_fdma_ddr_2/01_fdma_ddr_test_old/uisrc/03_ip'.
INFO: [IP_Flow 19-2313] Loaded Vivado IP repository 'D:/Xilinx/Vivado/2020.2/data/ip'.
WARNING: [IP_Flow 19-3664] IP 'system_mig_7series_0_1' generated file not found 'g:/V2020/S02/02_example_fdma_ddr_2/01_fdma_ddr_test_old/.Xil/Vivado-321316-DESKTOP-70U0FCD/coregen/system_mig_7series_0_1/system_mig_7series_0_1/user_design/rtl/axi/mig_7series_v4_2_axi_ctrl_addr_decode.v'. Please regenerate to continue.
WARNING: [IP_Flow 19-3664] IP 'system_mig_7series_0_1' generated file not found 'g:/V2020/S02/02_example_fdma_ddr_2/01_fdma_ddr_test_old/.Xil/Vivado-321316-DESKTOP-70U0FCD/coregen/system_mig_7series_0_1/system_mig_7series_0_1/user_design/rtl/axi/mig_7series_v4_2_axi_ctrl_read.v'. Please regenerate to continue.
WARNING: [IP_Flow 19-3664] IP 'system_mig_7series_0_1' generated file not found 'g:/V2020/S02/02_example_fdma_ddr_2/01_fdma_ddr_test_old/.Xil/Vivado-321316-DESKTOP-70U0FCD/coregen/system_mig_7series_0_1/system_mig_7series_0_1/user_design/rtl/axi/mig_7series_v4_2_axi_ctrl_reg.v'. Please regenerate to continue.
WARNING: [IP_Flow 19-3664] IP 'system_mig_7series_0_1' generated file not found 'g:/V2020/S02/02_example_fdma_ddr_2/01_fdma_ddr_test_old/.Xil/Vivado-321316-DESKTOP-70U0FCD/coregen/system_mig_7series_0_1/system_mig_7series_0_1/user_design/rtl/axi/mig_7series_v4_2_axi_ctrl_reg_bank.v'. Please regenerate to continue.
WARNING: [IP_Flow 19-3664] IP 'system_mig_7series_0_1' generated file not found 'g:/V2020/S02/02_example_fdma_ddr_2/01_fdma_ddr_test_old/.Xil/Vivado-321316-DESKTOP-70U0FCD/coregen/system_mig_7series_0_1/system_mig_7series_0_1/user_design/rtl/axi/mig_7series_v4_2_axi_ctrl_top.v'. Please regenerate to continue.
WARNING: [IP_Flow 19-3664] IP 'system_mig_7series_0_1' generated file not found 'g:/V2020/S02/02_example_fdma_ddr_2/01_fdma_ddr_test_old/.Xil/Vivado-321316-DESKTOP-70U0FCD/coregen/system_mig_7series_0_1/system_mig_7series_0_1/user_design/rtl/axi/mig_7series_v4_2_axi_ctrl_write.v'. Please regenerate to continue.
WARNING: [IP_Flow 19-3664] IP 'system_mig_7series_0_1' generated file not found 'g:/V2020/S02/02_example_fdma_ddr_2/01_fdma_ddr_test_old/.Xil/Vivado-321316-DESKTOP-70U0FCD/coregen/system_mig_7series_0_1/system_mig_7series_0_1/user_design/rtl/axi/mig_7series_v4_2_axi_mc.v'. Please regenerate to continue.
WARNING: [IP_Flow 19-3664] IP 'system_mig_7series_0_1' generated file not found 'g:/V2020/S02/02_example_fdma_ddr_2/01_fdma_ddr_test_old/.Xil/Vivado-321316-DESKTOP-70U0FCD/coregen/system_mig_7series_0_1/system_mig_7series_0_1/user_design/rtl/axi/mig_7series_v4_2_axi_mc_ar_channel.v'. Please regenerate to continue.
WARNING: [IP_Flow 19-3664] IP 'system_mig_7series_0_1' generated file not found 'g:/V2020/S02/02_example_fdma_ddr_2/01_fdma_ddr_test_old/.Xil/Vivado-321316-DESKTOP-70U0FCD/coregen/system_mig_7series_0_1/system_mig_7series_0_1/user_design/rtl/axi/mig_7series_v4_2_axi_mc_aw_channel.v'. Please regenerate to continue.
WARNING: [IP_Flow 19-3664] IP 'system_mig_7series_0_1' generated file not found 'g:/V2020/S02/02_example_fdma_ddr_2/01_fdma_ddr_test_old/.Xil/Vivado-321316-DESKTOP-70U0FCD/coregen/system_mig_7series_0_1/system_mig_7series_0_1/user_design/rtl/axi/mig_7series_v4_2_axi_mc_b_channel.v'. Please regenerate to continue.
WARNING: [IP_Flow 19-3664] IP 'system_mig_7series_0_1' generated file not found 'g:/V2020/S02/02_example_fdma_ddr_2/01_fdma_ddr_test_old/.Xil/Vivado-321316-DESKTOP-70U0FCD/coregen/system_mig_7series_0_1/system_mig_7series_0_1/user_design/rtl/axi/mig_7series_v4_2_axi_mc_cmd_arbiter.v'. Please regenerate to continue.
WARNING: [IP_Flow 19-3664] IP 'system_mig_7series_0_1' generated file not found 'g:/V2020/S02/02_example_fdma_ddr_2/01_fdma_ddr_test_old/.Xil/Vivado-321316-DESKTOP-70U0FCD/coregen/system_mig_7series_0_1/system_mig_7series_0_1/user_design/rtl/axi/mig_7series_v4_2_axi_mc_cmd_fsm.v'. Please regenerate to continue.
WARNING: [IP_Flow 19-3664] IP 'system_mig_7series_0_1' generated file not found 'g:/V2020/S02/02_example_fdma_ddr_2/01_fdma_ddr_test_old/.Xil/Vivado-321316-DESKTOP-70U0FCD/coregen/system_mig_7series_0_1/system_mig_7series_0_1/user_design/rtl/axi/mig_7series_v4_2_axi_mc_cmd_translator.v'. Please regenerate to continue.
WARNING: [IP_Flow 19-3664] IP 'system_mig_7series_0_1' generated file not found 'g:/V2020/S02/02_example_fdma_ddr_2/01_fdma_ddr_test_old/.Xil/Vivado-321316-DESKTOP-70U0FCD/coregen/system_mig_7series_0_1/system_mig_7series_0_1/user_design/rtl/axi/mig_7series_v4_2_axi_mc_fifo.v'. Please regenerate to continue.
WARNING: [IP_Flow 19-3664] IP 'system_mig_7series_0_1' generated file not found 'g:/V2020/S02/02_example_fdma_ddr_2/01_fdma_ddr_test_old/.Xil/Vivado-321316-DESKTOP-70U0FCD/coregen/system_mig_7series_0_1/system_mig_7series_0_1/user_design/rtl/axi/mig_7series_v4_2_axi_mc_incr_cmd.v'. Please regenerate to continue.
WARNING: [IP_Flow 19-3664] IP 'system_mig_7series_0_1' generated file not found 'g:/V2020/S02/02_example_fdma_ddr_2/01_fdma_ddr_test_old/.Xil/Vivado-321316-DESKTOP-70U0FCD/coregen/system_mig_7series_0_1/system_mig_7series_0_1/user_design/rtl/axi/mig_7series_v4_2_axi_mc_r_channel.v'. Please regenerate to continue.
WARNING: [IP_Flow 19-3664] IP 'system_mig_7series_0_1' generated file not found 'g:/V2020/S02/02_example_fdma_ddr_2/01_fdma_ddr_test_old/.Xil/Vivado-321316-DESKTOP-70U0FCD/coregen/system_mig_7series_0_1/system_mig_7series_0_1/user_design/rtl/axi/mig_7series_v4_2_axi_mc_simple_fifo.v'. Please regenerate to continue.
WARNING: [IP_Flow 19-3664] IP 'system_mig_7series_0_1' generated file not found 'g:/V2020/S02/02_example_fdma_ddr_2/01_fdma_ddr_test_old/.Xil/Vivado-321316-DESKTOP-70U0FCD/coregen/system_mig_7series_0_1/system_mig_7series_0_1/user_design/rtl/axi/mig_7series_v4_2_axi_mc_wrap_cmd.v'. Please regenerate to continue.
WARNING: [IP_Flow 19-3664] IP 'system_mig_7series_0_1' generated file not found 'g:/V2020/S02/02_example_fdma_ddr_2/01_fdma_ddr_test_old/.Xil/Vivado-321316-DESKTOP-70U0FCD/coregen/system_mig_7series_0_1/system_mig_7series_0_1/user_design/rtl/axi/mig_7series_v4_2_axi_mc_wr_cmd_fsm.v'. Please regenerate to continue.
WARNING: [IP_Flow 19-3664] IP 'system_mig_7series_0_1' generated file not found 'g:/V2020/S02/02_example_fdma_ddr_2/01_fdma_ddr_test_old/.Xil/Vivado-321316-DESKTOP-70U0FCD/coregen/system_mig_7series_0_1/system_mig_7series_0_1/user_design/rtl/axi/mig_7series_v4_2_axi_mc_w_channel.v'. Please regenerate to continue.
WARNING: [IP_Flow 19-3664] IP 'system_mig_7series_0_1' generated file not found 'g:/V2020/S02/02_example_fdma_ddr_2/01_fdma_ddr_test_old/.Xil/Vivado-321316-DESKTOP-70U0FCD/coregen/system_mig_7series_0_1/system_mig_7series_0_1/user_design/rtl/axi/mig_7series_v4_2_ddr_axic_register_slice.v'. Please regenerate to continue.
WARNING: [IP_Flow 19-3664] IP 'system_mig_7series_0_1' generated file not found 'g:/V2020/S02/02_example_fdma_ddr_2/01_fdma_ddr_test_old/.Xil/Vivado-321316-DESKTOP-70U0FCD/coregen/system_mig_7series_0_1/system_mig_7series_0_1/user_design/rtl/axi/mig_7series_v4_2_ddr_axi_register_slice.v'. Please regenerate to continue.
WARNING: [IP_Flow 19-3664] IP 'system_mig_7series_0_1' generated file not found 'g:/V2020/S02/02_example_fdma_ddr_2/01_fdma_ddr_test_old/.Xil/Vivado-321316-DESKTOP-70U0FCD/coregen/system_mig_7series_0_1/system_mig_7series_0_1/user_design/rtl/axi/mig_7series_v4_2_ddr_axi_upsizer.v'. Please regenerate to continue.
WARNING: [IP_Flow 19-3664] IP 'system_mig_7series_0_1' generated file not found 'g:/V2020/S02/02_example_fdma_ddr_2/01_fdma_ddr_test_old/.Xil/Vivado-321316-DESKTOP-70U0FCD/coregen/system_mig_7series_0_1/system_mig_7series_0_1/user_design/rtl/axi/mig_7series_v4_2_ddr_a_upsizer.v'. Please regenerate to continue.
WARNING: [IP_Flow 19-3664] IP 'system_mig_7series_0_1' generated file not found 'g:/V2020/S02/02_example_fdma_ddr_2/01_fdma_ddr_test_old/.Xil/Vivado-321316-DESKTOP-70U0FCD/coregen/system_mig_7series_0_1/system_mig_7series_0_1/user_design/rtl/axi/mig_7series_v4_2_ddr_carry_and.v'. Please regenerate to continue.
WARNING: [IP_Flow 19-3664] IP 'system_mig_7series_0_1' generated file not found 'g:/V2020/S02/02_example_fdma_ddr_2/01_fdma_ddr_test_old/.Xil/Vivado-321316-DESKTOP-70U0FCD/coregen/system_mig_7series_0_1/system_mig_7series_0_1/user_design/rtl/axi/mig_7series_v4_2_ddr_carry_latch_and.v'. Please regenerate to continue.
WARNING: [IP_Flow 19-3664] IP 'system_mig_7series_0_1' generated file not found 'g:/V2020/S02/02_example_fdma_ddr_2/01_fdma_ddr_test_old/.Xil/Vivado-321316-DESKTOP-70U0FCD/coregen/system_mig_7series_0_1/system_mig_7series_0_1/user_design/rtl/axi/mig_7series_v4_2_ddr_carry_latch_or.v'. Please regenerate to continue.
WARNING: [IP_Flow 19-3664] IP 'system_mig_7series_0_1' generated file not found 'g:/V2020/S02/02_example_fdma_ddr_2/01_fdma_ddr_test_old/.Xil/Vivado-321316-DESKTOP-70U0FCD/coregen/system_mig_7series_0_1/system_mig_7series_0_1/user_design/rtl/axi/mig_7series_v4_2_ddr_carry_or.v'. Please regenerate to continue.
WARNING: [IP_Flow 19-3664] IP 'system_mig_7series_0_1' generated file not found 'g:/V2020/S02/02_example_fdma_ddr_2/01_fdma_ddr_test_old/.Xil/Vivado-321316-DESKTOP-70U0FCD/coregen/system_mig_7series_0_1/system_mig_7series_0_1/user_design/rtl/axi/mig_7series_v4_2_ddr_command_fifo.v'. Please regenerate to continue.
WARNING: [IP_Flow 19-3664] IP 'system_mig_7series_0_1' generated file not found 'g:/V2020/S02/02_example_fdma_ddr_2/01_fdma_ddr_test_old/.Xil/Vivado-321316-DESKTOP-70U0FCD/coregen/system_mig_7series_0_1/system_mig_7series_0_1/user_design/rtl/axi/mig_7series_v4_2_ddr_comparator.v'. Please regenerate to continue.
WARNING: [IP_Flow 19-3664] IP 'system_mig_7series_0_1' generated file not found 'g:/V2020/S02/02_example_fdma_ddr_2/01_fdma_ddr_test_old/.Xil/Vivado-321316-DESKTOP-70U0FCD/coregen/system_mig_7series_0_1/system_mig_7series_0_1/user_design/rtl/axi/mig_7series_v4_2_ddr_comparator_sel.v'. Please regenerate to continue.
WARNING: [IP_Flow 19-3664] IP 'system_mig_7series_0_1' generated file not found 'g:/V2020/S02/02_example_fdma_ddr_2/01_fdma_ddr_test_old/.Xil/Vivado-321316-DESKTOP-70U0FCD/coregen/system_mig_7series_0_1/system_mig_7series_0_1/user_design/rtl/axi/mig_7series_v4_2_ddr_comparator_sel_static.v'. Please regenerate to continue.
WARNING: [IP_Flow 19-3664] IP 'system_mig_7series_0_1' generated file not found 'g:/V2020/S02/02_example_fdma_ddr_2/01_fdma_ddr_test_old/.Xil/Vivado-321316-DESKTOP-70U0FCD/coregen/system_mig_7series_0_1/system_mig_7series_0_1/user_design/rtl/axi/mig_7series_v4_2_ddr_r_upsizer.v'. Please regenerate to continue.
WARNING: [IP_Flow 19-3664] IP 'system_mig_7series_0_1' generated file not found 'g:/V2020/S02/02_example_fdma_ddr_2/01_fdma_ddr_test_old/.Xil/Vivado-321316-DESKTOP-70U0FCD/coregen/system_mig_7series_0_1/system_mig_7series_0_1/user_design/rtl/axi/mig_7series_v4_2_ddr_w_upsizer.v'. Please regenerate to continue.
WARNING: [IP_Flow 19-3664] IP 'system_mig_7series_0_1' generated file not found 'g:/V2020/S02/02_example_fdma_ddr_2/01_fdma_ddr_test_old/.Xil/Vivado-321316-DESKTOP-70U0FCD/coregen/system_mig_7series_0_1/system_mig_7series_0_1/user_design/rtl/clocking/mig_7series_v4_2_clk_ibuf.v'. Please regenerate to continue.
WARNING: [IP_Flow 19-3664] IP 'system_mig_7series_0_1' generated file not found 'g:/V2020/S02/02_example_fdma_ddr_2/01_fdma_ddr_test_old/.Xil/Vivado-321316-DESKTOP-70U0FCD/coregen/system_mig_7series_0_1/system_mig_7series_0_1/user_design/rtl/clocking/mig_7series_v4_2_infrastructure.v'. Please regenerate to continue.
WARNING: [IP_Flow 19-3664] IP 'system_mig_7series_0_1' generated file not found 'g:/V2020/S02/02_example_fdma_ddr_2/01_fdma_ddr_test_old/.Xil/Vivado-321316-DESKTOP-70U0FCD/coregen/system_mig_7series_0_1/system_mig_7series_0_1/user_design/rtl/clocking/mig_7series_v4_2_iodelay_ctrl.v'. Please regenerate to continue.
WARNING: [IP_Flow 19-3664] IP 'system_mig_7series_0_1' generated file not found 'g:/V2020/S02/02_example_fdma_ddr_2/01_fdma_ddr_test_old/.Xil/Vivado-321316-DESKTOP-70U0FCD/coregen/system_mig_7series_0_1/system_mig_7series_0_1/user_design/rtl/clocking/mig_7series_v4_2_tempmon.v'. Please regenerate to continue.
WARNING: [IP_Flow 19-3664] IP 'system_mig_7series_0_1' generated file not found 'g:/V2020/S02/02_example_fdma_ddr_2/01_fdma_ddr_test_old/.Xil/Vivado-321316-DESKTOP-70U0FCD/coregen/system_mig_7series_0_1/system_mig_7series_0_1/user_design/rtl/controller/mig_7series_v4_2_arb_mux.v'. Please regenerate to continue.
WARNING: [IP_Flow 19-3664] IP 'system_mig_7series_0_1' generated file not found 'g:/V2020/S02/02_example_fdma_ddr_2/01_fdma_ddr_test_old/.Xil/Vivado-321316-DESKTOP-70U0FCD/coregen/system_mig_7series_0_1/system_mig_7series_0_1/user_design/rtl/controller/mig_7series_v4_2_arb_row_col.v'. Please regenerate to continue.
WARNING: [IP_Flow 19-3664] IP 'system_mig_7series_0_1' generated file not found 'g:/V2020/S02/02_example_fdma_ddr_2/01_fdma_ddr_test_old/.Xil/Vivado-321316-DESKTOP-70U0FCD/coregen/system_mig_7series_0_1/system_mig_7series_0_1/user_design/rtl/controller/mig_7series_v4_2_arb_select.v'. Please regenerate to continue.
WARNING: [IP_Flow 19-3664] IP 'system_mig_7series_0_1' generated file not found 'g:/V2020/S02/02_example_fdma_ddr_2/01_fdma_ddr_test_old/.Xil/Vivado-321316-DESKTOP-70U0FCD/coregen/system_mig_7series_0_1/system_mig_7series_0_1/user_design/rtl/controller/mig_7series_v4_2_bank_cntrl.v'. Please regenerate to continue.
WARNING: [IP_Flow 19-3664] IP 'system_mig_7series_0_1' generated file not found 'g:/V2020/S02/02_example_fdma_ddr_2/01_fdma_ddr_test_old/.Xil/Vivado-321316-DESKTOP-70U0FCD/coregen/system_mig_7series_0_1/system_mig_7series_0_1/user_design/rtl/controller/mig_7series_v4_2_bank_common.v'. Please regenerate to continue.
WARNING: [IP_Flow 19-3664] IP 'system_mig_7series_0_1' generated file not found 'g:/V2020/S02/02_example_fdma_ddr_2/01_fdma_ddr_test_old/.Xil/Vivado-321316-DESKTOP-70U0FCD/coregen/system_mig_7series_0_1/system_mig_7series_0_1/user_design/rtl/controller/mig_7series_v4_2_bank_compare.v'. Please regenerate to continue.
WARNING: [IP_Flow 19-3664] IP 'system_mig_7series_0_1' generated file not found 'g:/V2020/S02/02_example_fdma_ddr_2/01_fdma_ddr_test_old/.Xil/Vivado-321316-DESKTOP-70U0FCD/coregen/system_mig_7series_0_1/system_mig_7series_0_1/user_design/rtl/controller/mig_7series_v4_2_bank_mach.v'. Please regenerate to continue.
WARNING: [IP_Flow 19-3664] IP 'system_mig_7series_0_1' generated file not found 'g:/V2020/S02/02_example_fdma_ddr_2/01_fdma_ddr_test_old/.Xil/Vivado-321316-DESKTOP-70U0FCD/coregen/system_mig_7series_0_1/system_mig_7series_0_1/user_design/rtl/controller/mig_7series_v4_2_bank_queue.v'. Please regenerate to continue.
WARNING: [IP_Flow 19-3664] IP 'system_mig_7series_0_1' generated file not found 'g:/V2020/S02/02_example_fdma_ddr_2/01_fdma_ddr_test_old/.Xil/Vivado-321316-DESKTOP-70U0FCD/coregen/system_mig_7series_0_1/system_mig_7series_0_1/user_design/rtl/controller/mig_7series_v4_2_bank_state.v'. Please regenerate to continue.
WARNING: [IP_Flow 19-3664] IP 'system_mig_7series_0_1' generated file not found 'g:/V2020/S02/02_example_fdma_ddr_2/01_fdma_ddr_test_old/.Xil/Vivado-321316-DESKTOP-70U0FCD/coregen/system_mig_7series_0_1/system_mig_7series_0_1/user_design/rtl/controller/mig_7series_v4_2_col_mach.v'. Please regenerate to continue.
WARNING: [IP_Flow 19-3664] IP 'system_mig_7series_0_1' generated file not found 'g:/V2020/S02/02_example_fdma_ddr_2/01_fdma_ddr_test_old/.Xil/Vivado-321316-DESKTOP-70U0FCD/coregen/system_mig_7series_0_1/system_mig_7series_0_1/user_design/rtl/controller/mig_7series_v4_2_mc.v'. Please regenerate to continue.
WARNING: [IP_Flow 19-3664] IP 'system_mig_7series_0_1' generated file not found 'g:/V2020/S02/02_example_fdma_ddr_2/01_fdma_ddr_test_old/.Xil/Vivado-321316-DESKTOP-70U0FCD/coregen/system_mig_7series_0_1/system_mig_7series_0_1/user_design/rtl/controller/mig_7series_v4_2_rank_cntrl.v'. Please regenerate to continue.
WARNING: [IP_Flow 19-3664] IP 'system_mig_7series_0_1' generated file not found 'g:/V2020/S02/02_example_fdma_ddr_2/01_fdma_ddr_test_old/.Xil/Vivado-321316-DESKTOP-70U0FCD/coregen/system_mig_7series_0_1/system_mig_7series_0_1/user_design/rtl/controller/mig_7series_v4_2_rank_common.v'. Please regenerate to continue.
WARNING: [IP_Flow 19-3664] IP 'system_mig_7series_0_1' generated file not found 'g:/V2020/S02/02_example_fdma_ddr_2/01_fdma_ddr_test_old/.Xil/Vivado-321316-DESKTOP-70U0FCD/coregen/system_mig_7series_0_1/system_mig_7series_0_1/user_design/rtl/controller/mig_7series_v4_2_rank_mach.v'. Please regenerate to continue.
WARNING: [IP_Flow 19-3664] IP 'system_mig_7series_0_1' generated file not found 'g:/V2020/S02/02_example_fdma_ddr_2/01_fdma_ddr_test_old/.Xil/Vivado-321316-DESKTOP-70U0FCD/coregen/system_mig_7series_0_1/system_mig_7series_0_1/user_design/rtl/controller/mig_7series_v4_2_round_robin_arb.v'. Please regenerate to continue.
WARNING: [IP_Flow 19-3664] IP 'system_mig_7series_0_1' generated file not found 'g:/V2020/S02/02_example_fdma_ddr_2/01_fdma_ddr_test_old/.Xil/Vivado-321316-DESKTOP-70U0FCD/coregen/system_mig_7series_0_1/system_mig_7series_0_1/user_design/rtl/ecc/mig_7series_v4_2_ecc_buf.v'. Please regenerate to continue.
WARNING: [IP_Flow 19-3664] IP 'system_mig_7series_0_1' generated file not found 'g:/V2020/S02/02_example_fdma_ddr_2/01_fdma_ddr_test_old/.Xil/Vivado-321316-DESKTOP-70U0FCD/coregen/system_mig_7series_0_1/system_mig_7series_0_1/user_design/rtl/ecc/mig_7series_v4_2_ecc_dec_fix.v'. Please regenerate to continue.
WARNING: [IP_Flow 19-3664] IP 'system_mig_7series_0_1' generated file not found 'g:/V2020/S02/02_example_fdma_ddr_2/01_fdma_ddr_test_old/.Xil/Vivado-321316-DESKTOP-70U0FCD/coregen/system_mig_7series_0_1/system_mig_7series_0_1/user_design/rtl/ecc/mig_7series_v4_2_ecc_gen.v'. Please regenerate to continue.
WARNING: [IP_Flow 19-3664] IP 'system_mig_7series_0_1' generated file not found 'g:/V2020/S02/02_example_fdma_ddr_2/01_fdma_ddr_test_old/.Xil/Vivado-321316-DESKTOP-70U0FCD/coregen/system_mig_7series_0_1/system_mig_7series_0_1/user_design/rtl/ecc/mig_7series_v4_2_ecc_merge_enc.v'. Please regenerate to continue.
WARNING: [IP_Flow 19-3664] IP 'system_mig_7series_0_1' generated file not found 'g:/V2020/S02/02_example_fdma_ddr_2/01_fdma_ddr_test_old/.Xil/Vivado-321316-DESKTOP-70U0FCD/coregen/system_mig_7series_0_1/system_mig_7series_0_1/user_design/rtl/ecc/mig_7series_v4_2_fi_xor.v'. Please regenerate to continue.
WARNING: [IP_Flow 19-3664] IP 'system_mig_7series_0_1' generated file not found 'g:/V2020/S02/02_example_fdma_ddr_2/01_fdma_ddr_test_old/.Xil/Vivado-321316-DESKTOP-70U0FCD/coregen/system_mig_7series_0_1/system_mig_7series_0_1/user_design/rtl/ip_top/mig_7series_v4_2_memc_ui_top_axi.v'. Please regenerate to continue.
WARNING: [IP_Flow 19-3664] IP 'system_mig_7series_0_1' generated file not found 'g:/V2020/S02/02_example_fdma_ddr_2/01_fdma_ddr_test_old/.Xil/Vivado-321316-DESKTOP-70U0FCD/coregen/system_mig_7series_0_1/system_mig_7series_0_1/user_design/rtl/ip_top/mig_7series_v4_2_mem_intfc.v'. Please regenerate to continue.
WARNING: [IP_Flow 19-3664] IP 'system_mig_7series_0_1' generated file not found 'g:/V2020/S02/02_example_fdma_ddr_2/01_fdma_ddr_test_old/.Xil/Vivado-321316-DESKTOP-70U0FCD/coregen/system_mig_7series_0_1/system_mig_7series_0_1/user_design/rtl/phy/mig_7series_v4_2_ddr_byte_group_io.v'. Please regenerate to continue.
WARNING: [IP_Flow 19-3664] IP 'system_mig_7series_0_1' generated file not found 'g:/V2020/S02/02_example_fdma_ddr_2/01_fdma_ddr_test_old/.Xil/Vivado-321316-DESKTOP-70U0FCD/coregen/system_mig_7series_0_1/system_mig_7series_0_1/user_design/rtl/phy/mig_7series_v4_2_ddr_byte_lane.v'. Please regenerate to continue.
WARNING: [IP_Flow 19-3664] IP 'system_mig_7series_0_1' generated file not found 'g:/V2020/S02/02_example_fdma_ddr_2/01_fdma_ddr_test_old/.Xil/Vivado-321316-DESKTOP-70U0FCD/coregen/system_mig_7series_0_1/system_mig_7series_0_1/user_design/rtl/phy/mig_7series_v4_2_ddr_calib_top.v'. Please regenerate to continue.
WARNING: [IP_Flow 19-3664] IP 'system_mig_7series_0_1' generated file not found 'g:/V2020/S02/02_example_fdma_ddr_2/01_fdma_ddr_test_old/.Xil/Vivado-321316-DESKTOP-70U0FCD/coregen/system_mig_7series_0_1/system_mig_7series_0_1/user_design/rtl/phy/mig_7series_v4_2_ddr_if_post_fifo.v'. Please regenerate to continue.
WARNING: [IP_Flow 19-3664] IP 'system_mig_7series_0_1' generated file not found 'g:/V2020/S02/02_example_fdma_ddr_2/01_fdma_ddr_test_old/.Xil/Vivado-321316-DESKTOP-70U0FCD/coregen/system_mig_7series_0_1/system_mig_7series_0_1/user_design/rtl/phy/mig_7series_v4_2_ddr_mc_phy.v'. Please regenerate to continue.
WARNING: [IP_Flow 19-3664] IP 'system_mig_7series_0_1' generated file not found 'g:/V2020/S02/02_example_fdma_ddr_2/01_fdma_ddr_test_old/.Xil/Vivado-321316-DESKTOP-70U0FCD/coregen/system_mig_7series_0_1/system_mig_7series_0_1/user_design/rtl/phy/mig_7series_v4_2_ddr_mc_phy_wrapper.v'. Please regenerate to continue.
WARNING: [IP_Flow 19-3664] IP 'system_mig_7series_0_1' generated file not found 'g:/V2020/S02/02_example_fdma_ddr_2/01_fdma_ddr_test_old/.Xil/Vivado-321316-DESKTOP-70U0FCD/coregen/system_mig_7series_0_1/system_mig_7series_0_1/user_design/rtl/phy/mig_7series_v4_2_ddr_of_pre_fifo.v'. Please regenerate to continue.
WARNING: [IP_Flow 19-3664] IP 'system_mig_7series_0_1' generated file not found 'g:/V2020/S02/02_example_fdma_ddr_2/01_fdma_ddr_test_old/.Xil/Vivado-321316-DESKTOP-70U0FCD/coregen/system_mig_7series_0_1/system_mig_7series_0_1/user_design/rtl/phy/mig_7series_v4_2_ddr_phy_4lanes.v'. Please regenerate to continue.
WARNING: [IP_Flow 19-3664] IP 'system_mig_7series_0_1' generated file not found 'g:/V2020/S02/02_example_fdma_ddr_2/01_fdma_ddr_test_old/.Xil/Vivado-321316-DESKTOP-70U0FCD/coregen/system_mig_7series_0_1/system_mig_7series_0_1/user_design/rtl/phy/mig_7series_v4_2_ddr_phy_ck_addr_cmd_delay.v'. Please regenerate to continue.
WARNING: [IP_Flow 19-3664] IP 'system_mig_7series_0_1' generated file not found 'g:/V2020/S02/02_example_fdma_ddr_2/01_fdma_ddr_test_old/.Xil/Vivado-321316-DESKTOP-70U0FCD/coregen/system_mig_7series_0_1/system_mig_7series_0_1/user_design/rtl/phy/mig_7series_v4_2_ddr_phy_dqs_found_cal.v'. Please regenerate to continue.
WARNING: [IP_Flow 19-3664] IP 'system_mig_7series_0_1' generated file not found 'g:/V2020/S02/02_example_fdma_ddr_2/01_fdma_ddr_test_old/.Xil/Vivado-321316-DESKTOP-70U0FCD/coregen/system_mig_7series_0_1/system_mig_7series_0_1/user_design/rtl/phy/mig_7series_v4_2_ddr_phy_dqs_found_cal_hr.v'. Please regenerate to continue.
WARNING: [IP_Flow 19-3664] IP 'system_mig_7series_0_1' generated file not found 'g:/V2020/S02/02_example_fdma_ddr_2/01_fdma_ddr_test_old/.Xil/Vivado-321316-DESKTOP-70U0FCD/coregen/system_mig_7series_0_1/system_mig_7series_0_1/user_design/rtl/phy/mig_7series_v4_2_ddr_phy_init.v'. Please regenerate to continue.
WARNING: [IP_Flow 19-3664] IP 'system_mig_7series_0_1' generated file not found 'g:/V2020/S02/02_example_fdma_ddr_2/01_fdma_ddr_test_old/.Xil/Vivado-321316-DESKTOP-70U0FCD/coregen/system_mig_7series_0_1/system_mig_7series_0_1/user_design/rtl/phy/mig_7series_v4_2_ddr_phy_ocd_cntlr.v'. Please regenerate to continue.
WARNING: [IP_Flow 19-3664] IP 'system_mig_7series_0_1' generated file not found 'g:/V2020/S02/02_example_fdma_ddr_2/01_fdma_ddr_test_old/.Xil/Vivado-321316-DESKTOP-70U0FCD/coregen/system_mig_7series_0_1/system_mig_7series_0_1/user_design/rtl/phy/mig_7series_v4_2_ddr_phy_ocd_data.v'. Please regenerate to continue.
WARNING: [IP_Flow 19-3664] IP 'system_mig_7series_0_1' generated file not found 'g:/V2020/S02/02_example_fdma_ddr_2/01_fdma_ddr_test_old/.Xil/Vivado-321316-DESKTOP-70U0FCD/coregen/system_mig_7series_0_1/system_mig_7series_0_1/user_design/rtl/phy/mig_7series_v4_2_ddr_phy_ocd_edge.v'. Please regenerate to continue.
WARNING: [IP_Flow 19-3664] IP 'system_mig_7series_0_1' generated file not found 'g:/V2020/S02/02_example_fdma_ddr_2/01_fdma_ddr_test_old/.Xil/Vivado-321316-DESKTOP-70U0FCD/coregen/system_mig_7series_0_1/system_mig_7series_0_1/user_design/rtl/phy/mig_7series_v4_2_ddr_phy_ocd_lim.v'. Please regenerate to continue.
WARNING: [IP_Flow 19-3664] IP 'system_mig_7series_0_1' generated file not found 'g:/V2020/S02/02_example_fdma_ddr_2/01_fdma_ddr_test_old/.Xil/Vivado-321316-DESKTOP-70U0FCD/coregen/system_mig_7series_0_1/system_mig_7series_0_1/user_design/rtl/phy/mig_7series_v4_2_ddr_phy_ocd_mux.v'. Please regenerate to continue.
WARNING: [IP_Flow 19-3664] IP 'system_mig_7series_0_1' generated file not found 'g:/V2020/S02/02_example_fdma_ddr_2/01_fdma_ddr_test_old/.Xil/Vivado-321316-DESKTOP-70U0FCD/coregen/system_mig_7series_0_1/system_mig_7series_0_1/user_design/rtl/phy/mig_7series_v4_2_ddr_phy_ocd_po_cntlr.v'. Please regenerate to continue.
WARNING: [IP_Flow 19-3664] IP 'system_mig_7series_0_1' generated file not found 'g:/V2020/S02/02_example_fdma_ddr_2/01_fdma_ddr_test_old/.Xil/Vivado-321316-DESKTOP-70U0FCD/coregen/system_mig_7series_0_1/system_mig_7series_0_1/user_design/rtl/phy/mig_7series_v4_2_ddr_phy_ocd_samp.v'. Please regenerate to continue.
WARNING: [IP_Flow 19-3664] IP 'system_mig_7series_0_1' generated file not found 'g:/V2020/S02/02_example_fdma_ddr_2/01_fdma_ddr_test_old/.Xil/Vivado-321316-DESKTOP-70U0FCD/coregen/system_mig_7series_0_1/system_mig_7series_0_1/user_design/rtl/phy/mig_7series_v4_2_ddr_phy_oclkdelay_cal.v'. Please regenerate to continue.
WARNING: [IP_Flow 19-3664] IP 'system_mig_7series_0_1' generated file not found 'g:/V2020/S02/02_example_fdma_ddr_2/01_fdma_ddr_test_old/.Xil/Vivado-321316-DESKTOP-70U0FCD/coregen/system_mig_7series_0_1/system_mig_7series_0_1/user_design/rtl/phy/mig_7series_v4_2_ddr_phy_prbs_rdlvl.v'. Please regenerate to continue.
WARNING: [IP_Flow 19-3664] IP 'system_mig_7series_0_1' generated file not found 'g:/V2020/S02/02_example_fdma_ddr_2/01_fdma_ddr_test_old/.Xil/Vivado-321316-DESKTOP-70U0FCD/coregen/system_mig_7series_0_1/system_mig_7series_0_1/user_design/rtl/phy/mig_7series_v4_2_ddr_phy_rdlvl.v'. Please regenerate to continue.
WARNING: [IP_Flow 19-3664] IP 'system_mig_7series_0_1' generated file not found 'g:/V2020/S02/02_example_fdma_ddr_2/01_fdma_ddr_test_old/.Xil/Vivado-321316-DESKTOP-70U0FCD/coregen/system_mig_7series_0_1/system_mig_7series_0_1/user_design/rtl/phy/mig_7series_v4_2_ddr_phy_tempmon.v'. Please regenerate to continue.
WARNING: [IP_Flow 19-3664] IP 'system_mig_7series_0_1' generated file not found 'g:/V2020/S02/02_example_fdma_ddr_2/01_fdma_ddr_test_old/.Xil/Vivado-321316-DESKTOP-70U0FCD/coregen/system_mig_7series_0_1/system_mig_7series_0_1/user_design/rtl/phy/mig_7series_v4_2_ddr_phy_top.v'. Please regenerate to continue.
WARNING: [IP_Flow 19-3664] IP 'system_mig_7series_0_1' generated file not found 'g:/V2020/S02/02_example_fdma_ddr_2/01_fdma_ddr_test_old/.Xil/Vivado-321316-DESKTOP-70U0FCD/coregen/system_mig_7series_0_1/system_mig_7series_0_1/user_design/rtl/phy/mig_7series_v4_2_ddr_phy_wrcal.v'. Please regenerate to continue.
WARNING: [IP_Flow 19-3664] IP 'system_mig_7series_0_1' generated file not found 'g:/V2020/S02/02_example_fdma_ddr_2/01_fdma_ddr_test_old/.Xil/Vivado-321316-DESKTOP-70U0FCD/coregen/system_mig_7series_0_1/system_mig_7series_0_1/user_design/rtl/phy/mig_7series_v4_2_ddr_phy_wrlvl.v'. Please regenerate to continue.
WARNING: [IP_Flow 19-3664] IP 'system_mig_7series_0_1' generated file not found 'g:/V2020/S02/02_example_fdma_ddr_2/01_fdma_ddr_test_old/.Xil/Vivado-321316-DESKTOP-70U0FCD/coregen/system_mig_7series_0_1/system_mig_7series_0_1/user_design/rtl/phy/mig_7series_v4_2_ddr_phy_wrlvl_off_delay.v'. Please regenerate to continue.
WARNING: [IP_Flow 19-3664] IP 'system_mig_7series_0_1' generated file not found 'g:/V2020/S02/02_example_fdma_ddr_2/01_fdma_ddr_test_old/.Xil/Vivado-321316-DESKTOP-70U0FCD/coregen/system_mig_7series_0_1/system_mig_7series_0_1/user_design/rtl/phy/mig_7series_v4_2_ddr_prbs_gen.v'. Please regenerate to continue.
WARNING: [IP_Flow 19-3664] IP 'system_mig_7series_0_1' generated file not found 'g:/V2020/S02/02_example_fdma_ddr_2/01_fdma_ddr_test_old/.Xil/Vivado-321316-DESKTOP-70U0FCD/coregen/system_mig_7series_0_1/system_mig_7series_0_1/user_design/rtl/phy/mig_7series_v4_2_ddr_skip_calib_tap.v'. Please regenerate to continue.
WARNING: [IP_Flow 19-3664] IP 'system_mig_7series_0_1' generated file not found 'g:/V2020/S02/02_example_fdma_ddr_2/01_fdma_ddr_test_old/.Xil/Vivado-321316-DESKTOP-70U0FCD/coregen/system_mig_7series_0_1/system_mig_7series_0_1/user_design/rtl/phy/mig_7series_v4_2_poc_cc.v'. Please regenerate to continue.
WARNING: [IP_Flow 19-3664] IP 'system_mig_7series_0_1' generated file not found 'g:/V2020/S02/02_example_fdma_ddr_2/01_fdma_ddr_test_old/.Xil/Vivado-321316-DESKTOP-70U0FCD/coregen/system_mig_7series_0_1/system_mig_7series_0_1/user_design/rtl/phy/mig_7series_v4_2_poc_edge_store.v'. Please regenerate to continue.
WARNING: [IP_Flow 19-3664] IP 'system_mig_7series_0_1' generated file not found 'g:/V2020/S02/02_example_fdma_ddr_2/01_fdma_ddr_test_old/.Xil/Vivado-321316-DESKTOP-70U0FCD/coregen/system_mig_7series_0_1/system_mig_7series_0_1/user_design/rtl/phy/mig_7series_v4_2_poc_meta.v'. Please regenerate to continue.
WARNING: [IP_Flow 19-3664] IP 'system_mig_7series_0_1' generated file not found 'g:/V2020/S02/02_example_fdma_ddr_2/01_fdma_ddr_test_old/.Xil/Vivado-321316-DESKTOP-70U0FCD/coregen/system_mig_7series_0_1/system_mig_7series_0_1/user_design/rtl/phy/mig_7series_v4_2_poc_pd.v'. Please regenerate to continue.
WARNING: [IP_Flow 19-3664] IP 'system_mig_7series_0_1' generated file not found 'g:/V2020/S02/02_example_fdma_ddr_2/01_fdma_ddr_test_old/.Xil/Vivado-321316-DESKTOP-70U0FCD/coregen/system_mig_7series_0_1/system_mig_7series_0_1/user_design/rtl/phy/mig_7series_v4_2_poc_tap_base.v'. Please regenerate to continue.
WARNING: [IP_Flow 19-3664] IP 'system_mig_7series_0_1' generated file not found 'g:/V2020/S02/02_example_fdma_ddr_2/01_fdma_ddr_test_old/.Xil/Vivado-321316-DESKTOP-70U0FCD/coregen/system_mig_7series_0_1/system_mig_7series_0_1/user_design/rtl/phy/mig_7series_v4_2_poc_top.v'. Please regenerate to continue.
WARNING: [IP_Flow 19-3664] IP 'system_mig_7series_0_1' generated file not found 'g:/V2020/S02/02_example_fdma_ddr_2/01_fdma_ddr_test_old/.Xil/Vivado-321316-DESKTOP-70U0FCD/coregen/system_mig_7series_0_1/system_mig_7series_0_1/user_design/rtl/ui/mig_7series_v4_2_ui_cmd.v'. Please regenerate to continue.
WARNING: [IP_Flow 19-3664] IP 'system_mig_7series_0_1' generated file not found 'g:/V2020/S02/02_example_fdma_ddr_2/01_fdma_ddr_test_old/.Xil/Vivado-321316-DESKTOP-70U0FCD/coregen/system_mig_7series_0_1/system_mig_7series_0_1/user_design/rtl/ui/mig_7series_v4_2_ui_rd_data.v'. Please regenerate to continue.
WARNING: [IP_Flow 19-3664] IP 'system_mig_7series_0_1' generated file not found 'g:/V2020/S02/02_example_fdma_ddr_2/01_fdma_ddr_test_old/.Xil/Vivado-321316-DESKTOP-70U0FCD/coregen/system_mig_7series_0_1/system_mig_7series_0_1/user_design/rtl/ui/mig_7series_v4_2_ui_top.v'. Please regenerate to continue.
WARNING: [IP_Flow 19-3664] IP 'system_mig_7series_0_1' generated file not found 'g:/V2020/S02/02_example_fdma_ddr_2/01_fdma_ddr_test_old/.Xil/Vivado-321316-DESKTOP-70U0FCD/coregen/system_mig_7series_0_1/system_mig_7series_0_1/user_design/rtl/ui/mig_7series_v4_2_ui_wr_data.v'. Please regenerate to continue.
WARNING: [IP_Flow 19-3664] IP 'system_mig_7series_0_1' generated file not found 'g:/V2020/S02/02_example_fdma_ddr_2/01_fdma_ddr_test_old/.Xil/Vivado-321316-DESKTOP-70U0FCD/coregen/system_mig_7series_0_1/system_mig_7series_0_1/user_design/constraints/system_mig_7series_0_1.xdc'. Please regenerate to continue.
INFO: [Common 17-14] Message 'IP_Flow 19-3664' appears 100 times and further instances of the messages will be disabled. Use the Tcl command set_msg_config to change the current settings.
update_compile_order -fileset sources_1
WARNING: [IP_Flow 19-4067] Ignoring invalid widget type specified checkbox.Providing a default widget
open_bd_design {G:/V2020/S02/02_example_fdma_ddr_2/01_fdma_ddr_test_old/AXI_FMDA.srcs/sources_1/bd/system/system.bd}
Reading block design file <G:/V2020/S02/02_example_fdma_ddr_2/01_fdma_ddr_test_old/AXI_FMDA.srcs/sources_1/bd/system/system.bd>...
Adding component instance block -- xilinx.com:ip:proc_sys_reset:5.0 - rst_mig_7series_0_100M
Adding component instance block -- xilinx.com:ip:mig_7series:4.2 - mig_7series_0
Adding component instance block -- xilinx.com:ip:clk_wiz:6.0 - clk_wiz_0
Adding component instance block -- xilinx.com:ip:axi_interconnect:2.1 - axi_interconnect_0
Adding component instance block -- xilinx.com:ip:axi_register_slice:2.1 - s00_regslice
Adding component instance block -- xilinx.com:ip:axi_dwidth_converter:2.1 - auto_us_df
Adding component instance block -- xilinx.com:user:uiFDMA:2.0 - uiFDMA_0
Successfully read diagram <system> from block design file <G:/V2020/S02/02_example_fdma_ddr_2/01_fdma_ddr_test_old/AXI_FMDA.srcs/sources_1/bd/system/system.bd>
startgroup
set_property -dict [list CONFIG.ENABLE_ADVANCED_OPTIONS {0}] [get_bd_cells axi_interconnect_0]
endgroup
set_property -name {CONFIG.XML_INPUT_FILE} -value  {mig_b.prj} -objects [get_bd_cells mig_7series_0]
mig_b.prj
set_property -name {CONFIG.RESET_BOARD_INTERFACE} -value  {Custom} -objects [get_bd_cells mig_7series_0]
Custom
set_property -name {CONFIG.MIG_DONT_TOUCH_PARAM} -value  {Custom} -objects [get_bd_cells mig_7series_0]
Custom
set_property -name {CONFIG.BOARD_MIG_PARAM} -value  {Custom} -objects [get_bd_cells mig_7series_0]
Custom
set_property -name {CONFIG.XML_INPUT_FILE} -value  {mig_a.prj} -objects [get_bd_cells mig_7series_0]
mig_a.prj
set_property -name {CONFIG.RESET_BOARD_INTERFACE} -value  {Custom} -objects [get_bd_cells mig_7series_0]
Custom
set_property -name {CONFIG.MIG_DONT_TOUCH_PARAM} -value  {Custom} -objects [get_bd_cells mig_7series_0]
Custom
set_property -name {CONFIG.BOARD_MIG_PARAM} -value  {Custom} -objects [get_bd_cells mig_7series_0]
Custom
save_bd_design
Wrote  : <G:\V2020\S02\02_example_fdma_ddr_2\01_fdma_ddr_test_old\AXI_FMDA.srcs\sources_1\bd\system\system.bd> 
Wrote  : <G:/V2020/S02/02_example_fdma_ddr_2/01_fdma_ddr_test_old/AXI_FMDA.srcs/sources_1/bd/system/ui/bd_c954508f.ui> 
launch_runs impl_1 -to_step write_bitstream -jobs 8
INFO: [xilinx.com:ip:clk_wiz:6.0-1] /clk_wiz_0 clk_wiz propagate
WARNING: [BD 41-927] Following properties on pin /uiFDMA_0/M_AXI_ACLK have been updated from connected ip, but BD cell '/uiFDMA_0' does not accept parameter changes, so they may not be synchronized with cell properties:
	PHASE = 0 
Please resolve any mismatches by directly setting properties on BD cell </uiFDMA_0> to completely resolve these warnings.
Wrote  : <G:\V2020\S02\02_example_fdma_ddr_2\01_fdma_ddr_test_old\AXI_FMDA.srcs\sources_1\bd\system\system.bd> 
VHDL Output written to : G:/V2020/S02/02_example_fdma_ddr_2/01_fdma_ddr_test_old/AXI_FMDA.srcs/sources_1/bd/system/synth/system.v
VHDL Output written to : G:/V2020/S02/02_example_fdma_ddr_2/01_fdma_ddr_test_old/AXI_FMDA.srcs/sources_1/bd/system/sim/system.v
VHDL Output written to : G:/V2020/S02/02_example_fdma_ddr_2/01_fdma_ddr_test_old/AXI_FMDA.srcs/sources_1/bd/system/hdl/system_wrapper.v
INFO: [BD 41-1029] Generation completed for the IP Integrator block mig_7series_0 .
INFO: [BD 41-1029] Generation completed for the IP Integrator block axi_interconnect_0/s00_couplers/s00_regslice .
WARNING: [IP_Flow 19-5611] Unable to find an associated reset port for the interface 'S_AXI'. A default connection has been created.
WARNING: [IP_Flow 19-5611] Unable to find an associated reset port for the interface 'M_AXI'. A default connection has been created.
INFO: [BD 41-1029] Generation completed for the IP Integrator block axi_interconnect_0/s00_couplers/auto_us_df .
Exporting to file G:/V2020/S02/02_example_fdma_ddr_2/01_fdma_ddr_test_old/AXI_FMDA.srcs/sources_1/bd/system/hw_handoff/system.hwh
Generated Block Design Tcl file G:/V2020/S02/02_example_fdma_ddr_2/01_fdma_ddr_test_old/AXI_FMDA.srcs/sources_1/bd/system/hw_handoff/system_bd.tcl
Generated Hardware Definition File G:/V2020/S02/02_example_fdma_ddr_2/01_fdma_ddr_test_old/AXI_FMDA.srcs/sources_1/bd/system/synth/system.hwdef
[Mon Mar 15 14:21:07 2021] Launched synth_1...
Run output will be captured here: G:/V2020/S02/02_example_fdma_ddr_2/01_fdma_ddr_test_old/AXI_FMDA.runs/synth_1/runme.log
[Mon Mar 15 14:21:07 2021] Launched impl_1...
Run output will be captured here: G:/V2020/S02/02_example_fdma_ddr_2/01_fdma_ddr_test_old/AXI_FMDA.runs/impl_1/runme.log
launch_runs: Time (s): cpu = 00:00:22 ; elapsed = 00:00:26 . Memory (MB): peak = 2276.551 ; gain = 414.785
exit
INFO: [Common 17-206] Exiting Vivado at Mon Mar 15 14:38:26 2021...
