#-----------------------------------------------------------
# Vivado v2020.2 (64-bit)
# SW Build 3064766 on Wed Nov 18 09:12:45 MST 2020
# IP Build 3064653 on Wed Nov 18 14:17:31 MST 2020
# Start of session at: Fri Mar 12 13:28:31 2021
# Process ID: 46904
# Current directory: G:/V2020/S02/02_example_fdma_ddr_2/01_fdma_ddr_test_new/uisrc/03_ip/uifdma/project_1
# Command line: vivado.exe -gui_launcher_event rodinguilauncherevent300 G:\V2020\S02\02_example_fdma_ddr_2\01_fdma_ddr_test_new\uisrc\03_ip\uifdma\project_1\project_1.xpr
# Log file: G:/V2020/S02/02_example_fdma_ddr_2/01_fdma_ddr_test_new/uisrc/03_ip/uifdma/project_1/vivado.log
# Journal file: G:/V2020/S02/02_example_fdma_ddr_2/01_fdma_ddr_test_new/uisrc/03_ip/uifdma/project_1\vivado.jou
#-----------------------------------------------------------
start_gui
open_project G:/V2020/S02/02_example_fdma_ddr_2/01_fdma_ddr_test_new/uisrc/03_ip/uifdma/project_1/project_1.xpr
INFO: [ProjectBase 1-489] The host OS only allows 260 characters in a normal path. The project is stored in a path with more than 80 characters. If you experience issues with IP, Block Designs, or files not being found, please consider moving the project to a location with a shorter path. Alternately consider using the OS subst command to map part of the path to a drive letter.
Current project path is 'G:/V2020/S02/02_example_fdma_ddr_2/01_fdma_ddr_test_new/uisrc/03_ip/uifdma/project_1'
INFO: [Project 1-313] Project file moved from 'G:/V2020/S02/02_example_fdma_ddr_20/02_fdma_3buf_test/prj_normal/uisrc/03_ip/uifdma/project_1' since last save.
WARNING: [filemgmt 56-2] IP Repository Path: Could not find the directory 'G:/v2020/s01/ch31/fpga_prj/uisrc/03_ip/uiuart', nor could it be found using path 'G:/V2020/v2020/s01/ch31/fpga_prj/uisrc/03_ip/uiuart'.
INFO: [filemgmt 56-1] IP Repository Path: Directory not found as 'G:/V2020/S02/02_example_fdma_ddr_2/01_fdma_ddr_test_new/uisrc/03_ip/uitpg/ip_repo'; using path 'G:/V2020/S02/02_example_fdma_ddr_20/02_fdma_3buf_test/prj_normal/uisrc/03_ip/uitpg/ip_repo' instead.
Scanning sources...
Finished scanning sources
INFO: [IP_Flow 19-234] Refreshing IP repositories
WARNING: [IP_Flow 19-2248] Failed to load user IP repository 'g:v2020/s02/02_example_fdma_ddr_20/02_fdma_3buf_test/prj_normal/uisrc/03_ip/uifdma'; Can't find the specified path.
If this directory should no longer be in your list of user repositories, go to the IP Settings dialog and remove it.
WARNING: [IP_Flow 19-2248] Failed to load user IP repository 'g:/v2020/s01/ch31/fpga_prj/uisrc/03_ip/uiuart'; Can't find the specified path.
If this directory should no longer be in your list of user repositories, go to the IP Settings dialog and remove it.
INFO: [IP_Flow 19-1700] Loaded user IP repository 'g:/V2020/S02/02_example_fdma_ddr_20/02_fdma_3buf_test/prj_normal/uisrc/03_ip/uitpg/ip_repo'.
INFO: [IP_Flow 19-2313] Loaded Vivado IP repository 'D:/Xilinx/Vivado/2020.2/data/ip'.
update_compile_order -fileset sources_1
ERROR: [Common 17-180] Spawn failed: No error
ERROR: [Common 17-180] Spawn failed: No error
ipx::open_ipxact_file {G:\..\v2020\s02\02_example_fdma_ddr_20\02_fdma_3buf_test\prj_normal\uisrc\03_ip\uifdma\component.xml}
set_property core_revision 4 [ipx::current_core]
ipx::update_checksums [ipx::current_core]
ipx::check_integrity [ipx::current_core]
WARNING: [IP_Flow 19-867] Referenced XGUI file does not exist: xgui/uiFDMA_v2_0.tcl
WARNING: [IP_Flow 19-570] Bus Interface 'FDMA_S': Cannot find bus definition file for "xilinx.com:user:FDMA:1.0"
WARNING: [IP_Flow 19-569] Bus Interface 'FDMA_S': Cannot find bus abstraction file for "xilinx.com:user:FDMA_rtl:1.0"
INFO: [Ipptcl 7-1486] check_integrity: Integrity check passed.
ipx::save_core [ipx::current_core]
update_ip_catalog -rebuild -repo_path g:v2020/s02/02_example_fdma_ddr_20/02_fdma_3buf_test/prj_normal/uisrc/03_ip/uifdma
CRITICAL WARNING: [IP_Flow 19-1681] Failed to reload user IP repository 'g:v2020/s02/02_example_fdma_ddr_20/02_fdma_3buf_test/prj_normal/uisrc/03_ip/uifdma'. ''g:v2020/s02/02_example_fdma_ddr_20/02_fdma_3buf_test/prj_normal/uisrc/03_ip/uifdma' is not valid: Can't find the specified path.'
0
ipx::open_ipxact_file {G:\..\v2020\s02\02_example_fdma_ddr_20\02_fdma_3buf_test\prj_normal\uisrc\03_ip\uifdma\component.xml}
ipx::open_ipxact_file {G:\..\v2020\s02\02_example_fdma_ddr_20\02_fdma_3buf_test\prj_normal\uisrc\03_ip\uifdma\component.xml}
set_property core_revision 5 [ipx::current_core]
ipx::update_checksums [ipx::current_core]
ipx::check_integrity [ipx::current_core]
WARNING: [IP_Flow 19-867] Referenced XGUI file does not exist: xgui/uiFDMA_v2_0.tcl
WARNING: [IP_Flow 19-570] Bus Interface 'FDMA_S': Cannot find bus definition file for "xilinx.com:user:FDMA:1.0"
WARNING: [IP_Flow 19-569] Bus Interface 'FDMA_S': Cannot find bus abstraction file for "xilinx.com:user:FDMA_rtl:1.0"
INFO: [Ipptcl 7-1486] check_integrity: Integrity check passed.
ipx::save_core [ipx::current_core]
update_ip_catalog -rebuild -repo_path g:v2020/s02/02_example_fdma_ddr_20/02_fdma_3buf_test/prj_normal/uisrc/03_ip/uifdma
CRITICAL WARNING: [IP_Flow 19-1681] Failed to reload user IP repository 'g:v2020/s02/02_example_fdma_ddr_20/02_fdma_3buf_test/prj_normal/uisrc/03_ip/uifdma'. ''g:v2020/s02/02_example_fdma_ddr_20/02_fdma_3buf_test/prj_normal/uisrc/03_ip/uifdma' is not valid: Can't find the specified path.'
0
add_files -norecurse G:/V2020/S02/02_example_fdma_ddr_2/01_fdma_ddr_test_new/uisrc/03_ip/uifdma/component.xml
export_ip_user_files -of_objects  [get_files G:/../v2020/s02/02_example_fdma_ddr_20/02_fdma_3buf_test/prj_normal/uisrc/03_ip/uifdma/component.xml] -no_script -reset -force -quiet
remove_files  G:/../v2020/s02/02_example_fdma_ddr_20/02_fdma_3buf_test/prj_normal/uisrc/03_ip/uifdma/component.xml
ipx::open_ipxact_file {G:\V2020\S02\02_example_fdma_ddr_2\01_fdma_ddr_test_new\uisrc\03_ip\uifdma\component.xml}
set_property core_revision 4 [ipx::current_core]
ipx::create_xgui_files [ipx::current_core]
ipx::update_checksums [ipx::current_core]
ipx::check_integrity [ipx::current_core]
WARNING: [IP_Flow 19-570] Bus Interface 'FDMA_S': Cannot find bus definition file for "xilinx.com:user:FDMA:1.0"
WARNING: [IP_Flow 19-569] Bus Interface 'FDMA_S': Cannot find bus abstraction file for "xilinx.com:user:FDMA_rtl:1.0"
INFO: [IP_Flow 19-2181] Payment Required is not set for this core.
INFO: [IP_Flow 19-2187] The Product Guide file is missing.
INFO: [Ipptcl 7-1486] check_integrity: Integrity check passed.
ipx::save_core [ipx::current_core]
set_property  ip_repo_paths  {g:/V2020/S02/02_example_fdma_ddr_2/01_fdma_ddr_test_new/uisrc/03_ip/uifdma g:v2020/s02/02_example_fdma_ddr_20/02_fdma_3buf_test/prj_normal/uisrc/03_ip/uifdma g:/v2020/s01/ch31/fpga_prj/uisrc/03_ip/uiuart g:/V2020/S02/02_example_fdma_ddr_20/02_fdma_3buf_test/prj_normal/uisrc/03_ip/uitpg/ip_repo} [current_project]
update_ip_catalog
INFO: [IP_Flow 19-234] Refreshing IP repositories
INFO: [IP_Flow 19-1700] Loaded user IP repository 'g:/V2020/S02/02_example_fdma_ddr_2/01_fdma_ddr_test_new/uisrc/03_ip/uifdma'.
WARNING: [IP_Flow 19-3656] If you move the project, the path for repository 'g:/V2020/S02/02_example_fdma_ddr_2/01_fdma_ddr_test_new/uisrc/03_ip/uifdma' may become invalid. A better location for the repository would be in a path adjacent to the project. (Current project location is 'g:/V2020/S02/02_example_fdma_ddr_2/01_fdma_ddr_test_new/uisrc/03_ip/uifdma/project_1'.)
WARNING: [IP_Flow 19-3685] Ignored loading user repository 'g:/V2020/S02/02_example_fdma_ddr_2/01_fdma_ddr_test_new/uisrc/03_ip/uifdma/project_1/v2020/s02/02_example_fdma_ddr_20/02_fdma_3buf_test/prj_normal/uisrc/03_ip/uifdma'. The path is contained within another repository.
WARNING: [IP_Flow 19-2248] Failed to load user IP repository 'g:/v2020/s01/ch31/fpga_prj/uisrc/03_ip/uiuart'; Can't find the specified path.
If this directory should no longer be in your list of user repositories, go to the IP Settings dialog and remove it.
INFO: [IP_Flow 19-1700] Loaded user IP repository 'g:/V2020/S02/02_example_fdma_ddr_20/02_fdma_3buf_test/prj_normal/uisrc/03_ip/uitpg/ip_repo'.
ERROR: [Common 17-180] Spawn failed: No error
set_property core_revision 5 [ipx::current_core]
ipx::create_xgui_files [ipx::current_core]
ipx::update_checksums [ipx::current_core]
ipx::check_integrity [ipx::current_core]
INFO: [IP_Flow 19-2181] Payment Required is not set for this core.
INFO: [IP_Flow 19-2187] The Product Guide file is missing.
INFO: [Ipptcl 7-1486] check_integrity: Integrity check passed.
ipx::save_core [ipx::current_core]
update_ip_catalog -rebuild -repo_path g:/V2020/S02/02_example_fdma_ddr_2/01_fdma_ddr_test_new/uisrc/03_ip/uifdma
INFO: [IP_Flow 19-725] Reloaded user IP repository 'g:/V2020/S02/02_example_fdma_ddr_2/01_fdma_ddr_test_new/uisrc/03_ip/uifdma'
ipx::current_core g:v2020/s02/02_example_fdma_ddr_20/02_fdma_3buf_test/prj_normal/uisrc/03_ip/uifdma/component.xml
ERROR: [Common 17-180] Spawn failed: No error
ERROR: [Common 17-180] Spawn failed: No error
ERROR: [Common 17-180] Spawn failed: No error
update_compile_order -fileset sources_1
update_compile_order -fileset sources_1
ipx::current_core g:/V2020/S02/02_example_fdma_ddr_2/01_fdma_ddr_test_new/uisrc/03_ip/uifdma/component.xml
set_property core_revision 6 [ipx::current_core]
ipx::create_xgui_files [ipx::current_core]
ipx::update_checksums [ipx::current_core]
ipx::check_integrity [ipx::current_core]
INFO: [IP_Flow 19-2181] Payment Required is not set for this core.
INFO: [IP_Flow 19-2187] The Product Guide file is missing.
INFO: [Ipptcl 7-1486] check_integrity: Integrity check passed.
ipx::save_core [ipx::current_core]
update_ip_catalog -rebuild -repo_path g:/V2020/S02/02_example_fdma_ddr_2/01_fdma_ddr_test_new/uisrc/03_ip/uifdma
INFO: [IP_Flow 19-725] Reloaded user IP repository 'g:/V2020/S02/02_example_fdma_ddr_2/01_fdma_ddr_test_new/uisrc/03_ip/uifdma'
exit
INFO: [Common 17-206] Exiting Vivado at Fri Mar 12 15:20:03 2021...
