#-----------------------------------------------------------
# Vivado v2020.2 (64-bit)
# SW Build 3064766 on Wed Nov 18 09:12:45 MST 2020
# IP Build 3064653 on Wed Nov 18 14:17:31 MST 2020
# Start of session at: Wed Jun 16 07:50:18 2021
# Process ID: 13064
# Current directory: G:/IP2019/uifdma
# Command line: vivado.exe -gui_launcher_event rodinguilauncherevent6276 G:\IP2019\uifdma\project_1.xpr
# Log file: G:/IP2019/uifdma/vivado.log
# Journal file: G:/IP2019/uifdma\vivado.jou
#-----------------------------------------------------------
start_gui
open_project G:/IP2019/uifdma/project_1.xpr
INFO: [Project 1-313] Project file moved from 'G:/ZU07A/EG/soc/02_axi_bus_7eg/07_axi_full_fdma2axi_slave/uisrc/03_ip/uifdma' since last save.
WARNING: [filemgmt 56-2] Default IP Output Path : Could not find the directory 'G:/IP2019/uifdma/project_1.gen/sources_1', nor could it be found using path 'G:/ZU07A/EG/soc/02_axi_bus_7eg/07_axi_full_fdma2axi_slave/uisrc/03_ip/uifdma/project_1.gen/sources_1'.
Scanning sources...
Finished scanning sources
INFO: [IP_Flow 19-234] Refreshing IP repositories
INFO: [IP_Flow 19-1700] Loaded user IP repository 'g:/IP2019/uifdma'.
INFO: [IP_Flow 19-2313] Loaded Vivado IP repository 'D:/Xilinx/Vivado/2020.2/data/ip'.
open_project: Time (s): cpu = 00:00:10 ; elapsed = 00:00:07 . Memory (MB): peak = 1100.527 ; gain = 0.000
update_compile_order -fileset sources_1
exit
INFO: [Common 17-206] Exiting Vivado at Wed Jun 16 07:50:46 2021...
