#-----------------------------------------------------------
# Vivado v2019.2 (64-bit)
# SW Build 2708876 on Wed Nov  6 21:40:23 MST 2019
# IP Build 2700528 on Thu Nov  7 00:09:20 MST 2019
# Start of session at: Tue Feb 25 11:28:39 2020
# Process ID: 20324
# Current directory: D:/Boards/FEP/fpga_prj/uisrc/03_ip/uihdmitx/project_1
# Command line: vivado.exe -gui_launcher_event rodinguilauncherevent7688 D:\Boards\FEP\fpga_prj\uisrc\03_ip\uihdmitx\project_1\project_1.xpr
# Log file: D:/Boards/FEP/fpga_prj/uisrc/03_ip/uihdmitx/project_1/vivado.log
# Journal file: D:/Boards/FEP/fpga_prj/uisrc/03_ip/uihdmitx/project_1\vivado.jou
#-----------------------------------------------------------
start_gui
open_project D:/Boards/FEP/fpga_prj/uisrc/03_ip/uihdmitx/project_1/project_1.xpr
INFO: [Project 1-313] Project file moved from 'D:/Boards/KU040/CH26/fpga_prj/uisrc/03_ip/uihdmitx/project_1' since last save.
Scanning sources...
Finished scanning sources
INFO: [IP_Flow 19-234] Refreshing IP repositories
INFO: [IP_Flow 19-1700] Loaded user IP repository 'd:/Boards/FEP/fpga_prj/uisrc/03_ip/uihdmitx'.
WARNING: [IP_Flow 19-3656] If you move the project, the path for repository 'd:/Boards/FEP/fpga_prj/uisrc/03_ip/uihdmitx' may become invalid. A better location for the repository would be in a path adjacent to the project. (Current project location is 'd:/Boards/FEP/fpga_prj/uisrc/03_ip/uihdmitx/project_1'.)
INFO: [IP_Flow 19-1700] Loaded user IP repository 'g:/v2020/s01/ch26/fpga_prj/uisrc/03_ip/uihdmitx'.
INFO: [IP_Flow 19-2313] Loaded Vivado IP repository 'C:/Xilinx/Vivado/2019.2/data/ip'.
WARNING: [IP_Flow 19-1663] Duplicate IP found for 'xilinx.com:user:uihdmitx:1.0'. The one found in IP location 'g:/v2020/s01/ch26/fpga_prj/uisrc/03_ip/uihdmitx' will take precedence over the same IP in location d:/Boards/FEP/fpga_prj/uisrc/03_ip/uihdmitx
open_project: Time (s): cpu = 00:00:10 ; elapsed = 00:00:06 . Memory (MB): peak = 914.164 ; gain = 204.547
update_compile_order -fileset sources_1
ipx::open_ipxact_file {D:\..\boards\ku040\ch26\fpga_prj\uisrc\03_ip\uihdmitx\component.xml}
set_property value_validation_type list [ipx::get_user_parameters FAMILY -of_objects [ipx::current_core]]
set_property value_validation_list {UFAMILY 7FAMILY} [ipx::get_user_parameters FAMILY -of_objects [ipx::current_core]]
set_property core_revision 3 [ipx::current_core]
ipx::update_checksums [ipx::current_core]
ipx::save_core [ipx::current_core]
set_property  ip_repo_paths  {d:boards/ku040/ch26/fpga_prj/uisrc/03_ip/uihdmitx d:/Boards/FEP/fpga_prj/uisrc/03_ip/uihdmitx g:/v2020/s01/ch26/fpga_prj/uisrc/03_ip/uihdmitx} [current_project]
update_ip_catalog
INFO: [IP_Flow 19-234] Refreshing IP repositories
WARNING: [IP_Flow 19-3685] Ignored loading user repository 'd:/Boards/FEP/fpga_prj/uisrc/03_ip/uihdmitx/project_1/boards/ku040/ch26/fpga_prj/uisrc/03_ip/uihdmitx'. The path is contained within another repository.
INFO: [IP_Flow 19-1700] Loaded user IP repository 'd:/Boards/FEP/fpga_prj/uisrc/03_ip/uihdmitx'.
WARNING: [IP_Flow 19-3656] If you move the project, the path for repository 'd:/Boards/FEP/fpga_prj/uisrc/03_ip/uihdmitx' may become invalid. A better location for the repository would be in a path adjacent to the project. (Current project location is 'd:/Boards/FEP/fpga_prj/uisrc/03_ip/uihdmitx/project_1'.)
INFO: [IP_Flow 19-1700] Loaded user IP repository 'g:/v2020/s01/ch26/fpga_prj/uisrc/03_ip/uihdmitx'.
WARNING: [IP_Flow 19-1663] Duplicate IP found for 'xilinx.com:user:uihdmitx:1.0'. The one found in IP location 'g:/v2020/s01/ch26/fpga_prj/uisrc/03_ip/uihdmitx' will take precedence over the same IP in location d:/Boards/FEP/fpga_prj/uisrc/03_ip/uihdmitx
set_property core_revision 4 [ipx::current_core]
ipx::update_checksums [ipx::current_core]
ipx::save_core [ipx::current_core]
set_property  ip_repo_paths  {d:boards/ku040/ch26/fpga_prj/uisrc/03_ip/uihdmitx d:/Boards/FEP/fpga_prj/uisrc/03_ip/uihdmitx/project_1/boards/ku040/ch26/fpga_prj/uisrc/03_ip/uihdmitx d:/Boards/FEP/fpga_prj/uisrc/03_ip/uihdmitx g:/v2020/s01/ch26/fpga_prj/uisrc/03_ip/uihdmitx} [current_project]
update_ip_catalog
INFO: [IP_Flow 19-234] Refreshing IP repositories
WARNING: [IP_Flow 19-3685] Ignored loading user repository 'd:/Boards/FEP/fpga_prj/uisrc/03_ip/uihdmitx/project_1/boards/ku040/ch26/fpga_prj/uisrc/03_ip/uihdmitx'. The path is contained within another repository.
WARNING: [IP_Flow 19-2207] Repository 'd:/Boards/FEP/fpga_prj/uisrc/03_ip/uihdmitx/project_1/boards/ku040/ch26/fpga_prj/uisrc/03_ip/uihdmitx' already exists; ignoring attempt to add it again.
WARNING: [IP_Flow 19-3685] Ignored loading user repository 'd:/Boards/FEP/fpga_prj/uisrc/03_ip/uihdmitx/project_1/boards/ku040/ch26/fpga_prj/uisrc/03_ip/uihdmitx'. The path is contained within another repository.
INFO: [IP_Flow 19-1700] Loaded user IP repository 'd:/Boards/FEP/fpga_prj/uisrc/03_ip/uihdmitx'.
WARNING: [IP_Flow 19-3656] If you move the project, the path for repository 'd:/Boards/FEP/fpga_prj/uisrc/03_ip/uihdmitx' may become invalid. A better location for the repository would be in a path adjacent to the project. (Current project location is 'd:/Boards/FEP/fpga_prj/uisrc/03_ip/uihdmitx/project_1'.)
INFO: [IP_Flow 19-1700] Loaded user IP repository 'g:/v2020/s01/ch26/fpga_prj/uisrc/03_ip/uihdmitx'.
WARNING: [IP_Flow 19-1663] Duplicate IP found for 'xilinx.com:user:uihdmitx:1.0'. The one found in IP location 'g:/v2020/s01/ch26/fpga_prj/uisrc/03_ip/uihdmitx' will take precedence over the same IP in location d:/Boards/FEP/fpga_prj/uisrc/03_ip/uihdmitx
set_property core_revision 5 [ipx::current_core]
ipx::update_checksums [ipx::current_core]
ipx::save_core [ipx::current_core]
set_property  ip_repo_paths  {d:boards/ku040/ch26/fpga_prj/uisrc/03_ip/uihdmitx d:/Boards/FEP/fpga_prj/uisrc/03_ip/uihdmitx/project_1/boards/ku040/ch26/fpga_prj/uisrc/03_ip/uihdmitx d:/Boards/FEP/fpga_prj/uisrc/03_ip/uihdmitx g:/v2020/s01/ch26/fpga_prj/uisrc/03_ip/uihdmitx} [current_project]
update_ip_catalog
INFO: [IP_Flow 19-1839] IP Catalog is up to date.
WARNING: [Ipptcl 7-571] The IP root directory is 'd:/'.
ipx::package_project -root_dir D:/Boards/FEP/fpga_prj/uisrc/03_ip/uiadv7611cfg -vendor xilinx.com -library user -taxonomy /UserIP -import_files -set_current false -force
INFO: [IP_Flow 19-5107] Inferred bus interface 'TMDS_TX_CLK_N' of definition 'xilinx.com:signal:clock:1.0' (from Xilinx Repository).
INFO: [IP_Flow 19-5107] Inferred bus interface 'TMDS_TX_CLK_P' of definition 'xilinx.com:signal:clock:1.0' (from Xilinx Repository).
WARNING: [IP_Flow 19-3153] Bus Interface 'TMDS_TX_CLK_N': ASSOCIATED_BUSIF bus parameter is missing.
WARNING: [IP_Flow 19-4751] Bus Interface 'TMDS_TX_CLK_N': FREQ_HZ bus parameter is missing for output clock interface.
WARNING: [IP_Flow 19-3153] Bus Interface 'TMDS_TX_CLK_P': ASSOCIATED_BUSIF bus parameter is missing.
WARNING: [IP_Flow 19-4751] Bus Interface 'TMDS_TX_CLK_P': FREQ_HZ bus parameter is missing for output clock interface.
INFO: [IP_Flow 19-2181] Payment Required is not set for this core.
INFO: [IP_Flow 19-2187] The Product Guide file is missing.
ipx::unload_core d:/Boards/FEP/fpga_prj/uisrc/03_ip/uiadv7611cfg/component.xml
ipx::edit_ip_in_project -upgrade true -name tmp_edit_project -directory D:/Boards/FEP/fpga_prj/uisrc/03_ip/uiadv7611cfg d:/Boards/FEP/fpga_prj/uisrc/03_ip/uiadv7611cfg/component.xml
INFO: [IP_Flow 19-234] Refreshing IP repositories
INFO: [IP_Flow 19-1704] No user IP repositories specified
INFO: [IP_Flow 19-2313] Loaded Vivado IP repository 'C:/Xilinx/Vivado/2019.2/data/ip'.
INFO: [IP_Flow 19-234] Refreshing IP repositories
WARNING: [IP_Flow 19-3685] Ignored loading user repository 'd:/Boards/FEP/fpga_prj/uisrc/03_ip/uihdmitx/project_1/boards/ku040/ch26/fpga_prj/uisrc/03_ip/uihdmitx'. The path is contained within another repository.
WARNING: [IP_Flow 19-2207] Repository 'd:/Boards/FEP/fpga_prj/uisrc/03_ip/uihdmitx/project_1/boards/ku040/ch26/fpga_prj/uisrc/03_ip/uihdmitx' already exists; ignoring attempt to add it again.
WARNING: [IP_Flow 19-3685] Ignored loading user repository 'd:/Boards/FEP/fpga_prj/uisrc/03_ip/uihdmitx/project_1/boards/ku040/ch26/fpga_prj/uisrc/03_ip/uihdmitx'. The path is contained within another repository.
INFO: [IP_Flow 19-1700] Loaded user IP repository 'd:/Boards/FEP/fpga_prj/uisrc/03_ip/uihdmitx'.
INFO: [IP_Flow 19-1700] Loaded user IP repository 'g:/v2020/s01/ch26/fpga_prj/uisrc/03_ip/uihdmitx'.
WARNING: [IP_Flow 19-1663] Duplicate IP found for 'xilinx.com:user:uihdmitx:1.0'. The one found in IP location 'g:/v2020/s01/ch26/fpga_prj/uisrc/03_ip/uihdmitx' will take precedence over the same IP in location d:/Boards/FEP/fpga_prj/uisrc/03_ip/uihdmitx
INFO: [IP_Flow 19-795] Syncing license key meta-data
WARNING: [filemgmt 56-99] Vivado Synthesis ignores library specification for Verilog or SystemVerilog files. [d:/Boards/FEP/fpga_prj/uisrc/03_ip/uiadv7611cfg/src/oserdese2_10to1.v:]
WARNING: [filemgmt 56-99] Vivado Synthesis ignores library specification for Verilog or SystemVerilog files. [d:/Boards/FEP/fpga_prj/uisrc/03_ip/uiadv7611cfg/src/oserdese3_10to1.v:]
WARNING: [filemgmt 56-99] Vivado Synthesis ignores library specification for Verilog or SystemVerilog files. [d:/Boards/FEP/fpga_prj/uisrc/03_ip/uiadv7611cfg/src/uihdmitx.v:]
current_project project_1
set_property widget {comboBox} [ipgui::get_guiparamspec -name "FAMILY" -component [ipx::current_core] ]
set_property widget {comboBox} [ipgui::get_guiparamspec -name "FAMILY" -component [ipx::current_core] ]
set_property widget {comboBox} [ipgui::get_guiparamspec -name "FAMILY" -component [ipx::current_core] ]
set_property widget {comboBox} [ipgui::get_guiparamspec -name "FAMILY" -component [ipx::current_core] ]
current_project tmp_edit_project
set_property widget {comboBox} [ipgui::get_guiparamspec -name "FAMILY" -component [ipx::current_core] ]
set_property value_validation_type list [ipx::get_user_parameters FAMILY -of_objects [ipx::current_core]]
set_property value_validation_list {UFAMILY 7FAMILY} [ipx::get_user_parameters FAMILY -of_objects [ipx::current_core]]
set_property core_revision 2 [ipx::current_core]
ipx::update_source_project_archive -component [ipx::current_core]
ipx::create_xgui_files [ipx::current_core]
ipx::update_checksums [ipx::current_core]
ipx::save_core [ipx::current_core]
ipx::move_temp_component_back -component [ipx::current_core]
close_project -delete
set_property  ip_repo_paths  {d:/Boards/FEP/fpga_prj/uisrc/03_ip/uiadv7611cfg d:/Boards/FEP/fpga_prj/uisrc/03_ip/uihdmitx/project_1/boards/ku040/ch26/fpga_prj/uisrc/03_ip/uihdmitx d:/Boards/FEP/fpga_prj/uisrc/03_ip/uihdmitx g:/v2020/s01/ch26/fpga_prj/uisrc/03_ip/uihdmitx} [current_project]
update_ip_catalog
INFO: [IP_Flow 19-234] Refreshing IP repositories
INFO: [IP_Flow 19-1700] Loaded user IP repository 'd:/Boards/FEP/fpga_prj/uisrc/03_ip/uiadv7611cfg'.
WARNING: [IP_Flow 19-3685] Ignored loading user repository 'd:/Boards/FEP/fpga_prj/uisrc/03_ip/uihdmitx/project_1/boards/ku040/ch26/fpga_prj/uisrc/03_ip/uihdmitx'. The path is contained within another repository.
INFO: [IP_Flow 19-1700] Loaded user IP repository 'd:/Boards/FEP/fpga_prj/uisrc/03_ip/uihdmitx'.
WARNING: [IP_Flow 19-3656] If you move the project, the path for repository 'd:/Boards/FEP/fpga_prj/uisrc/03_ip/uihdmitx' may become invalid. A better location for the repository would be in a path adjacent to the project. (Current project location is 'd:/Boards/FEP/fpga_prj/uisrc/03_ip/uihdmitx/project_1'.)
INFO: [IP_Flow 19-1700] Loaded user IP repository 'g:/v2020/s01/ch26/fpga_prj/uisrc/03_ip/uihdmitx'.
WARNING: [IP_Flow 19-1663] Duplicate IP found for 'xilinx.com:user:uihdmitx:1.0'. The one found in IP location 'g:/v2020/s01/ch26/fpga_prj/uisrc/03_ip/uihdmitx' will take precedence over the same IP in locations: 
   d:/Boards/FEP/fpga_prj/uisrc/03_ip/uiadv7611cfg
   d:/Boards/FEP/fpga_prj/uisrc/03_ip/uihdmitx
ipx::package_project -root_dir D:/Boards/FEP/fpga_prj/uisrc/03_ip/uihdmitx -vendor xilinx.com -library user -taxonomy /UserIP -import_files -set_current false -force
INFO: [IP_Flow 19-5107] Inferred bus interface 'TMDS_TX_CLK_N' of definition 'xilinx.com:signal:clock:1.0' (from Xilinx Repository).
INFO: [IP_Flow 19-5107] Inferred bus interface 'TMDS_TX_CLK_P' of definition 'xilinx.com:signal:clock:1.0' (from Xilinx Repository).
WARNING: [IP_Flow 19-3153] Bus Interface 'TMDS_TX_CLK_N': ASSOCIATED_BUSIF bus parameter is missing.
WARNING: [IP_Flow 19-4751] Bus Interface 'TMDS_TX_CLK_N': FREQ_HZ bus parameter is missing for output clock interface.
WARNING: [IP_Flow 19-3153] Bus Interface 'TMDS_TX_CLK_P': ASSOCIATED_BUSIF bus parameter is missing.
WARNING: [IP_Flow 19-4751] Bus Interface 'TMDS_TX_CLK_P': FREQ_HZ bus parameter is missing for output clock interface.
INFO: [IP_Flow 19-2181] Payment Required is not set for this core.
INFO: [IP_Flow 19-2187] The Product Guide file is missing.
ipx::unload_core d:/Boards/FEP/fpga_prj/uisrc/03_ip/uihdmitx/component.xml
ipx::edit_ip_in_project -upgrade true -name tmp_edit_project -directory D:/Boards/FEP/fpga_prj/uisrc/03_ip/uihdmitx d:/Boards/FEP/fpga_prj/uisrc/03_ip/uihdmitx/component.xml
INFO: [IP_Flow 19-234] Refreshing IP repositories
INFO: [IP_Flow 19-1704] No user IP repositories specified
INFO: [IP_Flow 19-2313] Loaded Vivado IP repository 'C:/Xilinx/Vivado/2019.2/data/ip'.
INFO: [IP_Flow 19-234] Refreshing IP repositories
INFO: [IP_Flow 19-1700] Loaded user IP repository 'd:/Boards/FEP/fpga_prj/uisrc/03_ip/uiadv7611cfg'.
WARNING: [IP_Flow 19-3685] Ignored loading user repository 'd:/Boards/FEP/fpga_prj/uisrc/03_ip/uihdmitx/project_1/boards/ku040/ch26/fpga_prj/uisrc/03_ip/uihdmitx'. The path is contained within another repository.
INFO: [IP_Flow 19-1700] Loaded user IP repository 'd:/Boards/FEP/fpga_prj/uisrc/03_ip/uihdmitx'.
INFO: [IP_Flow 19-1700] Loaded user IP repository 'g:/v2020/s01/ch26/fpga_prj/uisrc/03_ip/uihdmitx'.
WARNING: [IP_Flow 19-1663] Duplicate IP found for 'xilinx.com:user:uihdmitx:1.0'. The one found in IP location 'g:/v2020/s01/ch26/fpga_prj/uisrc/03_ip/uihdmitx' will take precedence over the same IP in locations: 
   d:/Boards/FEP/fpga_prj/uisrc/03_ip/uiadv7611cfg
   d:/Boards/FEP/fpga_prj/uisrc/03_ip/uihdmitx
INFO: [IP_Flow 19-795] Syncing license key meta-data
WARNING: [filemgmt 56-99] Vivado Synthesis ignores library specification for Verilog or SystemVerilog files. [d:/Boards/FEP/fpga_prj/uisrc/03_ip/uihdmitx/oserdese2_10to1.v:]
WARNING: [filemgmt 56-99] Vivado Synthesis ignores library specification for Verilog or SystemVerilog files. [d:/Boards/FEP/fpga_prj/uisrc/03_ip/uihdmitx/oserdese3_10to1.v:]
WARNING: [filemgmt 56-99] Vivado Synthesis ignores library specification for Verilog or SystemVerilog files. [d:/Boards/FEP/fpga_prj/uisrc/03_ip/uihdmitx/uihdmitx.v:]
current_project project_1
current_project tmp_edit_project
set_property widget {comboBox} [ipgui::get_guiparamspec -name "FAMILY" -component [ipx::current_core] ]
set_property value_validation_type list [ipx::get_user_parameters FAMILY -of_objects [ipx::current_core]]
set_property value_validation_list {UFAMILY 7FAMILY} [ipx::get_user_parameters FAMILY -of_objects [ipx::current_core]]
set_property core_revision 2 [ipx::current_core]
ipx::update_source_project_archive -component [ipx::current_core]
ipx::create_xgui_files [ipx::current_core]
ipx::update_checksums [ipx::current_core]
ipx::save_core [ipx::current_core]
ipx::move_temp_component_back -component [ipx::current_core]
close_project -delete
update_ip_catalog -rebuild -repo_path d:/Boards/FEP/fpga_prj/uisrc/03_ip/uihdmitx
INFO: [IP_Flow 19-725] Reloaded user IP repository 'd:/Boards/FEP/fpga_prj/uisrc/03_ip/uihdmitx'
WARNING: [IP_Flow 19-1663] Duplicate IP found for 'xilinx.com:user:uihdmitx:1.0'. The one found in IP location 'g:/v2020/s01/ch26/fpga_prj/uisrc/03_ip/uihdmitx' will take precedence over the same IP in locations: 
   d:/Boards/FEP/fpga_prj/uisrc/03_ip/uiadv7611cfg
   d:/Boards/FEP/fpga_prj/uisrc/03_ip/uihdmitx
exit
INFO: [Common 17-206] Exiting Vivado at Tue Feb 25 12:25:44 2020...
