
*** Running vivado
    with args -log design_1_uiFDMA_0_0.vds -m64 -product Vivado -mode batch -messageDb vivado.pb -notrace -source design_1_uiFDMA_0_0.tcl



****** Vivado v2021.2 (64-bit)
  **** SW Build 3367213 on Tue Oct 19 02:48:09 MDT 2021
  **** IP Build 3369179 on Thu Oct 21 08:25:16 MDT 2021
    ** Copyright 1986-2021 Xilinx, Inc. All Rights Reserved.

source design_1_uiFDMA_0_0.tcl -notrace
INFO: [IP_Flow 19-234] Refreshing IP repositories
WARNING: [IP_Flow 19-1694] Ignoring duplicate Bus Definition IP file 'xilinx.com:user:FDMA:1.0' found within IP repository 'e:/VideoDMA_System'.
File in use: e:/VideoDMA_System/uisrc/03_ip/uifdma/FDMA.xml
File ignored: e:/VideoDMA_System/uisrc/03_ip/uifdmadbuf/FDMA.xml
WARNING: [IP_Flow 19-1694] Ignoring duplicate Bus Abstraction IP file 'xilinx.com:user:FDMA_rtl:1.0' found within IP repository 'e:/VideoDMA_System'.
File in use: e:/VideoDMA_System/uisrc/03_ip/uifdma/FDMA_rtl.xml
File ignored: e:/VideoDMA_System/uisrc/03_ip/uifdmadbuf/FDMA_rtl.xml
INFO: [IP_Flow 19-1700] Loaded user IP repository 'e:/VideoDMA_System'.
WARNING: [IP_Flow 19-3656] If you move the project, the path for repository 'e:/VideoDMA_System' may become invalid. A better location for the repository would be in a path adjacent to the project. (Current project location is 'e:/VideoDMA_System/VideoDMA_Project/VideoDMA_Project.runs/design_1_uiFDMA_0_0_synth_1'.)
INFO: [IP_Flow 19-2313] Loaded Vivado IP repository 'F:/Xilinx/Vivado/2021.2/data/ip'.
Command: synth_design -top design_1_uiFDMA_0_0 -part xc7z020clg484-2 -mode out_of_context
Starting synth_design
Attempting to get a license for feature 'Synthesis' and/or device 'xc7z020'
INFO: [Common 17-349] Got license for feature 'Synthesis' and/or device 'xc7z020'
INFO: [Device 21-403] Loading part xc7z020clg484-2
INFO: [Synth 8-7079] Multithreading enabled for synth_design using a maximum of 2 processes.
INFO: [Synth 8-7078] Launching helper process for spawning children vivado processes
INFO: [Synth 8-7075] Helper process launched with PID 12680
---------------------------------------------------------------------------------
Starting RTL Elaboration : Time (s): cpu = 00:00:04 ; elapsed = 00:00:10 . Memory (MB): peak = 1644.688 ; gain = 0.000
---------------------------------------------------------------------------------
INFO: [Synth 8-6157] synthesizing module 'design_1_uiFDMA_0_0' [e:/VideoDMA_System/VideoDMA_Project/VideoDMA_Project.gen/sources_1/bd/design_1/ip/design_1_uiFDMA_0_0/synth/design_1_uiFDMA_0_0.v:58]
INFO: [Synth 8-6157] synthesizing module 'uiFDMA' [e:/VideoDMA_System/VideoDMA_Project/VideoDMA_Project.gen/sources_1/bd/design_1/ipshared/4624/uiFDMA.v:24]
WARNING: [Synth 8-6104] Input port 'bit_depth' has an internal driver [e:/VideoDMA_System/VideoDMA_Project/VideoDMA_Project.gen/sources_1/bd/design_1/ipshared/4624/uiFDMA.v:99]
WARNING: [Synth 8-6104] Input port 'bit_depth' has an internal driver [e:/VideoDMA_System/VideoDMA_Project/VideoDMA_Project.gen/sources_1/bd/design_1/ipshared/4624/uiFDMA.v:99]
WARNING: [Synth 8-3848] Net M_AXI_WID in module/entity uiFDMA does not have driver. [e:/VideoDMA_System/VideoDMA_Project/VideoDMA_Project.gen/sources_1/bd/design_1/ipshared/4624/uiFDMA.v:63]
INFO: [Synth 8-6155] done synthesizing module 'uiFDMA' (1#1) [e:/VideoDMA_System/VideoDMA_Project/VideoDMA_Project.gen/sources_1/bd/design_1/ipshared/4624/uiFDMA.v:24]
INFO: [Synth 8-6155] done synthesizing module 'design_1_uiFDMA_0_0' (2#1) [e:/VideoDMA_System/VideoDMA_Project/VideoDMA_Project.gen/sources_1/bd/design_1/ip/design_1_uiFDMA_0_0/synth/design_1_uiFDMA_0_0.v:58]
WARNING: [Synth 8-7129] Port M_AXI_WID[0] in module uiFDMA is either unconnected or has no load
WARNING: [Synth 8-7129] Port M_AXI_BID[0] in module uiFDMA is either unconnected or has no load
WARNING: [Synth 8-7129] Port M_AXI_BRESP[1] in module uiFDMA is either unconnected or has no load
WARNING: [Synth 8-7129] Port M_AXI_BRESP[0] in module uiFDMA is either unconnected or has no load
WARNING: [Synth 8-7129] Port M_AXI_BVALID in module uiFDMA is either unconnected or has no load
WARNING: [Synth 8-7129] Port M_AXI_RID[0] in module uiFDMA is either unconnected or has no load
WARNING: [Synth 8-7129] Port M_AXI_RRESP[1] in module uiFDMA is either unconnected or has no load
WARNING: [Synth 8-7129] Port M_AXI_RRESP[0] in module uiFDMA is either unconnected or has no load
WARNING: [Synth 8-7129] Port M_AXI_RLAST in module uiFDMA is either unconnected or has no load
---------------------------------------------------------------------------------
Finished RTL Elaboration : Time (s): cpu = 00:00:04 ; elapsed = 00:00:16 . Memory (MB): peak = 1644.688 ; gain = 0.000
---------------------------------------------------------------------------------
---------------------------------------------------------------------------------
Start Handling Custom Attributes
---------------------------------------------------------------------------------
---------------------------------------------------------------------------------
Finished Handling Custom Attributes : Time (s): cpu = 00:00:05 ; elapsed = 00:00:17 . Memory (MB): peak = 1644.688 ; gain = 0.000
---------------------------------------------------------------------------------
---------------------------------------------------------------------------------
Finished RTL Optimization Phase 1 : Time (s): cpu = 00:00:05 ; elapsed = 00:00:17 . Memory (MB): peak = 1644.688 ; gain = 0.000
---------------------------------------------------------------------------------
Netlist sorting complete. Time (s): cpu = 00:00:00 ; elapsed = 00:00:00.010 . Memory (MB): peak = 1644.688 ; gain = 0.000
INFO: [Project 1-570] Preparing netlist for logic optimization

Processing XDC Constraints
Initializing timing engine
Completed Processing XDC Constraints

Netlist sorting complete. Time (s): cpu = 00:00:00 ; elapsed = 00:00:00.001 . Memory (MB): peak = 1644.688 ; gain = 0.000
INFO: [Project 1-111] Unisim Transformation Summary:
No Unisim elements were transformed.

Constraint Validation Runtime : Time (s): cpu = 00:00:00 ; elapsed = 00:00:00.055 . Memory (MB): peak = 1644.688 ; gain = 0.000
---------------------------------------------------------------------------------
Finished Constraint Validation : Time (s): cpu = 00:00:11 ; elapsed = 00:00:25 . Memory (MB): peak = 1644.688 ; gain = 0.000
---------------------------------------------------------------------------------
---------------------------------------------------------------------------------
Start Loading Part and Timing Information
---------------------------------------------------------------------------------
Loading part: xc7z020clg484-2
---------------------------------------------------------------------------------
Finished Loading Part and Timing Information : Time (s): cpu = 00:00:11 ; elapsed = 00:00:25 . Memory (MB): peak = 1644.688 ; gain = 0.000
---------------------------------------------------------------------------------
---------------------------------------------------------------------------------
Start Applying 'set_property' XDC Constraints
---------------------------------------------------------------------------------
---------------------------------------------------------------------------------
Finished applying 'set_property' XDC Constraints : Time (s): cpu = 00:00:11 ; elapsed = 00:00:25 . Memory (MB): peak = 1644.688 ; gain = 0.000
---------------------------------------------------------------------------------
---------------------------------------------------------------------------------
Finished RTL Optimization Phase 2 : Time (s): cpu = 00:00:11 ; elapsed = 00:00:26 . Memory (MB): peak = 1644.688 ; gain = 0.000
---------------------------------------------------------------------------------
---------------------------------------------------------------------------------
Start RTL Component Statistics 
---------------------------------------------------------------------------------
Detailed RTL Component Info : 
+---Adders : 
	   3 Input   16 Bit       Adders := 2     
	   2 Input    9 Bit       Adders := 2     
	   2 Input    8 Bit       Adders := 2     
+---Registers : 
	               32 Bit    Registers := 2     
	               16 Bit    Registers := 2     
	                9 Bit    Registers := 4     
	                1 Bit    Registers := 14    
+---Muxes : 
	   2 Input   32 Bit        Muxes := 2     
	   2 Input   16 Bit        Muxes := 2     
	   2 Input    1 Bit        Muxes := 4     
---------------------------------------------------------------------------------
Finished RTL Component Statistics 
---------------------------------------------------------------------------------
---------------------------------------------------------------------------------
Start Part Resource Summary
---------------------------------------------------------------------------------
Part Resources:
DSPs: 220 (col length:60)
BRAMs: 280 (col length: RAMB18 60 RAMB36 30)
---------------------------------------------------------------------------------
Finished Part Resource Summary
---------------------------------------------------------------------------------
---------------------------------------------------------------------------------
Start Cross Boundary and Area Optimization
---------------------------------------------------------------------------------
WARNING: [Synth 8-7080] Parallel synthesis criteria is not met
INFO: [Synth 8-3917] design design_1_uiFDMA_0_0 has port M_AXI_AWID[0] driven by constant 0
INFO: [Synth 8-3917] design design_1_uiFDMA_0_0 has port M_AXI_AWSIZE[2] driven by constant 0
INFO: [Synth 8-3917] design design_1_uiFDMA_0_0 has port M_AXI_AWSIZE[1] driven by constant 1
INFO: [Synth 8-3917] design design_1_uiFDMA_0_0 has port M_AXI_AWSIZE[0] driven by constant 0
INFO: [Synth 8-3917] design design_1_uiFDMA_0_0 has port M_AXI_AWBURST[1] driven by constant 0
INFO: [Synth 8-3917] design design_1_uiFDMA_0_0 has port M_AXI_AWBURST[0] driven by constant 1
INFO: [Synth 8-3917] design design_1_uiFDMA_0_0 has port M_AXI_AWLOCK driven by constant 0
INFO: [Synth 8-3917] design design_1_uiFDMA_0_0 has port M_AXI_AWCACHE[3] driven by constant 0
INFO: [Synth 8-3917] design design_1_uiFDMA_0_0 has port M_AXI_AWCACHE[2] driven by constant 0
INFO: [Synth 8-3917] design design_1_uiFDMA_0_0 has port M_AXI_AWCACHE[1] driven by constant 1
INFO: [Synth 8-3917] design design_1_uiFDMA_0_0 has port M_AXI_AWCACHE[0] driven by constant 0
INFO: [Synth 8-3917] design design_1_uiFDMA_0_0 has port M_AXI_AWPROT[2] driven by constant 0
INFO: [Synth 8-3917] design design_1_uiFDMA_0_0 has port M_AXI_AWPROT[1] driven by constant 0
INFO: [Synth 8-3917] design design_1_uiFDMA_0_0 has port M_AXI_AWPROT[0] driven by constant 0
INFO: [Synth 8-3917] design design_1_uiFDMA_0_0 has port M_AXI_AWQOS[3] driven by constant 0
INFO: [Synth 8-3917] design design_1_uiFDMA_0_0 has port M_AXI_AWQOS[2] driven by constant 0
INFO: [Synth 8-3917] design design_1_uiFDMA_0_0 has port M_AXI_AWQOS[1] driven by constant 0
INFO: [Synth 8-3917] design design_1_uiFDMA_0_0 has port M_AXI_AWQOS[0] driven by constant 0
INFO: [Synth 8-3917] design design_1_uiFDMA_0_0 has port M_AXI_WSTRB[3] driven by constant 1
INFO: [Synth 8-3917] design design_1_uiFDMA_0_0 has port M_AXI_WSTRB[2] driven by constant 1
INFO: [Synth 8-3917] design design_1_uiFDMA_0_0 has port M_AXI_WSTRB[1] driven by constant 1
INFO: [Synth 8-3917] design design_1_uiFDMA_0_0 has port M_AXI_WSTRB[0] driven by constant 1
INFO: [Synth 8-3917] design design_1_uiFDMA_0_0 has port M_AXI_BREADY driven by constant 1
INFO: [Synth 8-3917] design design_1_uiFDMA_0_0 has port M_AXI_ARID[0] driven by constant 0
INFO: [Synth 8-3917] design design_1_uiFDMA_0_0 has port M_AXI_ARSIZE[2] driven by constant 0
INFO: [Synth 8-3917] design design_1_uiFDMA_0_0 has port M_AXI_ARSIZE[1] driven by constant 1
INFO: [Synth 8-3917] design design_1_uiFDMA_0_0 has port M_AXI_ARSIZE[0] driven by constant 0
INFO: [Synth 8-3917] design design_1_uiFDMA_0_0 has port M_AXI_ARBURST[1] driven by constant 0
INFO: [Synth 8-3917] design design_1_uiFDMA_0_0 has port M_AXI_ARBURST[0] driven by constant 1
INFO: [Synth 8-3917] design design_1_uiFDMA_0_0 has port M_AXI_ARLOCK driven by constant 0
INFO: [Synth 8-3917] design design_1_uiFDMA_0_0 has port M_AXI_ARCACHE[3] driven by constant 0
INFO: [Synth 8-3917] design design_1_uiFDMA_0_0 has port M_AXI_ARCACHE[2] driven by constant 0
INFO: [Synth 8-3917] design design_1_uiFDMA_0_0 has port M_AXI_ARCACHE[1] driven by constant 1
INFO: [Synth 8-3917] design design_1_uiFDMA_0_0 has port M_AXI_ARCACHE[0] driven by constant 0
INFO: [Synth 8-3917] design design_1_uiFDMA_0_0 has port M_AXI_ARPROT[2] driven by constant 0
INFO: [Synth 8-3917] design design_1_uiFDMA_0_0 has port M_AXI_ARPROT[1] driven by constant 0
INFO: [Synth 8-3917] design design_1_uiFDMA_0_0 has port M_AXI_ARPROT[0] driven by constant 0
INFO: [Synth 8-3917] design design_1_uiFDMA_0_0 has port M_AXI_ARQOS[3] driven by constant 0
INFO: [Synth 8-3917] design design_1_uiFDMA_0_0 has port M_AXI_ARQOS[2] driven by constant 0
INFO: [Synth 8-3917] design design_1_uiFDMA_0_0 has port M_AXI_ARQOS[1] driven by constant 0
INFO: [Synth 8-3917] design design_1_uiFDMA_0_0 has port M_AXI_ARQOS[0] driven by constant 0
WARNING: [Synth 8-7129] Port M_AXI_WID[0] in module design_1_uiFDMA_0_0 is either unconnected or has no load
WARNING: [Synth 8-7129] Port M_AXI_BID[0] in module design_1_uiFDMA_0_0 is either unconnected or has no load
WARNING: [Synth 8-7129] Port M_AXI_BRESP[1] in module design_1_uiFDMA_0_0 is either unconnected or has no load
WARNING: [Synth 8-7129] Port M_AXI_BRESP[0] in module design_1_uiFDMA_0_0 is either unconnected or has no load
WARNING: [Synth 8-7129] Port M_AXI_BVALID in module design_1_uiFDMA_0_0 is either unconnected or has no load
WARNING: [Synth 8-7129] Port M_AXI_RID[0] in module design_1_uiFDMA_0_0 is either unconnected or has no load
WARNING: [Synth 8-7129] Port M_AXI_RRESP[1] in module design_1_uiFDMA_0_0 is either unconnected or has no load
WARNING: [Synth 8-7129] Port M_AXI_RRESP[0] in module design_1_uiFDMA_0_0 is either unconnected or has no load
WARNING: [Synth 8-7129] Port M_AXI_RLAST in module design_1_uiFDMA_0_0 is either unconnected or has no load
---------------------------------------------------------------------------------
Finished Cross Boundary and Area Optimization : Time (s): cpu = 00:00:12 ; elapsed = 00:00:28 . Memory (MB): peak = 1644.688 ; gain = 0.000
---------------------------------------------------------------------------------
---------------------------------------------------------------------------------
Start Applying XDC Timing Constraints
---------------------------------------------------------------------------------
---------------------------------------------------------------------------------
Finished Applying XDC Timing Constraints : Time (s): cpu = 00:00:18 ; elapsed = 00:00:34 . Memory (MB): peak = 1644.688 ; gain = 0.000
---------------------------------------------------------------------------------
---------------------------------------------------------------------------------
Start Timing Optimization
---------------------------------------------------------------------------------
---------------------------------------------------------------------------------
Finished Timing Optimization : Time (s): cpu = 00:00:18 ; elapsed = 00:00:34 . Memory (MB): peak = 1644.688 ; gain = 0.000
---------------------------------------------------------------------------------
---------------------------------------------------------------------------------
Start Technology Mapping
---------------------------------------------------------------------------------
---------------------------------------------------------------------------------
Finished Technology Mapping : Time (s): cpu = 00:00:18 ; elapsed = 00:00:34 . Memory (MB): peak = 1644.688 ; gain = 0.000
---------------------------------------------------------------------------------
---------------------------------------------------------------------------------
Start IO Insertion
---------------------------------------------------------------------------------
---------------------------------------------------------------------------------
Start Flattening Before IO Insertion
---------------------------------------------------------------------------------
---------------------------------------------------------------------------------
Finished Flattening Before IO Insertion
---------------------------------------------------------------------------------
---------------------------------------------------------------------------------
Start Final Netlist Cleanup
---------------------------------------------------------------------------------
---------------------------------------------------------------------------------
Finished Final Netlist Cleanup
---------------------------------------------------------------------------------
---------------------------------------------------------------------------------
Finished IO Insertion : Time (s): cpu = 00:00:21 ; elapsed = 00:00:38 . Memory (MB): peak = 1644.688 ; gain = 0.000
---------------------------------------------------------------------------------
---------------------------------------------------------------------------------
Start Renaming Generated Instances
---------------------------------------------------------------------------------
---------------------------------------------------------------------------------
Finished Renaming Generated Instances : Time (s): cpu = 00:00:21 ; elapsed = 00:00:38 . Memory (MB): peak = 1644.688 ; gain = 0.000
---------------------------------------------------------------------------------
---------------------------------------------------------------------------------
Start Rebuilding User Hierarchy
---------------------------------------------------------------------------------
---------------------------------------------------------------------------------
Finished Rebuilding User Hierarchy : Time (s): cpu = 00:00:21 ; elapsed = 00:00:38 . Memory (MB): peak = 1644.688 ; gain = 0.000
---------------------------------------------------------------------------------
---------------------------------------------------------------------------------
Start Renaming Generated Ports
---------------------------------------------------------------------------------
---------------------------------------------------------------------------------
Finished Renaming Generated Ports : Time (s): cpu = 00:00:21 ; elapsed = 00:00:38 . Memory (MB): peak = 1644.688 ; gain = 0.000
---------------------------------------------------------------------------------
---------------------------------------------------------------------------------
Start Handling Custom Attributes
---------------------------------------------------------------------------------
---------------------------------------------------------------------------------
Finished Handling Custom Attributes : Time (s): cpu = 00:00:21 ; elapsed = 00:00:38 . Memory (MB): peak = 1644.688 ; gain = 0.000
---------------------------------------------------------------------------------
---------------------------------------------------------------------------------
Start Renaming Generated Nets
---------------------------------------------------------------------------------
---------------------------------------------------------------------------------
Finished Renaming Generated Nets : Time (s): cpu = 00:00:21 ; elapsed = 00:00:38 . Memory (MB): peak = 1644.688 ; gain = 0.000
---------------------------------------------------------------------------------
---------------------------------------------------------------------------------
Start Writing Synthesis Report
---------------------------------------------------------------------------------

Report BlackBoxes: 
+-+--------------+----------+
| |BlackBox name |Instances |
+-+--------------+----------+
+-+--------------+----------+

Report Cell Usage: 
+------+-------+------+
|      |Cell   |Count |
+------+-------+------+
|1     |CARRY4 |    34|
|2     |LUT1   |     8|
|3     |LUT2   |    10|
|4     |LUT3   |    32|
|5     |LUT4   |    87|
|6     |LUT5   |    36|
|7     |LUT6   |    29|
|8     |FDRE   |   176|
|9     |FDSE   |     2|
+------+-------+------+
---------------------------------------------------------------------------------
Finished Writing Synthesis Report : Time (s): cpu = 00:00:21 ; elapsed = 00:00:38 . Memory (MB): peak = 1644.688 ; gain = 0.000
---------------------------------------------------------------------------------
Synthesis finished with 0 errors, 0 critical warnings and 10 warnings.
Synthesis Optimization Runtime : Time (s): cpu = 00:00:16 ; elapsed = 00:00:35 . Memory (MB): peak = 1644.688 ; gain = 0.000
Synthesis Optimization Complete : Time (s): cpu = 00:00:22 ; elapsed = 00:00:38 . Memory (MB): peak = 1644.688 ; gain = 0.000
INFO: [Project 1-571] Translating synthesized netlist
Netlist sorting complete. Time (s): cpu = 00:00:00 ; elapsed = 00:00:00.010 . Memory (MB): peak = 1644.688 ; gain = 0.000
INFO: [Netlist 29-17] Analyzing 34 Unisim elements for replacement
INFO: [Netlist 29-28] Unisim Transformation completed in 0 CPU seconds
INFO: [Project 1-570] Preparing netlist for logic optimization
INFO: [Opt 31-138] Pushed 0 inverter(s) to 0 load pin(s).
Netlist sorting complete. Time (s): cpu = 00:00:00 ; elapsed = 00:00:00 . Memory (MB): peak = 1644.688 ; gain = 0.000
INFO: [Project 1-111] Unisim Transformation Summary:
No Unisim elements were transformed.

Synth Design complete, checksum: 265e22f4
INFO: [Common 17-83] Releasing license: Synthesis
62 Infos, 25 Warnings, 0 Critical Warnings and 0 Errors encountered.
synth_design completed successfully
synth_design: Time (s): cpu = 00:00:24 ; elapsed = 00:00:43 . Memory (MB): peak = 1644.688 ; gain = 0.000
INFO: [Common 17-1381] The checkpoint 'E:/VideoDMA_System/VideoDMA_Project/VideoDMA_Project.runs/design_1_uiFDMA_0_0_synth_1/design_1_uiFDMA_0_0.dcp' has been generated.
INFO: [Coretcl 2-1648] Added synthesis output to IP cache for IP design_1_uiFDMA_0_0, cache-ID = e3e98d0c16a8ea8c
INFO: [Common 17-1381] The checkpoint 'E:/VideoDMA_System/VideoDMA_Project/VideoDMA_Project.runs/design_1_uiFDMA_0_0_synth_1/design_1_uiFDMA_0_0.dcp' has been generated.
INFO: [runtcl-4] Executing : report_utilization -file design_1_uiFDMA_0_0_utilization_synth.rpt -pb design_1_uiFDMA_0_0_utilization_synth.pb
INFO: [Common 17-206] Exiting Vivado at Mon Sep  9 15:47:11 2024...
